0 0 0 0 0 0
0 0 0 0 0 0
0 0 0 0 0 0
0 0 0 0 0 0
0 0 0 0 0 0
0 0 0 0 0 0
0 0 0 0 0 0
0 0 0 0 0 0
0 0 0 0 0 0
0 0 0 0 0 0
-11000.9 0 0 0 0 0
-11002.3 0 0 0 0 0
-11003.7 0 0 0 0 0
-11005.2 0 0 0 0 0
-11006.6 0 0 0 0 0
-11008 0 0 0 0 0
-11009.4 0 0 0 0 0
-11010.9 0 0 0 0 0
-11012.3 0 0 0 0 0
-11013.7 0 0 0 0 0
-11015.1 0 0 0 0 0
-11016.6 0 0 0 0 0
-11018 0 0 0 0 0
-11019.4 0 0 0 0 0
-11020.8 0 0 0 0 0
-11022.3 0 0 0 0 0
-11023.7 0 0 0 0 0
-11025.1 0 0 0 0 0
-11026.5 0 0 0 0 0
-11028 0 0 0 0 0
-11029.4 0 0 0 0 0
-11030.8 0 0 0 0 0
-11032.2 0 0 0 0 0
-11033.6 0 0 0 0 0
-11035.1 0 0 0 0 0
-11036.5 0 0 0 0 0
-11037.9 0 0 0 0 0
-11039.3 0 0 0 0 0
-11040.8 0 0 0 0 0
-11042.2 0 0 0 0 0
-11043.6 0 0 0 0 0
-11045 0 0 0 0 0
-11046.4 0 0 0 0 0
-11047.9 0 0 0 0 0
-11049.3 0 0 0 0 0
-11050.7 0 0 0 0 0
-11052.1 0 0 0 0 0
-11053.5 0 0 0 0 0
-11054.9 0 0 0 0 0
-11056.4 0 0 0 0 0
-11057.8 0 0 0 0 0
-11059.2 0 0 0 0 0
-11060.6 0 0 0 0 0
-11062 0 0 0 0 0
-11063.4 0 0 0 0 0
-11064.8 0 0 0 0 0
-11066.2 0 0 0 0 0
-11067.7 0 0 0 0 0
-11069.1 0 0 0 0 0
-11070.5 0 0 0 0 0
-11071.9 0 0 0 0 0
-11073.3 0 0 0 0 0
-11074.7 0 0 0 0 0
-11076.1 0 0 0 0 0
-11077.5 0 0 0 0 0
-11078.9 0 0 0 0 0
-11080.3 0 0 0 0 0
-11081.7 0 0 0 0 0
-11083.1 0 0 0 0 0
-11084.5 0 0 0 0 0
-11085.9 0 0 0 0 0
-11087.3 0 0 0 0 0
-11088.7 0 0 0 0 0
-11090.1 0 0 0 0 0
-11091.5 0 0 0 0 0
-11092.9 0 0 0 0 0
-11094.3 0 0 0 0 0
-11095.7 0 0 0 0 0
-11097.1 0 0 0 0 0
-11098.5 0 0 0 0 0
-11099.9 0 0 0 0 0
-11101.3 0 0 0 0 0
-11102.7 0 0 0 0 0
-11104 0 0 0 0 0
-11105.4 0 0 0 0 0
-11106.8 0 0 0 0 0
-11108.2 0 0 0 0 0
-11109.6 0 0 0 0 0
-11111 0 0 0 0 0
-11112.4 0 0 0 0 0
-11113.7 0 0 0 0 0
-11115.1 0 0 0 0 0
-11116.5 0 0 0 0 0
-11117.9 0 0 0 0 0
-11119.2 0 0 0 0 0
-11120.6 0 0 0 0 0
-11122 0 0 0 0 0
-11123.4 0 0 0 0 0
-11124.7 0 0 0 0 0
-11126.1 0 0 0 0 0
-11127.5 0 0 0 0 0
-11128.8 0 0 0 0 0
-11130.2 0 0 0 0 0
-11131.6 0 0 0 0 0
-11132.9 0 0 0 0 0
-11134.3 0 0 0 0 0
-11135.7 0 0 0 0 0
-11137 0 0 0 0 0
-11138.4 0 0 0 0 0
-11139.7 0 0 0 0 0
-11141.1 0 0 0 0 0
-11142.5 0 0 0 0 0
-11143.8 0 0 0 0 0
-11145.2 0 0 0 0 0
-11146.5 0 0 0 0 0
-11147.9 0 0 0 0 0
-11149.2 0 0 0 0 0
-11150.6 0 0 0 0 0
-11151.9 0 0 0 0 0
-11153.2 0 0 0 0 0
-11154.6 0 0 0 0 0
-11155.9 0 0 0 0 0
-11157.3 0 0 0 0 0
-11158.6 0 0 0 0 0
-11159.9 0 0 0 0 0
-11161.3 0 0 0 0 0
-11162.6 0 0 0 0 0
-11163.9 0 0 0 0 0
-11165.3 0 0 0 0 0
-11166.6 0 0 0 0 0
-11167.9 0 0 0 0 0
-11169.2 0 0 0 0 0
-11170.5 0 0 0 0 0
-11171.9 0 0 0 0 0
-11173.2 0 0 0 0 0
-11174.5 0 0 0 0 0
-11175.8 0 0 0 0 0
-11177.1 0 0 0 0 0
-11178.4 0 0 0 0 0
-11179.8 0 0 0 0 0
-11181.1 0 0 0 0 0
-11182.4 0 0 0 0 0
-11183.7 0 0 0 0 0
-11185 0 0 0 0 0
-11186.3 0 0 0 0 0
-11187.6 0 0 0 0 0
-11188.9 0 0 0 0 0
-11190.2 0 0 0 0 0
-11191.5 0 0 0 0 0
-11192.8 0 0 0 0 0
-11194 0 0 0 0 0
-11195.3 0 0 0 0 0
-11196.6 0 0 0 0 0
-11197.9 0 0 0 0 0
-11199.2 0 0 0 0 0
-11200.5 0 0 0 0 0
-11201.7 0 0 0 0 0
-11203 0 0 0 0 0
-11204.3 0 0 0 0 0
-11205.6 0 0 0 0 0
-11206.8 0 0 0 0 0
-11208.1 0 0 0 0 0
-11209.4 0 0 0 0 0
-11210.6 0 0 0 0 0
-11211.9 0 0 0 0 0
-11213.1 0 0 0 0 0
-11214.4 0 0 0 0 0
-11215.7 0 0 0 0 0
-11216.9 0 0 0 0 0
-11218.2 0 0 0 0 0
-11219.4 0 0 0 0 0
-11220.7 0 0 0 0 0
-11221.9 0 0 0 0 0
-11223.1 0 0 0 0 0
-11224.4 0 0 0 0 0
-11225.6 0 0 0 0 0
-11226.9 0 0 0 0 0
-11228.1 0 0 0 0 0
-11229.3 0 0 0 0 0
-11230.6 0 0 0 0 0
-11231.8 0 0 0 0 0
-11233 0 0 0 0 0
-11234.2 0 0 0 0 0
-11235.4 0 0 0 0 0
-11236.7 0 0 0 0 0
-11237.9 0 0 0 0 0
-11239.1 0 0 0 0 0
-11240.3 0 0 0 0 0
-11241.5 0 0 0 0 0
-11242.7 0 0 0 0 0
-11243.9 0 0 0 0 0
-11245.1 0 0 0 0 0
-11246.3 0 0 0 0 0
-11247.5 0 0 0 0 0
-11248.7 0 0 0 0 0
-11249.9 0 0 0 0 0
-11251.1 0 0 0 0 0
-11252.3 0 0 0 0 0
-11253.5 0 0 0 0 0
-11254.6 0 0 0 0 0
-11255.8 0 0 0 0 0
-11257 0 0 0 0 0
-11258.2 0 0 0 0 0
-11259.3 0 0 0 0 0
-11260.5 0 0 0 0 0
-11261.7 0 0 0 0 0
-11262.8 0 0 0 0 0
-11264 0 0 0 0 0
-11265.1 0 0 0 0 0
-11266.3 0 0 0 0 0
-11267.5 0 0 0 0 0
-11268.6 0 0 0 0 0
-11269.8 0 0 0 0 0
-11270.9 0 0 0 0 0
-11272 0 0 0 0 0
-11273.2 0 0 0 0 0
-11274.3 0 0 0 0 0
-11275.4 0 0 0 0 0
-11276.6 0 0 0 0 0
-11277.7 0 0 0 0 0
-11278.8 0 0 0 0 0
-11280 0 0 0 0 0
-11281.1 0 0 0 0 0
-11282.2 0 0 0 0 0
-11283.3 0 0 0 0 0
-11284.4 0 0 0 0 0
-11285.5 0 0 0 0 0
-11286.6 0 0 0 0 0
-11287.7 0 0 0 0 0
-11288.8 0 0 0 0 0
-11289.9 0 0 0 0 0
-11291 0 0 0 0 0
-11292.1 0 0 0 0 0
-11293.2 0 0 0 0 0
-11294.3 0 0 0 0 0
-11295.4 0 0 0 0 0
-11296.5 0 0 0 0 0
-11297.5 0 0 0 0 0
-11298.6 0 0 0 0 0
-11299.7 0 0 0 0 0
-11300.8 0 0 0 0 0
-11301.8 0 0 0 0 0
-11302.9 0 0 0 0 0
-11303.9 0 0 0 0 0
-11305 0 0 0 0 0
-11306.1 0 0 0 0 0
-11307.1 0 0 0 0 0
-11308.1 0 0 0 0 0
-11309.2 0 0 0 0 0
-11310.2 0 0 0 0 0
-11311.3 0 0 0 0 0
-11312.3 0 0 0 0 0
-11313.3 0 0 0 0 0
-11314.4 0 0 0 0 0
-11315.4 0 0 0 0 0
-11316.4 0 0 0 0 0
-11317.4 0 0 0 0 0
-11318.5 0 0 0 0 0
-11319.5 0 0 0 0 0
-11320.5 0 0 0 0 0
-11321.5 0 0 0 0 0
-11322.5 0 0 0 0 0
-11323.5 0 0 0 0 0
-11324.5 0 0 0 0 0
-11325.5 0 0 0 0 0
-11326.5 0 0 0 0 0
-11327.5 0 0 0 0 0
-11328.4 0 0 0 0 0
-11329.4 0 0 0 0 0
-11330.4 0 0 0 0 0
-11331.4 0 0 0 0 0
-11332.3 0 0 0 0 0
-11333.3 0 0 0 0 0
-11334.3 0 0 0 0 0
-11335.2 0 0 0 0 0
-11336.2 0 0 0 0 0
-11337.2 0 0 0 0 0
-11338.1 0 0 0 0 0
-11339.1 0 0 0 0 0
-11340 0 0 0 0 0
-11340.9 0 0 0 0 0
-11341.9 0 0 0 0 0
-11342.8 0 0 0 0 0
-11343.7 0 0 0 0 0
-11344.7 0 0 0 0 0
-11345.6 0 0 0 0 0
-11346.5 0 0 0 0 0
-11347.4 0 0 0 0 0
-11348.4 0 0 0 0 0
-11349.3 0 0 0 0 0
-11350.2 0 0 0 0 0
-11351.1 0 0 0 0 0
-11352 0 0 0 0 0
-11352.9 0 0 0 0 0
-11353.8 0 0 0 0 0
-11354.7 0 0 0 0 0
-11355.5 0 0 0 0 0
-11356.4 0 0 0 0 0
-11357.3 0 0 0 0 0
-11358.2 0 0 0 0 0
-11359.1 0 0 0 0 0
-11359.9 0 0 0 0 0
-11360.8 0 0 0 0 0
-11361.6 0 0 0 0 0
-11362.5 0 0 0 0 0
-11363.4 0 0 0 0 0
-11364.2 0 0 0 0 0
-11365.1 0 0 0 0 0
-11365.9 0 0 0 0 0
-11366.7 0 0 0 0 0
-11367.6 0 0 0 0 0
-11368.4 0 0 0 0 0
-11369.2 0 0 0 0 0
-11370.1 0 0 0 0 0
-11370.9 0 0 0 0 0
-11371.7 0 0 0 0 0
-11372.5 0 0 0 0 0
-11373.3 0 0 0 0 0
-11374.1 0 0 0 0 0
-11374.9 0 0 0 0 0
-11375.7 0 0 0 0 0
-11376.5 0 0 0 0 0
-11377.3 0 0 0 0 0
-11378.1 0 0 0 0 0
-11378.9 0 0 0 0 0
-11379.7 0 0 0 0 0
-11380.5 0 0 0 0 0
-11381.2 0 0 0 0 0
-11382 0 0 0 0 0
-11382.8 0 0 0 0 0
-11383.5 0 0 0 0 0
-11384.3 0 0 0 0 0
-11385.1 0 0 0 0 0
-11385.8 0 0 0 0 0
-11386.5 0 0 0 0 0
-11387.3 0 0 0 0 0
-11388 0 0 0 0 0
-11388.8 0 0 0 0 0
-11389.5 0 0 0 0 0
-11390.2 0 0 0 0 0
-11391 0 0 0 0 0
-11391.7 0 0 0 0 0
-11392.4 0 0 0 0 0
-11393.1 0 0 0 0 0
-11393.8 0 0 0 0 0
-11394.5 0 0 0 0 0
-11395.2 0 0 0 0 0
-11395.9 0 0 0 0 0
-11396.6 0 0 0 0 0
-11397.3 0 0 0 0 0
-11398 0 0 0 0 0
-11398.7 0 0 0 0 0
-11399.3 0 0 0 0 0
-11400 0 0 0 0 0
-11400.7 0 0 0 0 0
-11401.3 0 0 0 0 0
-11402 0 0 0 0 0
-11402.7 0 0 0 0 0
-11403.3 0 0 0 0 0
-11404 0 0 0 0 0
-11404.6 0 0 0 0 0
-11405.3 0 0 0 0 0
-11405.9 0 0 0 0 0
-11406.5 0 0 0 0 0
-11407.2 0 0 0 0 0
-11407.8 0 0 0 0 0
-11408.4 0 0 0 0 0
-11409 0 0 0 0 0
-11409.6 0 0 0 0 0
-11410.2 0 0 0 0 0
-11410.8 0 0 0 0 0
-11411.4 0 0 0 0 0
-11412 0 0 0 0 0
-11412.6 0 0 0 0 0
-11413.2 0 0 0 0 0
-11413.8 0 0 0 0 0
-11414.4 0 0 0 0 0
-11415 0 0 0 0 0
-11415.5 0 0 0 0 0
-11416.1 0 0 0 0 0
-11416.7 0 0 0 0 0
-11417.2 0 0 0 0 0
-11417.8 0 0 0 0 0
-11418.3 0 0 0 0 0
-11418.9 0 0 0 0 0
-11419.4 0 0 0 0 0
-11420 0 0 0 0 0
-11420.5 0 0 0 0 0
-11421 0 0 0 0 0
-11421.6 0 0 0 0 0
-11422.1 0 0 0 0 0
-11422.6 0 0 0 0 0
-11423.1 0 0 0 0 0
-11423.6 0 0 0 0 0
-11424.1 0 0 0 0 0
-11424.6 0 0 0 0 0
-11425.1 0 0 0 0 0
-11425.6 0 0 0 0 0
-11426.1 0 0 0 0 0
-11426.6 0 0 0 0 0
-11427.1 0 0 0 0 0
-11427.6 0 0 0 0 0
-11428 0 0 0 0 0
-11428.5 0 0 0 0 0
-11429 0 0 0 0 0
-11429.4 0 0 0 0 0
-11429.9 0 0 0 0 0
-11430.3 0 0 0 0 0
-11430.8 0 0 0 0 0
-11431.2 0 0 0 0 0
-11431.7 0 0 0 0 0
-11432.1 0 0 0 0 0
-11432.5 0 0 0 0 0
-11433 0 0 0 0 0
-11433.4 0 0 0 0 0
-11433.8 0 0 0 0 0
-11434.2 0 0 0 0 0
-11434.6 0 0 0 0 0
-11435 0 0 0 0 0
-11435.4 0 0 0 0 0
-11435.8 0 0 0 0 0
-11436.2 0 0 0 0 0
-11436.6 0 0 0 0 0
-11437 0 0 0 0 0
-11437.4 0 0 0 0 0
-11437.7 0 0 0 0 0
-11438.1 0 0 0 0 0
-11438.5 0 0 0 0 0
-11438.8 0 0 0 0 0
-11439.2 0 0 0 0 0
-11439.5 0 0 0 0 0
-11439.9 0 0 0 0 0
-11440.2 0 0 0 0 0
-11440.6 0 0 0 0 0
-11440.9 0 0 0 0 0
-11441.2 0 0 0 0 0
-11441.6 0 0 0 0 0
-11441.9 0 0 0 0 0
-11442.2 0 0 0 0 0
-11442.5 0 0 0 0 0
-11442.8 0 0 0 0 0
-11443.1 0 0 0 0 0
-11443.4 0 0 0 0 0
-11443.7 0 0 0 0 0
-11444 0 0 0 0 0
-11444.3 0 0 0 0 0
-11444.6 0 0 0 0 0
-11444.9 0 0 0 0 0
-11445.1 0 0 0 0 0
-11445.4 0 0 0 0 0
-11445.7 0 0 0 0 0
-11445.9 0 0 0 0 0
-11446.2 0 0 0 0 0
-11446.4 0 0 0 0 0
-11446.7 0 0 0 0 0
-11446.9 0 0 0 0 0
-11447.2 0 0 0 0 0
-11447.4 0 0 0 0 0
-11447.6 0 0 0 0 0
-11447.9 0 0 0 0 0
-11448.1 0 0 0 0 0
-11448.3 0 0 0 0 0
-11448.5 0 0 0 0 0
-11448.7 0 0 0 0 0
-11448.9 0 0 0 0 0
-11449.1 0 0 0 0 0
-11449.3 0 0 0 0 0
-11449.5 0 0 0 0 0
-11449.7 0 0 0 0 0
-11449.9 0 0 0 0 0
-11450 0 0 0 0 0
-11450.2 0 0 0 0 0
-11450.4 0 0 0 0 0
-11450.5 0 0 0 0 0
-11450.7 0 0 0 0 0
-11450.9 0 0 0 0 0
-11451 0 0 0 0 0
-11451.2 0 0 0 0 0
-11451.3 0 0 0 0 0
-11451.4 0 0 0 0 0
-11451.6 0 0 0 0 0
-11451.7 0 0 0 0 0
-11451.8 0 0 0 0 0
-11451.9 0 0 0 0 0
-11452 0 0 0 0 0
-11452.2 0 0 0 0 0
-11452.3 0 0 0 0 0
-11452.4 0 0 0 0 0
-11452.5 0 0 0 0 0
-11452.6 0 0 0 0 0
-11452.6 0 0 0 0 0
-11452.7 0 0 0 0 0
-11452.8 0 0 0 0 0
-11452.9 0 0 0 0 0
-11452.9 0 0 0 0 0
-11453 0 0 0 0 0
-11453.1 0 0 0 0 0
-11453.1 0 0 0 0 0
-11453.2 0 0 0 0 0
-11453.2 0 0 0 0 0
-11453.3 0 0 0 0 0
-11453.3 0 0 0 0 0
-11453.3 0 0 0 0 0
-11453.4 0 0 0 0 0
-11453.4 0 0 0 0 0
-11453.4 0 0 0 0 0
-11453.4 0 0 0 0 0
-11453.4 0 0 0 0 0
-11453.4 0 0 0 0 0
-11453.4 0 0 0 0 0
-11417.6 0 0 0 0 0
-11292.1 0 0 0 0 0
-11077.1 0 0 0 0 0
-10741.9 0 0 0 0 0
-10341.7 0 0 0 0 0
-9849.42 0 0 0 0 0
-9267.8 0 0 0 0 0
-8596.55 0 0 0 0 0
-7835.72 0 0 0 0 0
-6985.31 0 0 0 0 0
-6045.33 0 0 0 0 0
-5015.78 0 0 0 0 0
-3896.68 0 0 0 0 0
-2688.04 0 0 0 0 0
-1389.87 0 0 0 0 0
-2.18906 0 0 0 0 0
1475 0 0 0 0 0
3041.68 0 0 0 0 0
4697.83 0 0 0 0 0
6443.43 0 0 0 0 0
8278.48 0 0 0 0 0
10202.9 0 0 0 0 0
10546.6 0 0 0 0 0
10546.7 0 0 0 0 0
10546.8 0 0 0 0 0
10547 0 0 0 0 0
10547.1 0 0 0 0 0
10547.2 0 0 0 0 0
10547.3 0 0 0 0 0
10547.5 0 0 0 0 0
10547.6 0 0 0 0 0
10547.7 0 0 0 0 0
10547.9 0 0 0 0 0
10548 0 0 0 0 0
10548.2 0 0 0 0 0
10548.4 0 0 0 0 0
10548.5 0 0 0 0 0
10548.7 0 0 0 0 0
10548.9 0 0 0 0 0
10549 0 0 0 0 0
10549.2 0 0 0 0 0
10549.4 0 0 0 0 0
10549.6 0 0 0 0 0
10549.8 0 0 0 0 0
10550 0 0 0 0 0
10550.2 0 0 0 0 0
10550.4 0 0 0 0 0
10550.6 0 0 0 0 0
10550.8 0 0 0 0 0
10551 0 0 0 0 0
10551.3 0 0 0 0 0
10551.5 0 0 0 0 0
10551.7 0 0 0 0 0
10552 0 0 0 0 0
10552.2 0 0 0 0 0
10552.5 0 0 0 0 0
10552.7 0 0 0 0 0
10553 0 0 0 0 0
10553.2 0 0 0 0 0
10553.5 0 0 0 0 0
10553.8 0 0 0 0 0
10554 0 0 0 0 0
10554.3 0 0 0 0 0
10554.6 0 0 0 0 0
10554.9 0 0 0 0 0
10555.2 0 0 0 0 0
10555.5 0 0 0 0 0
10555.8 0 0 0 0 0
10556.1 0 0 0 0 0
10556.4 0 0 0 0 0
10556.7 0 0 0 0 0
10557 0 0 0 0 0
10557.3 0 0 0 0 0
10557.7 0 0 0 0 0
10558 0 0 0 0 0
10558.3 0 0 0 0 0
10558.7 0 0 0 0 0
10559 0 0 0 0 0
10559.4 0 0 0 0 0
10559.7 0 0 0 0 0
10560.1 0 0 0 0 0
10560.4 0 0 0 0 0
10560.8 0 0 0 0 0
10561.2 0 0 0 0 0
10561.5 0 0 0 0 0
10561.9 0 0 0 0 0
10562.3 0 0 0 0 0
10562.7 0 0 0 0 0
10563.1 0 0 0 0 0
10563.5 0 0 0 0 0
10563.9 0 0 0 0 0
10564.3 0 0 0 0 0
10564.7 0 0 0 0 0
10565.1 0 0 0 0 0
10565.5 0 0 0 0 0
10565.9 0 0 0 0 0
10566.4 0 0 0 0 0
10566.8 0 0 0 0 0
10567.2 0 0 0 0 0
10567.7 0 0 0 0 0
10568.1 0 0 0 0 0
10568.6 0 0 0 0 0
10569 0 0 0 0 0
10569.5 0 0 0 0 0
10569.9 0 0 0 0 0
10570.4 0 0 0 0 0
10570.9 0 0 0 0 0
10571.3 0 0 0 0 0
10571.8 0 0 0 0 0
10572.3 0 0 0 0 0
10572.8 0 0 0 0 0
10573.3 0 0 0 0 0
10573.8 0 0 0 0 0
10574.3 0 0 0 0 0
10574.8 0 0 0 0 0
10575.3 0 0 0 0 0
10575.8 0 0 0 0 0
10576.3 0 0 0 0 0
10576.8 0 0 0 0 0
10577.3 0 0 0 0 0
10577.9 0 0 0 0 0
10578.4 0 0 0 0 0
10578.9 0 0 0 0 0
10579.5 0 0 0 0 0
10580 0 0 0 0 0
10580.6 0 0 0 0 0
10581.1 0 0 0 0 0
10581.7 0 0 0 0 0
10582.2 0 0 0 0 0
10582.8 0 0 0 0 0
10583.4 0 0 0 0 0
10583.9 0 0 0 0 0
10584.5 0 0 0 0 0
10585.1 0 0 0 0 0
10585.7 0 0 0 0 0
10586.3 0 0 0 0 0
10586.9 0 0 0 0 0
10587.5 0 0 0 0 0
10588.1 0 0 0 0 0
10588.7 0 0 0 0 0
10589.3 0 0 0 0 0
10589.9 0 0 0 0 0
10590.5 0 0 0 0 0
10591.1 0 0 0 0 0
10591.7 0 0 0 0 0
10592.4 0 0 0 0 0
10593 0 0 0 0 0
10593.6 0 0 0 0 0
10594.3 0 0 0 0 0
10594.9 0 0 0 0 0
10595.6 0 0 0 0 0
10596.2 0 0 0 0 0
10596.9 0 0 0 0 0
10597.6 0 0 0 0 0
10598.2 0 0 0 0 0
10598.9 0 0 0 0 0
10599.6 0 0 0 0 0
10600.2 0 0 0 0 0
10600.9 0 0 0 0 0
10601.6 0 0 0 0 0
10602.3 0 0 0 0 0
10603 0 0 0 0 0
10603.7 0 0 0 0 0
10604.4 0 0 0 0 0
10605.1 0 0 0 0 0
10605.8 0 0 0 0 0
10606.5 0 0 0 0 0
10607.2 0 0 0 0 0
10607.9 0 0 0 0 0
10608.7 0 0 0 0 0
10609.4 0 0 0 0 0
10610.1 0 0 0 0 0
10610.9 0 0 0 0 0
10611.6 0 0 0 0 0
10612.4 0 0 0 0 0
10613.1 0 0 0 0 0
10613.8 0 0 0 0 0
10614.6 0 0 0 0 0
10615.4 0 0 0 0 0
10616.1 0 0 0 0 0
10616.9 0 0 0 0 0
10617.7 0 0 0 0 0
10618.4 0 0 0 0 0
10619.2 0 0 0 0 0
10620 0 0 0 0 0
10620.8 0 0 0 0 0
10621.6 0 0 0 0 0
10622.4 0 0 0 0 0
10623.2 0 0 0 0 0
10624 0 0 0 0 0
10624.8 0 0 0 0 0
10625.6 0 0 0 0 0
10626.4 0 0 0 0 0
10627.2 0 0 0 0 0
10628 0 0 0 0 0
10628.8 0 0 0 0 0
10629.7 0 0 0 0 0
10630.5 0 0 0 0 0
10631.3 0 0 0 0 0
10632.2 0 0 0 0 0
10633 0 0 0 0 0
10633.8 0 0 0 0 0
10634.7 0 0 0 0 0
10635.5 0 0 0 0 0
10636.4 0 0 0 0 0
10637.3 0 0 0 0 0
10638.1 0 0 0 0 0
10639 0 0 0 0 0
10639.8 0 0 0 0 0
10640.7 0 0 0 0 0
10641.6 0 0 0 0 0
10642.5 0 0 0 0 0
10643.4 0 0 0 0 0
10644.2 0 0 0 0 0
10645.1 0 0 0 0 0
10646 0 0 0 0 0
10646.9 0 0 0 0 0
10647.8 0 0 0 0 0
10648.7 0 0 0 0 0
10649.6 0 0 0 0 0
10650.5 0 0 0 0 0
10651.5 0 0 0 0 0
10652.4 0 0 0 0 0
10653.3 0 0 0 0 0
10654.2 0 0 0 0 0
10655.2 0 0 0 0 0
10656.1 0 0 0 0 0
10657 0 0 0 0 0
10658 0 0 0 0 0
10658.9 0 0 0 0 0
10659.8 0 0 0 0 0
10660.8 0 0 0 0 0
10661.7 0 0 0 0 0
10662.7 0 0 0 0 0
10663.7 0 0 0 0 0
10664.6 0 0 0 0 0
10665.6 0 0 0 0 0
10666.6 0 0 0 0 0
10667.5 0 0 0 0 0
10668.5 0 0 0 0 0
10669.5 0 0 0 0 0
10670.5 0 0 0 0 0
10671.4 0 0 0 0 0
10672.4 0 0 0 0 0
10673.4 0 0 0 0 0
10674.4 0 0 0 0 0
10675.4 0 0 0 0 0
10676.4 0 0 0 0 0
10677.4 0 0 0 0 0
10678.4 0 0 0 0 0
10679.4 0 0 0 0 0
10680.4 0 0 0 0 0
10681.5 0 0 0 0 0
10682.5 0 0 0 0 0
10683.5 0 0 0 0 0
10684.5 0 0 0 0 0
10685.6 0 0 0 0 0
10686.6 0 0 0 0 0
10687.6 0 0 0 0 0
10688.7 0 0 0 0 0
10689.7 0 0 0 0 0
10690.8 0 0 0 0 0
10691.8 0 0 0 0 0
10692.8 0 0 0 0 0
10693.9 0 0 0 0 0
10695 0 0 0 0 0
10696 0 0 0 0 0
10697.1 0 0 0 0 0
10698.1 0 0 0 0 0
10699.2 0 0 0 0 0
10700.3 0 0 0 0 0
10701.4 0 0 0 0 0
10702.4 0 0 0 0 0
10703.5 0 0 0 0 0
10704.6 0 0 0 0 0
10705.7 0 0 0 0 0
10706.8 0 0 0 0 0
10707.9 0 0 0 0 0
10709 0 0 0 0 0
10710.1 0 0 0 0 0
10711.2 0 0 0 0 0
10712.3 0 0 0 0 0
10713.4 0 0 0 0 0
10714.5 0 0 0 0 0
10715.6 0 0 0 0 0
10716.7 0 0 0 0 0
10717.8 0 0 0 0 0
10718.9 0 0 0 0 0
10720.1 0 0 0 0 0
10721.2 0 0 0 0 0
10722.3 0 0 0 0 0
10723.4 0 0 0 0 0
10724.6 0 0 0 0 0
10725.7 0 0 0 0 0
10726.9 0 0 0 0 0
10728 0 0 0 0 0
10729.1 0 0 0 0 0
10730.3 0 0 0 0 0
10731.4 0 0 0 0 0
10732.6 0 0 0 0 0
10733.7 0 0 0 0 0
10734.9 0 0 0 0 0
10736.1 0 0 0 0 0
10737.2 0 0 0 0 0
10738.4 0 0 0 0 0
10739.6 0 0 0 0 0
10740.7 0 0 0 0 0
10741.9 0 0 0 0 0
10743.1 0 0 0 0 0
10744.3 0 0 0 0 0
10745.4 0 0 0 0 0
10746.6 0 0 0 0 0
10747.8 0 0 0 0 0
10749 0 0 0 0 0
10750.2 0 0 0 0 0
10751.4 0 0 0 0 0
10752.6 0 0 0 0 0
10753.8 0 0 0 0 0
10755 0 0 0 0 0
10756.2 0 0 0 0 0
10757.4 0 0 0 0 0
10758.6 0 0 0 0 0
10759.8 0 0 0 0 0
10761 0 0 0 0 0
10762.2 0 0 0 0 0
10763.5 0 0 0 0 0
10764.7 0 0 0 0 0
10765.9 0 0 0 0 0
10767.1 0 0 0 0 0
10768.3 0 0 0 0 0
10769.6 0 0 0 0 0
10770.8 0 0 0 0 0
10772 0 0 0 0 0
10773.3 0 0 0 0 0
10774.5 0 0 0 0 0
10775.8 0 0 0 0 0
10777 0 0 0 0 0
10778.2 0 0 0 0 0
10779.5 0 0 0 0 0
10780.7 0 0 0 0 0
10782 0 0 0 0 0
10783.2 0 0 0 0 0
10784.5 0 0 0 0 0
10785.7 0 0 0 0 0
10787 0 0 0 0 0
10788.3 0 0 0 0 0
10789.5 0 0 0 0 0
10790.8 0 0 0 0 0
10792.1 0 0 0 0 0
10793.3 0 0 0 0 0
10794.6 0 0 0 0 0
10795.9 0 0 0 0 0
10797.2 0 0 0 0 0
10798.4 0 0 0 0 0
10799.7 0 0 0 0 0
10801 0 0 0 0 0
10802.3 0 0 0 0 0
10803.6 0 0 0 0 0
10804.9 0 0 0 0 0
10806.1 0 0 0 0 0
10807.4 0 0 0 0 0
10808.7 0 0 0 0 0
10810 0 0 0 0 0
10811.3 0 0 0 0 0
10812.6 0 0 0 0 0
10813.9 0 0 0 0 0
10815.2 0 0 0 0 0
10816.5 0 0 0 0 0
10817.8 0 0 0 0 0
10819.1 0 0 0 0 0
10820.5 0 0 0 0 0
10821.8 0 0 0 0 0
10823.1 0 0 0 0 0
10824.4 0 0 0 0 0
10825.7 0 0 0 0 0
10827 0 0 0 0 0
10828.4 0 0 0 0 0
10829.7 0 0 0 0 0
10831 0 0 0 0 0
10832.3 0 0 0 0 0
10833.6 0 0 0 0 0
10835 0 0 0 0 0
10836.3 0 0 0 0 0
10837.6 0 0 0 0 0
10839 0 0 0 0 0
10840.3 0 0 0 0 0
10841.6 0 0 0 0 0
10843 0 0 0 0 0
10844.3 0 0 0 0 0
10845.7 0 0 0 0 0
10847 0 0 0 0 0
10848.3 0 0 0 0 0
10849.7 0 0 0 0 0
10851 0 0 0 0 0
10852.4 0 0 0 0 0
10853.7 0 0 0 0 0
10855.1 0 0 0 0 0
10856.4 0 0 0 0 0
10857.8 0 0 0 0 0
10859.2 0 0 0 0 0
10860.5 0 0 0 0 0
10861.9 0 0 0 0 0
10863.2 0 0 0 0 0
10864.6 0 0 0 0 0
10866 0 0 0 0 0
10867.3 0 0 0 0 0
10868.7 0 0 0 0 0
10870.1 0 0 0 0 0
10871.4 0 0 0 0 0
10872.8 0 0 0 0 0
10874.2 0 0 0 0 0
10875.5 0 0 0 0 0
10876.9 0 0 0 0 0
10878.3 0 0 0 0 0
10879.7 0 0 0 0 0
10881 0 0 0 0 0
10882.4 0 0 0 0 0
10883.8 0 0 0 0 0
10885.2 0 0 0 0 0
10886.5 0 0 0 0 0
10887.9 0 0 0 0 0
10889.3 0 0 0 0 0
10890.7 0 0 0 0 0
10892.1 0 0 0 0 0
10893.5 0 0 0 0 0
10894.9 0 0 0 0 0
10896.2 0 0 0 0 0
10897.6 0 0 0 0 0
10899 0 0 0 0 0
10900.4 0 0 0 0 0
10901.8 0 0 0 0 0
10903.2 0 0 0 0 0
10904.6 0 0 0 0 0
10906 0 0 0 0 0
10907.4 0 0 0 0 0
10908.8 0 0 0 0 0
10910.2 0 0 0 0 0
10911.6 0 0 0 0 0
10913 0 0 0 0 0
10914.4 0 0 0 0 0
10915.8 0 0 0 0 0
10917.2 0 0 0 0 0
10918.6 0 0 0 0 0
10920 0 0 0 0 0
10921.4 0 0 0 0 0
10922.8 0 0 0 0 0
10924.2 0 0 0 0 0
10925.6 0 0 0 0 0
10927 0 0 0 0 0
10928.4 0 0 0 0 0
10929.8 0 0 0 0 0
10931.2 0 0 0 0 0
10932.7 0 0 0 0 0
10934.1 0 0 0 0 0
10935.5 0 0 0 0 0
10936.9 0 0 0 0 0
10938.3 0 0 0 0 0
10939.7 0 0 0 0 0
10941.1 0 0 0 0 0
10942.5 0 0 0 0 0
10944 0 0 0 0 0
10945.4 0 0 0 0 0
10946.8 0 0 0 0 0
10948.2 0 0 0 0 0
10949.6 0 0 0 0 0
10951 0 0 0 0 0
10952.5 0 0 0 0 0
10953.9 0 0 0 0 0
10955.3 0 0 0 0 0
10956.7 0 0 0 0 0
10958.1 0 0 0 0 0
10959.6 0 0 0 0 0
10961 0 0 0 0 0
10962.4 0 0 0 0 0
10963.8 0 0 0 0 0
10965.3 0 0 0 0 0
10966.7 0 0 0 0 0
10968.1 0 0 0 0 0
10969.5 0 0 0 0 0
10970.9 0 0 0 0 0
10972.4 0 0 0 0 0
10973.8 0 0 0 0 0
10975.2 0 0 0 0 0
10976.6 0 0 0 0 0
10978.1 0 0 0 0 0
10979.5 0 0 0 0 0
10980.9 0 0 0 0 0
10982.3 0 0 0 0 0
10983.8 0 0 0 0 0
10985.2 0 0 0 0 0
10986.6 0 0 0 0 0
10988 0 0 0 0 0
10989.5 0 0 0 0 0
10990.9 0 0 0 0 0
10992.3 0 0 0 0 0
10993.7 0 0 0 0 0
10995.2 0 0 0 0 0
10996.6 0 0 0 0 0
10998 0 0 0 0 0
10999.4 0 0 0 0 0
11000.9 0 0 0 0 0
11002.3 0 0 0 0 0
11003.7 0 0 0 0 0
11005.2 0 0 0 0 0
11006.6 0 0 0 0 0
11008 0 0 0 0 0
11009.4 0 0 0 0 0
11010.9 0 0 0 0 0
11012.3 0 0 0 0 0
11013.7 0 0 0 0 0
11015.1 0 0 0 0 0
11016.6 0 0 0 0 0
11018 0 0 0 0 0
11019.4 0 0 0 0 0
11020.8 0 0 0 0 0
11022.3 0 0 0 0 0
11023.7 0 0 0 0 0
11025.1 0 0 0 0 0
11026.5 0 0 0 0 0
11028 0 0 0 0 0
11029.4 0 0 0 0 0
11030.8 0 0 0 0 0
11032.2 0 0 0 0 0
11033.6 0 0 0 0 0
11035.1 0 0 0 0 0
11036.5 0 0 0 0 0
11037.9 0 0 0 0 0
11039.3 0 0 0 0 0
11040.8 0 0 0 0 0
11042.2 0 0 0 0 0
11043.6 0 0 0 0 0
11045 0 0 0 0 0
11046.4 0 0 0 0 0
11047.9 0 0 0 0 0
11049.3 0 0 0 0 0
11050.7 0 0 0 0 0
11052.1 0 0 0 0 0
11053.5 0 0 0 0 0
11054.9 0 0 0 0 0
11056.4 0 0 0 0 0
11057.8 0 0 0 0 0
11059.2 0 0 0 0 0
11060.6 0 0 0 0 0
11062 0 0 0 0 0
11063.4 0 0 0 0 0
11064.8 0 0 0 0 0
11066.2 0 0 0 0 0
11067.7 0 0 0 0 0
11069.1 0 0 0 0 0
11070.5 0 0 0 0 0
11071.9 0 0 0 0 0
11073.3 0 0 0 0 0
11074.7 0 0 0 0 0
11076.1 0 0 0 0 0
11077.5 0 0 0 0 0
11078.9 0 0 0 0 0
11080.3 0 0 0 0 0
11081.7 0 0 0 0 0
11083.1 0 0 0 0 0
11084.5 0 0 0 0 0
11085.9 0 0 0 0 0
11087.3 0 0 0 0 0
11088.7 0 0 0 0 0
11090.1 0 0 0 0 0
11091.5 0 0 0 0 0
11092.9 0 0 0 0 0
11094.3 0 0 0 0 0
11095.7 0 0 0 0 0
11097.1 0 0 0 0 0
11098.5 0 0 0 0 0
11099.9 0 0 0 0 0
11101.3 0 0 0 0 0
11102.7 0 0 0 0 0
11104 0 0 0 0 0
11105.4 0 0 0 0 0
11106.8 0 0 0 0 0
11108.2 0 0 0 0 0
11109.6 0 0 0 0 0
11111 0 0 0 0 0
11112.4 0 0 0 0 0
11113.7 0 0 0 0 0
11115.1 0 0 0 0 0
11116.5 0 0 0 0 0
11117.9 0 0 0 0 0
11119.2 0 0 0 0 0
11120.6 0 0 0 0 0
11122 0 0 0 0 0
11123.4 0 0 0 0 0
11124.7 0 0 0 0 0
11126.1 0 0 0 0 0
11127.5 0 0 0 0 0
11128.8 0 0 0 0 0
11130.2 0 0 0 0 0
11131.6 0 0 0 0 0
11132.9 0 0 0 0 0
11134.3 0 0 0 0 0
11135.7 0 0 0 0 0
11137 0 0 0 0 0
11138.4 0 0 0 0 0
11139.7 0 0 0 0 0
11141.1 0 0 0 0 0
11142.5 0 0 0 0 0
11143.8 0 0 0 0 0
11145.2 0 0 0 0 0
11146.5 0 0 0 0 0
11147.9 0 0 0 0 0
11149.2 0 0 0 0 0
11150.6 0 0 0 0 0
11151.9 0 0 0 0 0
11153.2 0 0 0 0 0
11154.6 0 0 0 0 0
11155.9 0 0 0 0 0
11157.3 0 0 0 0 0
11158.6 0 0 0 0 0
11159.9 0 0 0 0 0
11161.3 0 0 0 0 0
11162.6 0 0 0 0 0
11163.9 0 0 0 0 0
11165.3 0 0 0 0 0
11166.6 0 0 0 0 0
11167.9 0 0 0 0 0
11169.2 0 0 0 0 0
11170.5 0 0 0 0 0
11171.9 0 0 0 0 0
11173.2 0 0 0 0 0
11174.5 0 0 0 0 0
11175.8 0 0 0 0 0
11177.1 0 0 0 0 0
11178.4 0 0 0 0 0
11179.8 0 0 0 0 0
11181.1 0 0 0 0 0
11182.4 0 0 0 0 0
11183.7 0 0 0 0 0
11185 0 0 0 0 0
11186.3 0 0 0 0 0
11187.6 0 0 0 0 0
11188.9 0 0 0 0 0
11190.2 0 0 0 0 0
11191.5 0 0 0 0 0
11192.8 0 0 0 0 0
11194 0 0 0 0 0
11195.3 0 0 0 0 0
11196.6 0 0 0 0 0
11197.9 0 0 0 0 0
11199.2 0 0 0 0 0
11200.5 0 0 0 0 0
11201.7 0 0 0 0 0
11203 0 0 0 0 0
11204.3 0 0 0 0 0
11205.6 0 0 0 0 0
11206.8 0 0 0 0 0
11208.1 0 0 0 0 0
11209.4 0 0 0 0 0
11210.6 0 0 0 0 0
11211.9 0 0 0 0 0
11213.1 0 0 0 0 0
11214.4 0 0 0 0 0
11215.7 0 0 0 0 0
11216.9 0 0 0 0 0
11218.2 0 0 0 0 0
11219.4 0 0 0 0 0
11220.7 0 0 0 0 0
11221.9 0 0 0 0 0
11223.1 0 0 0 0 0
11224.4 0 0 0 0 0
11225.6 0 0 0 0 0
11226.9 0 0 0 0 0
11228.1 0 0 0 0 0
11229.3 0 0 0 0 0
11230.6 0 0 0 0 0
11231.8 0 0 0 0 0
11233 0 0 0 0 0
11234.2 0 0 0 0 0
11235.4 0 0 0 0 0
11236.7 0 0 0 0 0
11237.9 0 0 0 0 0
11239.1 0 0 0 0 0
11240.3 0 0 0 0 0
11241.5 0 0 0 0 0
11242.7 0 0 0 0 0
11243.9 0 0 0 0 0
11245.1 0 0 0 0 0
11246.3 0 0 0 0 0
11247.5 0 0 0 0 0
11248.7 0 0 0 0 0
11249.9 0 0 0 0 0
11251.1 0 0 0 0 0
11252.3 0 0 0 0 0
11253.5 0 0 0 0 0
11254.6 0 0 0 0 0
11255.8 0 0 0 0 0
11257 0 0 0 0 0
11258.2 0 0 0 0 0
11259.3 0 0 0 0 0
11260.5 0 0 0 0 0
11261.7 0 0 0 0 0
11262.8 0 0 0 0 0
11264 0 0 0 0 0
11265.1 0 0 0 0 0
11266.3 0 0 0 0 0
11267.5 0 0 0 0 0
11268.6 0 0 0 0 0
11269.8 0 0 0 0 0
11270.9 0 0 0 0 0
11272 0 0 0 0 0
11273.2 0 0 0 0 0
11274.3 0 0 0 0 0
11275.4 0 0 0 0 0
11276.6 0 0 0 0 0
11277.7 0 0 0 0 0
11278.8 0 0 0 0 0
11280 0 0 0 0 0
11281.1 0 0 0 0 0
11282.2 0 0 0 0 0
11283.3 0 0 0 0 0
11284.4 0 0 0 0 0
11285.5 0 0 0 0 0
11286.6 0 0 0 0 0
11287.7 0 0 0 0 0
11288.8 0 0 0 0 0
11289.9 0 0 0 0 0
11291 0 0 0 0 0
11292.1 0 0 0 0 0
11293.2 0 0 0 0 0
11294.3 0 0 0 0 0
11295.4 0 0 0 0 0
11296.5 0 0 0 0 0
11297.5 0 0 0 0 0
11298.6 0 0 0 0 0
11299.7 0 0 0 0 0
11300.8 0 0 0 0 0
11301.8 0 0 0 0 0
11302.9 0 0 0 0 0
11303.9 0 0 0 0 0
11305 0 0 0 0 0
11306.1 0 0 0 0 0
11307.1 0 0 0 0 0
11308.1 0 0 0 0 0
11309.2 0 0 0 0 0
11310.2 0 0 0 0 0
11311.3 0 0 0 0 0
11312.3 0 0 0 0 0
11313.3 0 0 0 0 0
11314.4 0 0 0 0 0
11315.4 0 0 0 0 0
11316.4 0 0 0 0 0
11317.4 0 0 0 0 0
11318.5 0 0 0 0 0
11319.5 0 0 0 0 0
11320.5 0 0 0 0 0
11321.5 0 0 0 0 0
11322.5 0 0 0 0 0
11323.5 0 0 0 0 0
11324.5 0 0 0 0 0
11325.5 0 0 0 0 0
11326.5 0 0 0 0 0
11327.5 0 0 0 0 0
11328.4 0 0 0 0 0
11329.4 0 0 0 0 0
11330.4 0 0 0 0 0
11331.4 0 0 0 0 0
11332.3 0 0 0 0 0
11333.3 0 0 0 0 0
11334.3 0 0 0 0 0
11335.2 0 0 0 0 0
11336.2 0 0 0 0 0
11337.2 0 0 0 0 0
11338.1 0 0 0 0 0
11339.1 0 0 0 0 0
11340 0 0 0 0 0
11340.9 0 0 0 0 0
11341.9 0 0 0 0 0
11342.8 0 0 0 0 0
11343.7 0 0 0 0 0
11344.7 0 0 0 0 0
11345.6 0 0 0 0 0
11346.5 0 0 0 0 0
11347.4 0 0 0 0 0
11348.4 0 0 0 0 0
11349.3 0 0 0 0 0
11350.2 0 0 0 0 0
11351.1 0 0 0 0 0
11352 0 0 0 0 0
11352.9 0 0 0 0 0
11353.8 0 0 0 0 0
11354.7 0 0 0 0 0
11355.5 0 0 0 0 0
11356.4 0 0 0 0 0
11357.3 0 0 0 0 0
11358.2 0 0 0 0 0
11359.1 0 0 0 0 0
11359.9 0 0 0 0 0
11360.8 0 0 0 0 0
11361.6 0 0 0 0 0
11362.5 0 0 0 0 0
11363.4 0 0 0 0 0
11364.2 0 0 0 0 0
11365.1 0 0 0 0 0
11365.9 0 0 0 0 0
11366.7 0 0 0 0 0
11367.6 0 0 0 0 0
11368.4 0 0 0 0 0
11369.2 0 0 0 0 0
11370.1 0 0 0 0 0
11370.9 0 0 0 0 0
11371.7 0 0 0 0 0
11372.5 0 0 0 0 0
11373.3 0 0 0 0 0
11374.1 0 0 0 0 0
11374.9 0 0 0 0 0
11375.7 0 0 0 0 0
11376.5 0 0 0 0 0
11377.3 0 0 0 0 0
11378.1 0 0 0 0 0
11378.9 0 0 0 0 0
11379.7 0 0 0 0 0
11380.5 0 0 0 0 0
11381.2 0 0 0 0 0
11382 0 0 0 0 0
11382.8 0 0 0 0 0
11383.5 0 0 0 0 0
11384.3 0 0 0 0 0
11385.1 0 0 0 0 0
11385.8 0 0 0 0 0
11386.5 0 0 0 0 0
11387.3 0 0 0 0 0
11388 0 0 0 0 0
11388.8 0 0 0 0 0
11389.5 0 0 0 0 0
11390.2 0 0 0 0 0
11391 0 0 0 0 0
11391.7 0 0 0 0 0
11392.4 0 0 0 0 0
11393.1 0 0 0 0 0
11393.8 0 0 0 0 0
11394.5 0 0 0 0 0
11395.2 0 0 0 0 0
11395.9 0 0 0 0 0
11396.6 0 0 0 0 0
11397.3 0 0 0 0 0
11398 0 0 0 0 0
11398.7 0 0 0 0 0
11399.3 0 0 0 0 0
11400 0 0 0 0 0
11400.7 0 0 0 0 0
11401.3 0 0 0 0 0
11402 0 0 0 0 0
11402.7 0 0 0 0 0
11403.3 0 0 0 0 0
11404 0 0 0 0 0
11404.6 0 0 0 0 0
11405.3 0 0 0 0 0
11405.9 0 0 0 0 0
11406.5 0 0 0 0 0
11407.2 0 0 0 0 0
11407.8 0 0 0 0 0
11408.4 0 0 0 0 0
11409 0 0 0 0 0
11409.6 0 0 0 0 0
11410.2 0 0 0 0 0
11410.8 0 0 0 0 0
11411.4 0 0 0 0 0
11412 0 0 0 0 0
11412.6 0 0 0 0 0
11413.2 0 0 0 0 0
11413.8 0 0 0 0 0
11414.4 0 0 0 0 0
11415 0 0 0 0 0
11415.5 0 0 0 0 0
11416.1 0 0 0 0 0
11416.7 0 0 0 0 0
11417.2 0 0 0 0 0
11417.8 0 0 0 0 0
11418.3 0 0 0 0 0
11418.9 0 0 0 0 0
11419.4 0 0 0 0 0
11420 0 0 0 0 0
11420.5 0 0 0 0 0
11421 0 0 0 0 0
11421.6 0 0 0 0 0
11422.1 0 0 0 0 0
11422.6 0 0 0 0 0
11423.1 0 0 0 0 0
11423.6 0 0 0 0 0
11424.1 0 0 0 0 0
11424.6 0 0 0 0 0
11425.1 0 0 0 0 0
11425.6 0 0 0 0 0
11426.1 0 0 0 0 0
11426.6 0 0 0 0 0
11427.1 0 0 0 0 0
11427.6 0 0 0 0 0
11428 0 0 0 0 0
11428.5 0 0 0 0 0
11429 0 0 0 0 0
11429.4 0 0 0 0 0
11429.9 0 0 0 0 0
11430.3 0 0 0 0 0
11430.8 0 0 0 0 0
11431.2 0 0 0 0 0
11431.7 0 0 0 0 0
11432.1 0 0 0 0 0
11432.5 0 0 0 0 0
11433 0 0 0 0 0
11433.4 0 0 0 0 0
11433.8 0 0 0 0 0
11434.2 0 0 0 0 0
11434.6 0 0 0 0 0
11435 0 0 0 0 0
11435.4 0 0 0 0 0
11435.8 0 0 0 0 0
11436.2 0 0 0 0 0
11436.6 0 0 0 0 0
11437 0 0 0 0 0
11437.4 0 0 0 0 0
11437.7 0 0 0 0 0
11438.1 0 0 0 0 0
11438.5 0 0 0 0 0
11438.8 0 0 0 0 0
11439.2 0 0 0 0 0
11439.5 0 0 0 0 0
11439.9 0 0 0 0 0
11440.2 0 0 0 0 0
11440.6 0 0 0 0 0
11440.9 0 0 0 0 0
11441.2 0 0 0 0 0
11441.6 0 0 0 0 0
11441.9 0 0 0 0 0
11442.2 0 0 0 0 0
11442.5 0 0 0 0 0
11442.8 0 0 0 0 0
11443.1 0 0 0 0 0
11443.4 0 0 0 0 0
11443.7 0 0 0 0 0
11444 0 0 0 0 0
11444.3 0 0 0 0 0
11444.6 0 0 0 0 0
11444.9 0 0 0 0 0
11445.1 0 0 0 0 0
11445.4 0 0 0 0 0
11445.7 0 0 0 0 0
11445.9 0 0 0 0 0
11446.2 0 0 0 0 0
11446.4 0 0 0 0 0
11446.7 0 0 0 0 0
11446.9 0 0 0 0 0
11447.2 0 0 0 0 0
11447.4 0 0 0 0 0
11447.6 0 0 0 0 0
11447.9 0 0 0 0 0
11448.1 0 0 0 0 0
11448.3 0 0 0 0 0
11448.5 0 0 0 0 0
11448.7 0 0 0 0 0
11448.9 0 0 0 0 0
11449.1 0 0 0 0 0
11449.3 0 0 0 0 0
11449.5 0 0 0 0 0
11449.7 0 0 0 0 0
11449.9 0 0 0 0 0
11450 0 0 0 0 0
11450.2 0 0 0 0 0
11450.4 0 0 0 0 0
11450.5 0 0 0 0 0
11450.7 0 0 0 0 0
11450.9 0 0 0 0 0
11451 0 0 0 0 0
11451.2 0 0 0 0 0
11451.3 0 0 0 0 0
11451.4 0 0 0 0 0
11451.6 0 0 0 0 0
11451.7 0 0 0 0 0
11451.8 0 0 0 0 0
11451.9 0 0 0 0 0
11452 0 0 0 0 0
11452.2 0 0 0 0 0
11452.3 0 0 0 0 0
11452.4 0 0 0 0 0
11452.5 0 0 0 0 0
11452.6 0 0 0 0 0
11452.6 0 0 0 0 0
11452.7 0 0 0 0 0
11452.8 0 0 0 0 0
11452.9 0 0 0 0 0
11452.9 0 0 0 0 0
11453 0 0 0 0 0
11453.1 0 0 0 0 0
11453.1 0 0 0 0 0
11453.2 0 0 0 0 0
11453.2 0 0 0 0 0
11453.3 0 0 0 0 0
11453.3 0 0 0 0 0
11453.3 0 0 0 0 0
11453.4 0 0 0 0 0
11453.4 0 0 0 0 0
11453.4 0 0 0 0 0
11453.4 0 0 0 0 0
11453.4 0 0 0 0 0
11453.4 0 0 0 0 0
11453.4 0 0 0 0 0
11417.6 0 0 0 0 0
11292.1 0 0 0 0 0
11077.1 0 0 0 0 0
10741.9 0 0 0 0 0
10341.7 0 0 0 0 0
9849.42 0 0 0 0 0
9267.8 0 0 0 0 0
8596.55 0 0 0 0 0
7835.72 0 0 0 0 0
6985.31 0 0 0 0 0
6045.33 0 0 0 0 0
5015.78 0 0 0 0 0
3896.68 0 0 0 0 0
2688.04 0 0 0 0 0
1389.87 0 0 0 0 0
2.18906 0 0 0 0 0
-1475 0 0 0 0 0
-3041.68 0 0 0 0 0
-4697.83 0 0 0 0 0
-6443.43 0 0 0 0 0
-8278.48 0 0 0 0 0
-10202.9 0 0 0 0 0
-10546.6 0 0 0 0 0
-10546.7 0 0 0 0 0
-10546.8 0 0 0 0 0
-10547 0 0 0 0 0
-10547.1 0 0 0 0 0
-10547.2 0 0 0 0 0
-10547.3 0 0 0 0 0
-10547.5 0 0 0 0 0
-10547.6 0 0 0 0 0
-10547.7 0 0 0 0 0
-10547.9 0 0 0 0 0
-10548 0 0 0 0 0
-10548.2 0 0 0 0 0
-10548.4 0 0 0 0 0
-10548.5 0 0 0 0 0
-10548.7 0 0 0 0 0
-10548.9 0 0 0 0 0
-10549 0 0 0 0 0
-10549.2 0 0 0 0 0
-10549.4 0 0 0 0 0
-10549.6 0 0 0 0 0
-10549.8 0 0 0 0 0
-10550 0 0 0 0 0
-10550.2 0 0 0 0 0
-10550.4 0 0 0 0 0
-10550.6 0 0 0 0 0
-10550.8 0 0 0 0 0
-10551 0 0 0 0 0
-10551.3 0 0 0 0 0
-10551.5 0 0 0 0 0
-10551.7 0 0 0 0 0
-10552 0 0 0 0 0
-10552.2 0 0 0 0 0
-10552.5 0 0 0 0 0
-10552.7 0 0 0 0 0
-10553 0 0 0 0 0
-10553.2 0 0 0 0 0
-10553.5 0 0 0 0 0
-10553.8 0 0 0 0 0
-10554 0 0 0 0 0
-10554.3 0 0 0 0 0
-10554.6 0 0 0 0 0
-10554.9 0 0 0 0 0
-10555.2 0 0 0 0 0
-10555.5 0 0 0 0 0
-10555.8 0 0 0 0 0
-10556.1 0 0 0 0 0
-10556.4 0 0 0 0 0
-10556.7 0 0 0 0 0
-10557 0 0 0 0 0
-10557.3 0 0 0 0 0
-10557.7 0 0 0 0 0
-10558 0 0 0 0 0
-10558.3 0 0 0 0 0
-10558.7 0 0 0 0 0
-10559 0 0 0 0 0
-10559.4 0 0 0 0 0
-10559.7 0 0 0 0 0
-10560.1 0 0 0 0 0
-10560.4 0 0 0 0 0
-10560.8 0 0 0 0 0
-10561.2 0 0 0 0 0
-10561.5 0 0 0 0 0
-10561.9 0 0 0 0 0
-10562.3 0 0 0 0 0
-10562.7 0 0 0 0 0
-10563.1 0 0 0 0 0
-10563.5 0 0 0 0 0
-10563.9 0 0 0 0 0
-10564.3 0 0 0 0 0
-10564.7 0 0 0 0 0
-10565.1 0 0 0 0 0
-10565.5 0 0 0 0 0
-10565.9 0 0 0 0 0
-10566.4 0 0 0 0 0
-10566.8 0 0 0 0 0
-10567.2 0 0 0 0 0
-10567.7 0 0 0 0 0
-10568.1 0 0 0 0 0
-10568.6 0 0 0 0 0
-10569 0 0 0 0 0
-10569.5 0 0 0 0 0
-10569.9 0 0 0 0 0
-10570.4 0 0 0 0 0
-10570.9 0 0 0 0 0
-10571.3 0 0 0 0 0
-10571.8 0 0 0 0 0
-10572.3 0 0 0 0 0
-10572.8 0 0 0 0 0
-10573.3 0 0 0 0 0
-10573.8 0 0 0 0 0
-10574.3 0 0 0 0 0
-10574.8 0 0 0 0 0
-10575.3 0 0 0 0 0
-10575.8 0 0 0 0 0
-10576.3 0 0 0 0 0
-10576.8 0 0 0 0 0
-10577.3 0 0 0 0 0
-10577.9 0 0 0 0 0
-10578.4 0 0 0 0 0
-10578.9 0 0 0 0 0
-10579.5 0 0 0 0 0
-10580 0 0 0 0 0
-10580.6 0 0 0 0 0
-10581.1 0 0 0 0 0
-10581.7 0 0 0 0 0
-10582.2 0 0 0 0 0
-10582.8 0 0 0 0 0
-10583.4 0 0 0 0 0
-10583.9 0 0 0 0 0
-10584.5 0 0 0 0 0
-10585.1 0 0 0 0 0
-10585.7 0 0 0 0 0
-10586.3 0 0 0 0 0
-10586.9 0 0 0 0 0
-10587.5 0 0 0 0 0
-10588.1 0 0 0 0 0
-10588.7 0 0 0 0 0
-10589.3 0 0 0 0 0
-10589.9 0 0 0 0 0
-10590.5 0 0 0 0 0
-10591.1 0 0 0 0 0
-10591.7 0 0 0 0 0
-10592.4 0 0 0 0 0
-10593 0 0 0 0 0
-10593.6 0 0 0 0 0
-10594.3 0 0 0 0 0
-10594.9 0 0 0 0 0
-10595.6 0 0 0 0 0
-10596.2 0 0 0 0 0
-10596.9 0 0 0 0 0
-10597.6 0 0 0 0 0
-10598.2 0 0 0 0 0
-10598.9 0 0 0 0 0
-10599.6 0 0 0 0 0
-10600.2 0 0 0 0 0
-10600.9 0 0 0 0 0
-10601.6 0 0 0 0 0
-10602.3 0 0 0 0 0
-10603 0 0 0 0 0
-10603.7 0 0 0 0 0
-10604.4 0 0 0 0 0
-10605.1 0 0 0 0 0
-10605.8 0 0 0 0 0
-10606.5 0 0 0 0 0
-10607.2 0 0 0 0 0
-10607.9 0 0 0 0 0
-10608.7 0 0 0 0 0
-10609.4 0 0 0 0 0
-10610.1 0 0 0 0 0
-10610.9 0 0 0 0 0
-10611.6 0 0 0 0 0
-10612.4 0 0 0 0 0
-10613.1 0 0 0 0 0
-10613.8 0 0 0 0 0
-10614.6 0 0 0 0 0
-10615.4 0 0 0 0 0
-10616.1 0 0 0 0 0
-10616.9 0 0 0 0 0
-10617.7 0 0 0 0 0
-10618.4 0 0 0 0 0
-10619.2 0 0 0 0 0
-10620 0 0 0 0 0
-10620.8 0 0 0 0 0
-10621.6 0 0 0 0 0
-10622.4 0 0 0 0 0
-10623.2 0 0 0 0 0
-10624 0 0 0 0 0
-10624.8 0 0 0 0 0
-10625.6 0 0 0 0 0
-10626.4 0 0 0 0 0
-10627.2 0 0 0 0 0
-10628 0 0 0 0 0
-10628.8 0 0 0 0 0
-10629.7 0 0 0 0 0
-10630.5 0 0 0 0 0
-10631.3 0 0 0 0 0
-10632.2 0 0 0 0 0
-10633 0 0 0 0 0
-10633.8 0 0 0 0 0
-10634.7 0 0 0 0 0
-10635.5 0 0 0 0 0
-10636.4 0 0 0 0 0
-10637.3 0 0 0 0 0
-10638.1 0 0 0 0 0
-10639 0 0 0 0 0
-10639.8 0 0 0 0 0
-10640.7 0 0 0 0 0
-10641.6 0 0 0 0 0
-10642.5 0 0 0 0 0
-10643.4 0 0 0 0 0
-10644.2 0 0 0 0 0
-10645.1 0 0 0 0 0
-10646 0 0 0 0 0
-10646.9 0 0 0 0 0
-10647.8 0 0 0 0 0
-10648.7 0 0 0 0 0
-10649.6 0 0 0 0 0
-10650.5 0 0 0 0 0
-10651.5 0 0 0 0 0
-10652.4 0 0 0 0 0
-10653.3 0 0 0 0 0
-10654.2 0 0 0 0 0
-10655.2 0 0 0 0 0
-10656.1 0 0 0 0 0
-10657 0 0 0 0 0
-10658 0 0 0 0 0
-10658.9 0 0 0 0 0
-10659.8 0 0 0 0 0
-10660.8 0 0 0 0 0
-10661.7 0 0 0 0 0
-10662.7 0 0 0 0 0
-10663.7 0 0 0 0 0
-10664.6 0 0 0 0 0
-10665.6 0 0 0 0 0
-10666.6 0 0 0 0 0
-10667.5 0 0 0 0 0
-10668.5 0 0 0 0 0
-10669.5 0 0 0 0 0
-10670.5 0 0 0 0 0
-10671.4 0 0 0 0 0
-10672.4 0 0 0 0 0
-10673.4 0 0 0 0 0
-10674.4 0 0 0 0 0
-10675.4 0 0 0 0 0
-10676.4 0 0 0 0 0
-10677.4 0 0 0 0 0
-10678.4 0 0 0 0 0
-10679.4 0 0 0 0 0
-10680.4 0 0 0 0 0
-10681.5 0 0 0 0 0
-10682.5 0 0 0 0 0
-10683.5 0 0 0 0 0
-10684.5 0 0 0 0 0
-10685.6 0 0 0 0 0
-10686.6 0 0 0 0 0
-10687.6 0 0 0 0 0
-10688.7 0 0 0 0 0
-10689.7 0 0 0 0 0
-10690.8 0 0 0 0 0
-10691.8 0 0 0 0 0
-10692.8 0 0 0 0 0
-10693.9 0 0 0 0 0
-10695 0 0 0 0 0
-10696 0 0 0 0 0
-10697.1 0 0 0 0 0
-10698.1 0 0 0 0 0
-10699.2 0 0 0 0 0
-10700.3 0 0 0 0 0
-10701.4 0 0 0 0 0
-10702.4 0 0 0 0 0
-10703.5 0 0 0 0 0
-10704.6 0 0 0 0 0
-10705.7 0 0 0 0 0
-10706.8 0 0 0 0 0
-10707.9 0 0 0 0 0
-10709 0 0 0 0 0
-10710.1 0 0 0 0 0
-10711.2 0 0 0 0 0
-10712.3 0 0 0 0 0
-10713.4 0 0 0 0 0
-10714.5 0 0 0 0 0
-10715.6 0 0 0 0 0
-10716.7 0 0 0 0 0
-10717.8 0 0 0 0 0
-10718.9 0 0 0 0 0
-10720.1 0 0 0 0 0
-10721.2 0 0 0 0 0
-10722.3 0 0 0 0 0
-10723.4 0 0 0 0 0
-10724.6 0 0 0 0 0
-10725.7 0 0 0 0 0
-10726.9 0 0 0 0 0
-10728 0 0 0 0 0
-10729.1 0 0 0 0 0
-10730.3 0 0 0 0 0
-10731.4 0 0 0 0 0
-10732.6 0 0 0 0 0
-10733.7 0 0 0 0 0
-10734.9 0 0 0 0 0
-10736.1 0 0 0 0 0
-10737.2 0 0 0 0 0
-10738.4 0 0 0 0 0
-10739.6 0 0 0 0 0
-10740.7 0 0 0 0 0
-10741.9 0 0 0 0 0
-10743.1 0 0 0 0 0
-10744.3 0 0 0 0 0
-10745.4 0 0 0 0 0
-10746.6 0 0 0 0 0
-10747.8 0 0 0 0 0
-10749 0 0 0 0 0
-10750.2 0 0 0 0 0
-10751.4 0 0 0 0 0
-10752.6 0 0 0 0 0
-10753.8 0 0 0 0 0
-10755 0 0 0 0 0
-10756.2 0 0 0 0 0
-10757.4 0 0 0 0 0
-10758.6 0 0 0 0 0
-10759.8 0 0 0 0 0
-10761 0 0 0 0 0
-10762.2 0 0 0 0 0
-10763.5 0 0 0 0 0
-10764.7 0 0 0 0 0
-10765.9 0 0 0 0 0
-10767.1 0 0 0 0 0
-10768.3 0 0 0 0 0
-10769.6 0 0 0 0 0
-10770.8 0 0 0 0 0
-10772 0 0 0 0 0
-10773.3 0 0 0 0 0
-10774.5 0 0 0 0 0
-10775.8 0 0 0 0 0
-10777 0 0 0 0 0
-10778.2 0 0 0 0 0
-10779.5 0 0 0 0 0
-10780.7 0 0 0 0 0
-10782 0 0 0 0 0
-10783.2 0 0 0 0 0
-10784.5 0 0 0 0 0
-10785.7 0 0 0 0 0
-10787 0 0 0 0 0
-10788.3 0 0 0 0 0
-10789.5 0 0 0 0 0
-10790.8 0 0 0 0 0
-10792.1 0 0 0 0 0
-10793.3 0 0 0 0 0
-10794.6 0 0 0 0 0
-10795.9 0 0 0 0 0
-10797.2 0 0 0 0 0
-10798.4 0 0 0 0 0
-10799.7 0 0 0 0 0
-10801 0 0 0 0 0
-10802.3 0 0 0 0 0
-10803.6 0 0 0 0 0
-10804.9 0 0 0 0 0
-10806.1 0 0 0 0 0
-10807.4 0 0 0 0 0
-10808.7 0 0 0 0 0
-10810 0 0 0 0 0
-10811.3 0 0 0 0 0
-10812.6 0 0 0 0 0
-10813.9 0 0 0 0 0
-10815.2 0 0 0 0 0
-10816.5 0 0 0 0 0
-10817.8 0 0 0 0 0
-10819.1 0 0 0 0 0
-10820.5 0 0 0 0 0
-10821.8 0 0 0 0 0
-10823.1 0 0 0 0 0
-10824.4 0 0 0 0 0
-10825.7 0 0 0 0 0
-10827 0 0 0 0 0
-10828.4 0 0 0 0 0
-10829.7 0 0 0 0 0
-10831 0 0 0 0 0
-10832.3 0 0 0 0 0
-10833.6 0 0 0 0 0
-10835 0 0 0 0 0
-10836.3 0 0 0 0 0
-10837.6 0 0 0 0 0
-10839 0 0 0 0 0
-10840.3 0 0 0 0 0
-10841.6 0 0 0 0 0
-10843 0 0 0 0 0
-10844.3 0 0 0 0 0
-10845.7 0 0 0 0 0
-10847 0 0 0 0 0
-10848.3 0 0 0 0 0
-10849.7 0 0 0 0 0
-10851 0 0 0 0 0
-10852.4 0 0 0 0 0
-10853.7 0 0 0 0 0
-10855.1 0 0 0 0 0
-10856.4 0 0 0 0 0
-10857.8 0 0 0 0 0
-10859.2 0 0 0 0 0
-10860.5 0 0 0 0 0
-10861.9 0 0 0 0 0
-10863.2 0 0 0 0 0
-10864.6 0 0 0 0 0
-10866 0 0 0 0 0
-10867.3 0 0 0 0 0
-10868.7 0 0 0 0 0
-10870.1 0 0 0 0 0
-10871.4 0 0 0 0 0
-10872.8 0 0 0 0 0
-10874.2 0 0 0 0 0
-10875.5 0 0 0 0 0
-10876.9 0 0 0 0 0
-10878.3 0 0 0 0 0
-10879.7 0 0 0 0 0
-10881 0 0 0 0 0
-10882.4 0 0 0 0 0
-10883.8 0 0 0 0 0
-10885.2 0 0 0 0 0
-10886.5 0 0 0 0 0
-10887.9 0 0 0 0 0
-10889.3 0 0 0 0 0
-10890.7 0 0 0 0 0
-10892.1 0 0 0 0 0
-10893.5 0 0 0 0 0
-10894.9 0 0 0 0 0
-10896.2 0 0 0 0 0
-10897.6 0 0 0 0 0
-10899 0 0 0 0 0
-10900.4 0 0 0 0 0
-10901.8 0 0 0 0 0
-10903.2 0 0 0 0 0
-10904.6 0 0 0 0 0
-10906 0 0 0 0 0
-10907.4 0 0 0 0 0
-10908.8 0 0 0 0 0
-10910.2 0 0 0 0 0
-10911.6 0 0 0 0 0
-10913 0 0 0 0 0
-10914.4 0 0 0 0 0
-10915.8 0 0 0 0 0
-10917.2 0 0 0 0 0
-10918.6 0 0 0 0 0
-10920 0 0 0 0 0
-10921.4 0 0 0 0 0
-10922.8 0 0 0 0 0
-10924.2 0 0 0 0 0
-10925.6 0 0 0 0 0
-10927 0 0 0 0 0
-10928.4 0 0 0 0 0
-10929.8 0 0 0 0 0
-10931.2 0 0 0 0 0
-10932.7 0 0 0 0 0
-10934.1 0 0 0 0 0
-10935.5 0 0 0 0 0
-10936.9 0 0 0 0 0
-10938.3 0 0 0 0 0
-10939.7 0 0 0 0 0
-10941.1 0 0 0 0 0
-10942.5 0 0 0 0 0
-10944 0 0 0 0 0
-10945.4 0 0 0 0 0
-10946.8 0 0 0 0 0
-10948.2 0 0 0 0 0
-10949.6 0 0 0 0 0
-10951 0 0 0 0 0
-10952.5 0 0 0 0 0
-10953.9 0 0 0 0 0
-10955.3 0 0 0 0 0
-10956.7 0 0 0 0 0
-10958.1 0 0 0 0 0
-10959.6 0 0 0 0 0
-10961 0 0 0 0 0
-10962.4 0 0 0 0 0
-10963.8 0 0 0 0 0
-10965.3 0 0 0 0 0
-10966.7 0 0 0 0 0
-10968.1 0 0 0 0 0
-10969.5 0 0 0 0 0
-10970.9 0 0 0 0 0
-10972.4 0 0 0 0 0
-10973.8 0 0 0 0 0
-10975.2 0 0 0 0 0
-10976.6 0 0 0 0 0
-10978.1 0 0 0 0 0
-10979.5 0 0 0 0 0
-10980.9 0 0 0 0 0
-10982.3 0 0 0 0 0
-10983.8 0 0 0 0 0
-10985.2 0 0 0 0 0
-10986.6 0 0 0 0 0
-10988 0 0 0 0 0
-10989.5 0 0 0 0 0
-10990.9 0 0 0 0 0
-10992.3 0 0 0 0 0
-10993.7 0 0 0 0 0
-10995.2 0 0 0 0 0
-10996.6 0 0 0 0 0
-10998 0 0 0 0 0
-10999.4 0 0 0 0 0
-11000.9 0 0 0 0 0
-11002.3 0 0 0 0 0
-11003.7 0 0 0 0 0
-11005.2 0 0 0 0 0
-11006.6 0 0 0 0 0
-11008 0 0 0 0 0
-11009.4 0 0 0 0 0
-11010.9 0 0 0 0 0
-11012.3 0 0 0 0 0
-11013.7 0 0 0 0 0
-11015.1 0 0 0 0 0
-11016.6 0 0 0 0 0
-11018 0 0 0 0 0
-11019.4 0 0 0 0 0
-11020.8 0 0 0 0 0
-11022.3 0 0 0 0 0
-11023.7 0 0 0 0 0
-11025.1 0 0 0 0 0
-11026.5 0 0 0 0 0
-11028 0 0 0 0 0
-11029.4 0 0 0 0 0
-11030.8 0 0 0 0 0
-11032.2 0 0 0 0 0
-11033.6 0 0 0 0 0
-11035.1 0 0 0 0 0
-11036.5 0 0 0 0 0
-11037.9 0 0 0 0 0
-11039.3 0 0 0 0 0
-11040.8 0 0 0 0 0
-11042.2 0 0 0 0 0
-11043.6 0 0 0 0 0
-11045 0 0 0 0 0
-11046.4 0 0 0 0 0
-11047.9 0 0 0 0 0
-11049.3 0 0 0 0 0
-11050.7 0 0 0 0 0
-11052.1 0 0 0 0 0
-11053.5 0 0 0 0 0
-11054.9 0 0 0 0 0
-11056.4 0 0 0 0 0
-11057.8 0 0 0 0 0
-11059.2 0 0 0 0 0
-11060.6 0 0 0 0 0
-11062 0 0 0 0 0
-11063.4 0 0 0 0 0
-11064.8 0 0 0 0 0
-11066.2 0 0 0 0 0
-11067.7 0 0 0 0 0
-11069.1 0 0 0 0 0
-11070.5 0 0 0 0 0
-11071.9 0 0 0 0 0
-11073.3 0 0 0 0 0
-11074.7 0 0 0 0 0
-11076.1 0 0 0 0 0
-11077.5 0 0 0 0 0
-11078.9 0 0 0 0 0
-11080.3 0 0 0 0 0
-11081.7 0 0 0 0 0
-11083.1 0 0 0 0 0
-11084.5 0 0 0 0 0
-11085.9 0 0 0 0 0
-11087.3 0 0 0 0 0
-11088.7 0 0 0 0 0
-11090.1 0 0 0 0 0
-11091.5 0 0 0 0 0
-11092.9 0 0 0 0 0
-11094.3 0 0 0 0 0
-11095.7 0 0 0 0 0
-11097.1 0 0 0 0 0
-11098.5 0 0 0 0 0
-11099.9 0 0 0 0 0
-11101.3 0 0 0 0 0
-11102.7 0 0 0 0 0
-11104 0 0 0 0 0
-11105.4 0 0 0 0 0
-11106.8 0 0 0 0 0
-11108.2 0 0 0 0 0
-11109.6 0 0 0 0 0
-11111 0 0 0 0 0
-11112.4 0 0 0 0 0
-11113.7 0 0 0 0 0
-11115.1 0 0 0 0 0
-11116.5 0 0 0 0 0
-11117.9 0 0 0 0 0
-11119.2 0 0 0 0 0
-11120.6 0 0 0 0 0
-11122 0 0 0 0 0
-11123.4 0 0 0 0 0
-11124.7 0 0 0 0 0
-11126.1 0 0 0 0 0
-11127.5 0 0 0 0 0
-11128.8 0 0 0 0 0
-11130.2 0 0 0 0 0
-11131.6 0 0 0 0 0
-11132.9 0 0 0 0 0
-11134.3 0 0 0 0 0
-11135.7 0 0 0 0 0
-11137 0 0 0 0 0
-11138.4 0 0 0 0 0
-11139.7 0 0 0 0 0
-11141.1 0 0 0 0 0
-11142.5 0 0 0 0 0
-11143.8 0 0 0 0 0
-11145.2 0 0 0 0 0
-11146.5 0 0 0 0 0
-11147.9 0 0 0 0 0
-11149.2 0 0 0 0 0
-11150.6 0 0 0 0 0
-11151.9 0 0 0 0 0
-11153.2 0 0 0 0 0
-11154.6 0 0 0 0 0
-11155.9 0 0 0 0 0
-11157.3 0 0 0 0 0
-11158.6 0 0 0 0 0
-11159.9 0 0 0 0 0
-11161.3 0 0 0 0 0
-11162.6 0 0 0 0 0
-11163.9 0 0 0 0 0
-11165.3 0 0 0 0 0
-11166.6 0 0 0 0 0
-11167.9 0 0 0 0 0
-11169.2 0 0 0 0 0
-11170.5 0 0 0 0 0
-11171.9 0 0 0 0 0
-11173.2 0 0 0 0 0
-11174.5 0 0 0 0 0
-11175.8 0 0 0 0 0
-11177.1 0 0 0 0 0
-11178.4 0 0 0 0 0
-11179.8 0 0 0 0 0
-11181.1 0 0 0 0 0
-11182.4 0 0 0 0 0
-11183.7 0 0 0 0 0
-11185 0 0 0 0 0
-11186.3 0 0 0 0 0
-11187.6 0 0 0 0 0
-11188.9 0 0 0 0 0
-11190.2 0 0 0 0 0
-11191.5 0 0 0 0 0
-11192.8 0 0 0 0 0
-11194 0 0 0 0 0
-11195.3 0 0 0 0 0
-11196.6 0 0 0 0 0
-11197.9 0 0 0 0 0
-11199.2 0 0 0 0 0
-11200.5 0 0 0 0 0
-11201.7 0 0 0 0 0
-11203 0 0 0 0 0
-11204.3 0 0 0 0 0
-11205.6 0 0 0 0 0
-11206.8 0 0 0 0 0
-11208.1 0 0 0 0 0
-11209.4 0 0 0 0 0
-11210.6 0 0 0 0 0
-11211.9 0 0 0 0 0
-11213.1 0 0 0 0 0
-11214.4 0 0 0 0 0
-11215.7 0 0 0 0 0
-11216.9 0 0 0 0 0
-11218.2 0 0 0 0 0
-11219.4 0 0 0 0 0
-11220.7 0 0 0 0 0
-11221.9 0 0 0 0 0
-11223.1 0 0 0 0 0
-11224.4 0 0 0 0 0
-11225.6 0 0 0 0 0
-11226.9 0 0 0 0 0
-11228.1 0 0 0 0 0
-11229.3 0 0 0 0 0
-11230.6 0 0 0 0 0
-11231.8 0 0 0 0 0
-11233 0 0 0 0 0
-11234.2 0 0 0 0 0
-11235.4 0 0 0 0 0
-11236.7 0 0 0 0 0
-11237.9 0 0 0 0 0
-11239.1 0 0 0 0 0
-11240.3 0 0 0 0 0
-11241.5 0 0 0 0 0
-11242.7 0 0 0 0 0
-11243.9 0 0 0 0 0
-11245.1 0 0 0 0 0
-11246.3 0 0 0 0 0
-11247.5 0 0 0 0 0
-11248.7 0 0 0 0 0
-11249.9 0 0 0 0 0
-11251.1 0 0 0 0 0
-11252.3 0 0 0 0 0
-11253.5 0 0 0 0 0
-11254.6 0 0 0 0 0
-11255.8 0 0 0 0 0
-11257 0 0 0 0 0
-11258.2 0 0 0 0 0
-11259.3 0 0 0 0 0
-11260.5 0 0 0 0 0
-11261.7 0 0 0 0 0
-11262.8 0 0 0 0 0
-11264 0 0 0 0 0
-11265.1 0 0 0 0 0
-11266.3 0 0 0 0 0
-11267.5 0 0 0 0 0
-11268.6 0 0 0 0 0
-11269.8 0 0 0 0 0
-11270.9 0 0 0 0 0
-11272 0 0 0 0 0
-11273.2 0 0 0 0 0
-11274.3 0 0 0 0 0
-11275.4 0 0 0 0 0
-11276.6 0 0 0 0 0
-11277.7 0 0 0 0 0
-11278.8 0 0 0 0 0
-11280 0 0 0 0 0
-11281.1 0 0 0 0 0
-11282.2 0 0 0 0 0
-11283.3 0 0 0 0 0
-11284.4 0 0 0 0 0
-11285.5 0 0 0 0 0
-11286.6 0 0 0 0 0
-11287.7 0 0 0 0 0
-11288.8 0 0 0 0 0
-11289.9 0 0 0 0 0
-11291 0 0 0 0 0
-11292.1 0 0 0 0 0
-11293.2 0 0 0 0 0
-11294.3 0 0 0 0 0
-11295.4 0 0 0 0 0
-11296.5 0 0 0 0 0
-11297.5 0 0 0 0 0
-11298.6 0 0 0 0 0
-11299.7 0 0 0 0 0
-11300.8 0 0 0 0 0
-11301.8 0 0 0 0 0
-11302.9 0 0 0 0 0
-11303.9 0 0 0 0 0
-11305 0 0 0 0 0
-11306.1 0 0 0 0 0
-11307.1 0 0 0 0 0
-11308.1 0 0 0 0 0
-11309.2 0 0 0 0 0
-11310.2 0 0 0 0 0
-11311.3 0 0 0 0 0
-11312.3 0 0 0 0 0
-11313.3 0 0 0 0 0
-11314.4 0 0 0 0 0
-11315.4 0 0 0 0 0
-11316.4 0 0 0 0 0
-11317.4 0 0 0 0 0
-11318.5 0 0 0 0 0
-11319.5 0 0 0 0 0
-11320.5 0 0 0 0 0
-11321.5 0 0 0 0 0
-11322.5 0 0 0 0 0
-11323.5 0 0 0 0 0
-11324.5 0 0 0 0 0
-11325.5 0 0 0 0 0
-11326.5 0 0 0 0 0
-11327.5 0 0 0 0 0
-11328.4 0 0 0 0 0
-11329.4 0 0 0 0 0
-11330.4 0 0 0 0 0
-11331.4 0 0 0 0 0
-11332.3 0 0 0 0 0
-11333.3 0 0 0 0 0
-11334.3 0 0 0 0 0
-11335.2 0 0 0 0 0
-11336.2 0 0 0 0 0
-11337.2 0 0 0 0 0
-11338.1 0 0 0 0 0
-11339.1 0 0 0 0 0
-11340 0 0 0 0 0
-11340.9 0 0 0 0 0
-11341.9 0 0 0 0 0
-11342.8 0 0 0 0 0
-11343.7 0 0 0 0 0
-11344.7 0 0 0 0 0
-11345.6 0 0 0 0 0
-11346.5 0 0 0 0 0
-11347.4 0 0 0 0 0
-11348.4 0 0 0 0 0
-11349.3 0 0 0 0 0
-11350.2 0 0 0 0 0
-11351.1 0 0 0 0 0
-11352 0 0 0 0 0
-11352.9 0 0 0 0 0
-11353.8 0 0 0 0 0
-11354.7 0 0 0 0 0
-11355.5 0 0 0 0 0
-11356.4 0 0 0 0 0
-11357.3 0 0 0 0 0
-11358.2 0 0 0 0 0
-11359.1 0 0 0 0 0
-11359.9 0 0 0 0 0
-11360.8 0 0 0 0 0
-11361.6 0 0 0 0 0
-11362.5 0 0 0 0 0
-11363.4 0 0 0 0 0
-11364.2 0 0 0 0 0
-11365.1 0 0 0 0 0
-11365.9 0 0 0 0 0
-11366.7 0 0 0 0 0
-11367.6 0 0 0 0 0
-11368.4 0 0 0 0 0
-11369.2 0 0 0 0 0
-11370.1 0 0 0 0 0
-11370.9 0 0 0 0 0
-11371.7 0 0 0 0 0
-11372.5 0 0 0 0 0
-11373.3 0 0 0 0 0
-11374.1 0 0 0 0 0
-11374.9 0 0 0 0 0
-11375.7 0 0 0 0 0
-11376.5 0 0 0 0 0
-11377.3 0 0 0 0 0
-11378.1 0 0 0 0 0
-11378.9 0 0 0 0 0
-11379.7 0 0 0 0 0
-11380.5 0 0 0 0 0
-11381.2 0 0 0 0 0
-11382 0 0 0 0 0
-11382.8 0 0 0 0 0
-11383.5 0 0 0 0 0
-11384.3 0 0 0 0 0
-11385.1 0 0 0 0 0
-11385.8 0 0 0 0 0
-11386.5 0 0 0 0 0
-11387.3 0 0 0 0 0
-11388 0 0 0 0 0
-11388.8 0 0 0 0 0
-11389.5 0 0 0 0 0
-11390.2 0 0 0 0 0
-11391 0 0 0 0 0
-11391.7 0 0 0 0 0
-11392.4 0 0 0 0 0
-11393.1 0 0 0 0 0
-11393.8 0 0 0 0 0
-11394.5 0 0 0 0 0
-11395.2 0 0 0 0 0
-11395.9 0 0 0 0 0
-11396.6 0 0 0 0 0
-11397.3 0 0 0 0 0
-11398 0 0 0 0 0
-11398.7 0 0 0 0 0
-11399.3 0 0 0 0 0
-11400 0 0 0 0 0
-11400.7 0 0 0 0 0
-11401.3 0 0 0 0 0
-11402 0 0 0 0 0
-11402.7 0 0 0 0 0
-11403.3 0 0 0 0 0
-11404 0 0 0 0 0
-11404.6 0 0 0 0 0
-11405.3 0 0 0 0 0
-11405.9 0 0 0 0 0
-11406.5 0 0 0 0 0
-11407.2 0 0 0 0 0
-11407.8 0 0 0 0 0
-11408.4 0 0 0 0 0
-11409 0 0 0 0 0
-11409.6 0 0 0 0 0
-11410.2 0 0 0 0 0
-11410.8 0 0 0 0 0
-11411.4 0 0 0 0 0
-11412 0 0 0 0 0
-11412.6 0 0 0 0 0
-11413.2 0 0 0 0 0
-11413.8 0 0 0 0 0
-11414.4 0 0 0 0 0
-11415 0 0 0 0 0
-11415.5 0 0 0 0 0
-11416.1 0 0 0 0 0
-11416.7 0 0 0 0 0
-11417.2 0 0 0 0 0
-11417.8 0 0 0 0 0
-11418.3 0 0 0 0 0
-11418.9 0 0 0 0 0
-11419.4 0 0 0 0 0
-11420 0 0 0 0 0
-11420.5 0 0 0 0 0
-11421 0 0 0 0 0
-11421.6 0 0 0 0 0
-11422.1 0 0 0 0 0
-11422.6 0 0 0 0 0
-11423.1 0 0 0 0 0
-11423.6 0 0 0 0 0
-11424.1 0 0 0 0 0
-11424.6 0 0 0 0 0
-11425.1 0 0 0 0 0
-11425.6 0 0 0 0 0
-11426.1 0 0 0 0 0
-11426.6 0 0 0 0 0
-11427.1 0 0 0 0 0
-11427.6 0 0 0 0 0
-11428 0 0 0 0 0
-11428.5 0 0 0 0 0
-11429 0 0 0 0 0
-11429.4 0 0 0 0 0
-11429.9 0 0 0 0 0
-11430.3 0 0 0 0 0
-11430.8 0 0 0 0 0
-11431.2 0 0 0 0 0
-11431.7 0 0 0 0 0
-11432.1 0 0 0 0 0
-11432.5 0 0 0 0 0
-11433 0 0 0 0 0
-11433.4 0 0 0 0 0
-11433.8 0 0 0 0 0
-11434.2 0 0 0 0 0
-11434.6 0 0 0 0 0
-11435 0 0 0 0 0
-11435.4 0 0 0 0 0
-11435.8 0 0 0 0 0
-11436.2 0 0 0 0 0
-11436.6 0 0 0 0 0
-11437 0 0 0 0 0
-11437.4 0 0 0 0 0
-11437.7 0 0 0 0 0
-11438.1 0 0 0 0 0
-11438.5 0 0 0 0 0
-11438.8 0 0 0 0 0
-11439.2 0 0 0 0 0
-11439.5 0 0 0 0 0
-11439.9 0 0 0 0 0
-11440.2 0 0 0 0 0
-11440.6 0 0 0 0 0
-11440.9 0 0 0 0 0
-11441.2 0 0 0 0 0
-11441.6 0 0 0 0 0
-11441.9 0 0 0 0 0
-11442.2 0 0 0 0 0
-11442.5 0 0 0 0 0
-11442.8 0 0 0 0 0
-11443.1 0 0 0 0 0
-11443.4 0 0 0 0 0
-11443.7 0 0 0 0 0
-11444 0 0 0 0 0
-11444.3 0 0 0 0 0
-11444.6 0 0 0 0 0
-11444.9 0 0 0 0 0
-11445.1 0 0 0 0 0
-11445.4 0 0 0 0 0
-11445.7 0 0 0 0 0
-11445.9 0 0 0 0 0
-11446.2 0 0 0 0 0
-11446.4 0 0 0 0 0
-11446.7 0 0 0 0 0
-11446.9 0 0 0 0 0
-11447.2 0 0 0 0 0
-11447.4 0 0 0 0 0
-11447.6 0 0 0 0 0
-11447.9 0 0 0 0 0
-11448.1 0 0 0 0 0
-11448.3 0 0 0 0 0
-11448.5 0 0 0 0 0
-11448.7 0 0 0 0 0
-11448.9 0 0 0 0 0
-11449.1 0 0 0 0 0
-11449.3 0 0 0 0 0
-11449.5 0 0 0 0 0
-11449.7 0 0 0 0 0
-11449.9 0 0 0 0 0
-11450 0 0 0 0 0
-11450.2 0 0 0 0 0
-11450.4 0 0 0 0 0
-11450.5 0 0 0 0 0
-11450.7 0 0 0 0 0
-11450.9 0 0 0 0 0
-11451 0 0 0 0 0
-11451.2 0 0 0 0 0
-11451.3 0 0 0 0 0
-11451.4 0 0 0 0 0
-11451.6 0 0 0 0 0
-11451.7 0 0 0 0 0
-11451.8 0 0 0 0 0
-11451.9 0 0 0 0 0
-11452 0 0 0 0 0
-11452.2 0 0 0 0 0
-11452.3 0 0 0 0 0
-11452.4 0 0 0 0 0
-11452.5 0 0 0 0 0
-11452.6 0 0 0 0 0
-11452.6 0 0 0 0 0
-11452.7 0 0 0 0 0
-11452.8 0 0 0 0 0
-11452.9 0 0 0 0 0
-11452.9 0 0 0 0 0
-11453 0 0 0 0 0
-11453.1 0 0 0 0 0
-11453.1 0 0 0 0 0
-11453.2 0 0 0 0 0
-11453.2 0 0 0 0 0
-11453.3 0 0 0 0 0
-11453.3 0 0 0 0 0
-11453.3 0 0 0 0 0
-11453.4 0 0 0 0 0
-11453.4 0 0 0 0 0
-11453.4 0 0 0 0 0
-11453.4 0 0 0 0 0
-11453.4 0 0 0 0 0
-11453.4 0 0 0 0 0
-11453.4 0 0 0 0 0
-11417.6 0 0 0 0 0
-11292.1 0 0 0 0 0
-11077.1 0 0 0 0 0
-10741.9 0 0 0 0 0
-10341.7 0 0 0 0 0
-9849.42 0 0 0 0 0
-9267.8 0 0 0 0 0
-8596.55 0 0 0 0 0
-7835.72 0 0 0 0 0
-6985.31 0 0 0 0 0
-6045.33 0 0 0 0 0
-5015.78 0 0 0 0 0
-3896.68 0 0 0 0 0
-2688.04 0 0 0 0 0
-1389.87 0 0 0 0 0
-2.18906 0 0 0 0 0
1475 0 0 0 0 0
3041.68 0 0 0 0 0
4697.83 0 0 0 0 0
6443.43 0 0 0 0 0
8278.48 0 0 0 0 0
10202.9 0 0 0 0 0
10546.6 0 0 0 0 0
10546.7 0 0 0 0 0
10546.8 0 0 0 0 0
10547 0 0 0 0 0
10547.1 0 0 0 0 0
10547.2 0 0 0 0 0
10547.3 0 0 0 0 0
10547.5 0 0 0 0 0
10547.6 0 0 0 0 0
10547.7 0 0 0 0 0
10547.9 0 0 0 0 0
10548 0 0 0 0 0
10548.2 0 0 0 0 0
10548.4 0 0 0 0 0
10548.5 0 0 0 0 0
10548.7 0 0 0 0 0
10548.9 0 0 0 0 0
10549 0 0 0 0 0
10549.2 0 0 0 0 0
10549.4 0 0 0 0 0
10549.6 0 0 0 0 0
10549.8 0 0 0 0 0
10550 0 0 0 0 0
10550.2 0 0 0 0 0
10550.4 0 0 0 0 0
10550.6 0 0 0 0 0
10550.8 0 0 0 0 0
10551 0 0 0 0 0
10551.3 0 0 0 0 0
10551.5 0 0 0 0 0
10551.7 0 0 0 0 0
10552 0 0 0 0 0
10552.2 0 0 0 0 0
10552.5 0 0 0 0 0
10552.7 0 0 0 0 0
10553 0 0 0 0 0
10553.2 0 0 0 0 0
10553.5 0 0 0 0 0
10553.8 0 0 0 0 0
10554 0 0 0 0 0
10554.3 0 0 0 0 0
10554.6 0 0 0 0 0
10554.9 0 0 0 0 0
10555.2 0 0 0 0 0
10555.5 0 0 0 0 0
10555.8 0 0 0 0 0
10556.1 0 0 0 0 0
10556.4 0 0 0 0 0
10556.7 0 0 0 0 0
10557 0 0 0 0 0
10557.3 0 0 0 0 0
10557.7 0 0 0 0 0
10558 0 0 0 0 0
10558.3 0 0 0 0 0
10558.7 0 0 0 0 0
10559 0 0 0 0 0
10559.4 0 0 0 0 0
10559.7 0 0 0 0 0
10560.1 0 0 0 0 0
10560.4 0 0 0 0 0
10560.8 0 0 0 0 0
10561.2 0 0 0 0 0
10561.5 0 0 0 0 0
10561.9 0 0 0 0 0
10562.3 0 0 0 0 0
10562.7 0 0 0 0 0
10563.1 0 0 0 0 0
10563.5 0 0 0 0 0
10563.9 0 0 0 0 0
10564.3 0 0 0 0 0
10564.7 0 0 0 0 0
10565.1 0 0 0 0 0
10565.5 0 0 0 0 0
10565.9 0 0 0 0 0
10566.4 0 0 0 0 0
10566.8 0 0 0 0 0
10567.2 0 0 0 0 0
10567.7 0 0 0 0 0
10568.1 0 0 0 0 0
10568.6 0 0 0 0 0
10569 0 0 0 0 0
10569.5 0 0 0 0 0
10569.9 0 0 0 0 0
10570.4 0 0 0 0 0
10570.9 0 0 0 0 0
10571.3 0 0 0 0 0
10571.8 0 0 0 0 0
10572.3 0 0 0 0 0
10572.8 0 0 0 0 0
10573.3 0 0 0 0 0
10573.8 0 0 0 0 0
10574.3 0 0 0 0 0
10574.8 0 0 0 0 0
10575.3 0 0 0 0 0
10575.8 0 0 0 0 0
10576.3 0 0 0 0 0
10576.8 0 0 0 0 0
10577.3 0 0 0 0 0
10577.9 0 0 0 0 0
10578.4 0 0 0 0 0
10578.9 0 0 0 0 0
10579.5 0 0 0 0 0
10580 0 0 0 0 0
10580.6 0 0 0 0 0
10581.1 0 0 0 0 0
10581.7 0 0 0 0 0
10582.2 0 0 0 0 0
10582.8 0 0 0 0 0
10583.4 0 0 0 0 0
10583.9 0 0 0 0 0
10584.5 0 0 0 0 0
10585.1 0 0 0 0 0
10585.7 0 0 0 0 0
10586.3 0 0 0 0 0
10586.9 0 0 0 0 0
10587.5 0 0 0 0 0
10588.1 0 0 0 0 0
10588.7 0 0 0 0 0
10589.3 0 0 0 0 0
10589.9 0 0 0 0 0
10590.5 0 0 0 0 0
10591.1 0 0 0 0 0
10591.7 0 0 0 0 0
10592.4 0 0 0 0 0
10593 0 0 0 0 0
10593.6 0 0 0 0 0
10594.3 0 0 0 0 0
10594.9 0 0 0 0 0
10595.6 0 0 0 0 0
10596.2 0 0 0 0 0
10596.9 0 0 0 0 0
10597.6 0 0 0 0 0
10598.2 0 0 0 0 0
10598.9 0 0 0 0 0
10599.6 0 0 0 0 0
10600.2 0 0 0 0 0
10600.9 0 0 0 0 0
10601.6 0 0 0 0 0
10602.3 0 0 0 0 0
10603 0 0 0 0 0
10603.7 0 0 0 0 0
10604.4 0 0 0 0 0
10605.1 0 0 0 0 0
10605.8 0 0 0 0 0
10606.5 0 0 0 0 0
10607.2 0 0 0 0 0
10607.9 0 0 0 0 0
10608.7 0 0 0 0 0
10609.4 0 0 0 0 0
10610.1 0 0 0 0 0
10610.9 0 0 0 0 0
10611.6 0 0 0 0 0
10612.4 0 0 0 0 0
10613.1 0 0 0 0 0
10613.8 0 0 0 0 0
10614.6 0 0 0 0 0
10615.4 0 0 0 0 0
10616.1 0 0 0 0 0
10616.9 0 0 0 0 0
10617.7 0 0 0 0 0
10618.4 0 0 0 0 0
10619.2 0 0 0 0 0
10620 0 0 0 0 0
10620.8 0 0 0 0 0
10621.6 0 0 0 0 0
10622.4 0 0 0 0 0
10623.2 0 0 0 0 0
10624 0 0 0 0 0
10624.8 0 0 0 0 0
10625.6 0 0 0 0 0
10626.4 0 0 0 0 0
10627.2 0 0 0 0 0
10628 0 0 0 0 0
10628.8 0 0 0 0 0
10629.7 0 0 0 0 0
10630.5 0 0 0 0 0
10631.3 0 0 0 0 0
10632.2 0 0 0 0 0
10633 0 0 0 0 0
10633.8 0 0 0 0 0
10634.7 0 0 0 0 0
10635.5 0 0 0 0 0
10636.4 0 0 0 0 0
10637.3 0 0 0 0 0
10638.1 0 0 0 0 0
10639 0 0 0 0 0
10639.8 0 0 0 0 0
10640.7 0 0 0 0 0
10641.6 0 0 0 0 0
10642.5 0 0 0 0 0
10643.4 0 0 0 0 0
10644.2 0 0 0 0 0
10645.1 0 0 0 0 0
10646 0 0 0 0 0
10646.9 0 0 0 0 0
10647.8 0 0 0 0 0
10648.7 0 0 0 0 0
10649.6 0 0 0 0 0
10650.5 0 0 0 0 0
10651.5 0 0 0 0 0
10652.4 0 0 0 0 0
10653.3 0 0 0 0 0
10654.2 0 0 0 0 0
10655.2 0 0 0 0 0
10656.1 0 0 0 0 0
10657 0 0 0 0 0
10658 0 0 0 0 0
10658.9 0 0 0 0 0
10659.8 0 0 0 0 0
10660.8 0 0 0 0 0
10661.7 0 0 0 0 0
10662.7 0 0 0 0 0
10663.7 0 0 0 0 0
10664.6 0 0 0 0 0
10665.6 0 0 0 0 0
10666.6 0 0 0 0 0
10667.5 0 0 0 0 0
10668.5 0 0 0 0 0
10669.5 0 0 0 0 0
10670.5 0 0 0 0 0
10671.4 0 0 0 0 0
10672.4 0 0 0 0 0
10673.4 0 0 0 0 0
10674.4 0 0 0 0 0
10675.4 0 0 0 0 0
10676.4 0 0 0 0 0
10677.4 0 0 0 0 0
10678.4 0 0 0 0 0
10679.4 0 0 0 0 0
10680.4 0 0 0 0 0
10681.5 0 0 0 0 0
10682.5 0 0 0 0 0
10683.5 0 0 0 0 0
10684.5 0 0 0 0 0
10685.6 0 0 0 0 0
10686.6 0 0 0 0 0
10687.6 0 0 0 0 0
10688.7 0 0 0 0 0
10689.7 0 0 0 0 0
10690.8 0 0 0 0 0
10691.8 0 0 0 0 0
10692.8 0 0 0 0 0
10693.9 0 0 0 0 0
10695 0 0 0 0 0
10696 0 0 0 0 0
10697.1 0 0 0 0 0
10698.1 0 0 0 0 0
10699.2 0 0 0 0 0
10700.3 0 0 0 0 0
10701.4 0 0 0 0 0
10702.4 0 0 0 0 0
10703.5 0 0 0 0 0
10704.6 0 0 0 0 0
10705.7 0 0 0 0 0
10706.8 0 0 0 0 0
10707.9 0 0 0 0 0
10709 0 0 0 0 0
10710.1 0 0 0 0 0
10711.2 0 0 0 0 0
10712.3 0 0 0 0 0
10713.4 0 0 0 0 0
10714.5 0 0 0 0 0
10715.6 0 0 0 0 0
10716.7 0 0 0 0 0
10717.8 0 0 0 0 0
10718.9 0 0 0 0 0
10720.1 0 0 0 0 0
10721.2 0 0 0 0 0
10722.3 0 0 0 0 0
10723.4 0 0 0 0 0
10724.6 0 0 0 0 0
10725.7 0 0 0 0 0
10726.9 0 0 0 0 0
10728 0 0 0 0 0
10729.1 0 0 0 0 0
10730.3 0 0 0 0 0
10731.4 0 0 0 0 0
10732.6 0 0 0 0 0
10733.7 0 0 0 0 0
10734.9 0 0 0 0 0
10736.1 0 0 0 0 0
10737.2 0 0 0 0 0
10738.4 0 0 0 0 0
10739.6 0 0 0 0 0
10740.7 0 0 0 0 0
10741.9 0 0 0 0 0
10743.1 0 0 0 0 0
10744.3 0 0 0 0 0
10745.4 0 0 0 0 0
10746.6 0 0 0 0 0
10747.8 0 0 0 0 0
10749 0 0 0 0 0
10750.2 0 0 0 0 0
10751.4 0 0 0 0 0
10752.6 0 0 0 0 0
10753.8 0 0 0 0 0
10755 0 0 0 0 0
10756.2 0 0 0 0 0
10757.4 0 0 0 0 0
10758.6 0 0 0 0 0
10759.8 0 0 0 0 0
10761 0 0 0 0 0
10762.2 0 0 0 0 0
10763.5 0 0 0 0 0
10764.7 0 0 0 0 0
10765.9 0 0 0 0 0
10767.1 0 0 0 0 0
10768.3 0 0 0 0 0
10769.6 0 0 0 0 0
10770.8 0 0 0 0 0
10772 0 0 0 0 0
10773.3 0 0 0 0 0
10774.5 0 0 0 0 0
10775.8 0 0 0 0 0
10777 0 0 0 0 0
10778.2 0 0 0 0 0
10779.5 0 0 0 0 0
10780.7 0 0 0 0 0
10782 0 0 0 0 0
10783.2 0 0 0 0 0
10784.5 0 0 0 0 0
10785.7 0 0 0 0 0
10787 0 0 0 0 0
10788.3 0 0 0 0 0
10789.5 0 0 0 0 0
10790.8 0 0 0 0 0
10792.1 0 0 0 0 0
10793.3 0 0 0 0 0
10794.6 0 0 0 0 0
10795.9 0 0 0 0 0
10797.2 0 0 0 0 0
10798.4 0 0 0 0 0
10799.7 0 0 0 0 0
10801 0 0 0 0 0
10802.3 0 0 0 0 0
10803.6 0 0 0 0 0
10804.9 0 0 0 0 0
10806.1 0 0 0 0 0
10807.4 0 0 0 0 0
10808.7 0 0 0 0 0
10810 0 0 0 0 0
10811.3 0 0 0 0 0
10812.6 0 0 0 0 0
10813.9 0 0 0 0 0
10815.2 0 0 0 0 0
10816.5 0 0 0 0 0
10817.8 0 0 0 0 0
10819.1 0 0 0 0 0
10820.5 0 0 0 0 0
10821.8 0 0 0 0 0
10823.1 0 0 0 0 0
10824.4 0 0 0 0 0
10825.7 0 0 0 0 0
10827 0 0 0 0 0
10828.4 0 0 0 0 0
10829.7 0 0 0 0 0
10831 0 0 0 0 0
10832.3 0 0 0 0 0
10833.6 0 0 0 0 0
10835 0 0 0 0 0
10836.3 0 0 0 0 0
10837.6 0 0 0 0 0
10839 0 0 0 0 0
10840.3 0 0 0 0 0
10841.6 0 0 0 0 0
10843 0 0 0 0 0
10844.3 0 0 0 0 0
10845.7 0 0 0 0 0
10847 0 0 0 0 0
10848.3 0 0 0 0 0
10849.7 0 0 0 0 0
10851 0 0 0 0 0
10852.4 0 0 0 0 0
10853.7 0 0 0 0 0
10855.1 0 0 0 0 0
10856.4 0 0 0 0 0
10857.8 0 0 0 0 0
10859.2 0 0 0 0 0
10860.5 0 0 0 0 0
10861.9 0 0 0 0 0
10863.2 0 0 0 0 0
10864.6 0 0 0 0 0
10866 0 0 0 0 0
10867.3 0 0 0 0 0
10868.7 0 0 0 0 0
10870.1 0 0 0 0 0
10871.4 0 0 0 0 0
10872.8 0 0 0 0 0
10874.2 0 0 0 0 0
10875.5 0 0 0 0 0
10876.9 0 0 0 0 0
10878.3 0 0 0 0 0
10879.7 0 0 0 0 0
10881 0 0 0 0 0
10882.4 0 0 0 0 0
10883.8 0 0 0 0 0
10885.2 0 0 0 0 0
10886.5 0 0 0 0 0
10887.9 0 0 0 0 0
10889.3 0 0 0 0 0
10890.7 0 0 0 0 0
10892.1 0 0 0 0 0
10893.5 0 0 0 0 0
10894.9 0 0 0 0 0
10896.2 0 0 0 0 0
10897.6 0 0 0 0 0
10899 0 0 0 0 0
10900.4 0 0 0 0 0
10901.8 0 0 0 0 0
10903.2 0 0 0 0 0
10904.6 0 0 0 0 0
10906 0 0 0 0 0
10907.4 0 0 0 0 0
10908.8 0 0 0 0 0
10910.2 0 0 0 0 0
10911.6 0 0 0 0 0
10913 0 0 0 0 0
10914.4 0 0 0 0 0
10915.8 0 0 0 0 0
10917.2 0 0 0 0 0
10918.6 0 0 0 0 0
10920 0 0 0 0 0
10921.4 0 0 0 0 0
10922.8 0 0 0 0 0
10924.2 0 0 0 0 0
10925.6 0 0 0 0 0
10927 0 0 0 0 0
10928.4 0 0 0 0 0
10929.8 0 0 0 0 0
10931.2 0 0 0 0 0
10932.7 0 0 0 0 0
10934.1 0 0 0 0 0
10935.5 0 0 0 0 0
10936.9 0 0 0 0 0
10938.3 0 0 0 0 0
10939.7 0 0 0 0 0
10941.1 0 0 0 0 0
10942.5 0 0 0 0 0
10944 0 0 0 0 0
10945.4 0 0 0 0 0
10946.8 0 0 0 0 0
10948.2 0 0 0 0 0
10949.6 0 0 0 0 0
10951 0 0 0 0 0
10952.5 0 0 0 0 0
10953.9 0 0 0 0 0
10955.3 0 0 0 0 0
10956.7 0 0 0 0 0
10958.1 0 0 0 0 0
10959.6 0 0 0 0 0
10961 0 0 0 0 0
10962.4 0 0 0 0 0
10963.8 0 0 0 0 0
10965.3 0 0 0 0 0
10966.7 0 0 0 0 0
10968.1 0 0 0 0 0
10969.5 0 0 0 0 0
10970.9 0 0 0 0 0
10972.4 0 0 0 0 0
10973.8 0 0 0 0 0
10975.2 0 0 0 0 0
10976.6 0 0 0 0 0
10978.1 0 0 0 0 0
10979.5 0 0 0 0 0
10980.9 0 0 0 0 0
10982.3 0 0 0 0 0
10983.8 0 0 0 0 0
10985.2 0 0 0 0 0
10986.6 0 0 0 0 0
10988 0 0 0 0 0
10989.5 0 0 0 0 0
10990.9 0 0 0 0 0
10992.3 0 0 0 0 0
10993.7 0 0 0 0 0
10995.2 0 0 0 0 0
10996.6 0 0 0 0 0
10998 0 0 0 0 0
10999.4 0 0 0 0 0
11000.9 0 0 0 0 0
11002.3 0 0 0 0 0
11003.7 0 0 0 0 0
11005.2 0 0 0 0 0
11006.6 0 0 0 0 0
11008 0 0 0 0 0
11009.4 0 0 0 0 0
11010.9 0 0 0 0 0
11012.3 0 0 0 0 0
11013.7 0 0 0 0 0
11015.1 0 0 0 0 0
11016.6 0 0 0 0 0
11018 0 0 0 0 0
11019.4 0 0 0 0 0
11020.8 0 0 0 0 0
11022.3 0 0 0 0 0
11023.7 0 0 0 0 0
11025.1 0 0 0 0 0
11026.5 0 0 0 0 0
11028 0 0 0 0 0
11029.4 0 0 0 0 0
11030.8 0 0 0 0 0
11032.2 0 0 0 0 0
11033.6 0 0 0 0 0
11035.1 0 0 0 0 0
11036.5 0 0 0 0 0
11037.9 0 0 0 0 0
11039.3 0 0 0 0 0
11040.8 0 0 0 0 0
11042.2 0 0 0 0 0
11043.6 0 0 0 0 0
11045 0 0 0 0 0
11046.4 0 0 0 0 0
11047.9 0 0 0 0 0
11049.3 0 0 0 0 0
11050.7 0 0 0 0 0
11052.1 0 0 0 0 0
11053.5 0 0 0 0 0
11054.9 0 0 0 0 0
11056.4 0 0 0 0 0
11057.8 0 0 0 0 0
11059.2 0 0 0 0 0
11060.6 0 0 0 0 0
11062 0 0 0 0 0
11063.4 0 0 0 0 0
11064.8 0 0 0 0 0
11066.2 0 0 0 0 0
11067.7 0 0 0 0 0
11069.1 0 0 0 0 0
11070.5 0 0 0 0 0
11071.9 0 0 0 0 0
11073.3 0 0 0 0 0
11074.7 0 0 0 0 0
11076.1 0 0 0 0 0
11077.5 0 0 0 0 0
11078.9 0 0 0 0 0
11080.3 0 0 0 0 0
11081.7 0 0 0 0 0
11083.1 0 0 0 0 0
11084.5 0 0 0 0 0
11085.9 0 0 0 0 0
11087.3 0 0 0 0 0
11088.7 0 0 0 0 0
11090.1 0 0 0 0 0
11091.5 0 0 0 0 0
11092.9 0 0 0 0 0
11094.3 0 0 0 0 0
11095.7 0 0 0 0 0
11097.1 0 0 0 0 0
11098.5 0 0 0 0 0
11099.9 0 0 0 0 0
11101.3 0 0 0 0 0
11102.7 0 0 0 0 0
11104 0 0 0 0 0
11105.4 0 0 0 0 0
11106.8 0 0 0 0 0
11108.2 0 0 0 0 0
11109.6 0 0 0 0 0
11111 0 0 0 0 0
11112.4 0 0 0 0 0
11113.7 0 0 0 0 0
11115.1 0 0 0 0 0
11116.5 0 0 0 0 0
11117.9 0 0 0 0 0
11119.2 0 0 0 0 0
11120.6 0 0 0 0 0
11122 0 0 0 0 0
11123.4 0 0 0 0 0
11124.7 0 0 0 0 0
11126.1 0 0 0 0 0
11127.5 0 0 0 0 0
11128.8 0 0 0 0 0
11130.2 0 0 0 0 0
11131.6 0 0 0 0 0
11132.9 0 0 0 0 0
11134.3 0 0 0 0 0
11135.7 0 0 0 0 0
11137 0 0 0 0 0
11138.4 0 0 0 0 0
11139.7 0 0 0 0 0
11141.1 0 0 0 0 0
11142.5 0 0 0 0 0
11143.8 0 0 0 0 0
11145.2 0 0 0 0 0
11146.5 0 0 0 0 0
11147.9 0 0 0 0 0
11149.2 0 0 0 0 0
11150.6 0 0 0 0 0
11151.9 0 0 0 0 0
11153.2 0 0 0 0 0
11154.6 0 0 0 0 0
11155.9 0 0 0 0 0
11157.3 0 0 0 0 0
11158.6 0 0 0 0 0
11159.9 0 0 0 0 0
11161.3 0 0 0 0 0
11162.6 0 0 0 0 0
11163.9 0 0 0 0 0
11165.3 0 0 0 0 0
11166.6 0 0 0 0 0
11167.9 0 0 0 0 0
11169.2 0 0 0 0 0
11170.5 0 0 0 0 0
11171.9 0 0 0 0 0
11173.2 0 0 0 0 0
11174.5 0 0 0 0 0
11175.8 0 0 0 0 0
11177.1 0 0 0 0 0
11178.4 0 0 0 0 0
11179.8 0 0 0 0 0
11181.1 0 0 0 0 0
11182.4 0 0 0 0 0
11183.7 0 0 0 0 0
11185 0 0 0 0 0
11186.3 0 0 0 0 0
11187.6 0 0 0 0 0
11188.9 0 0 0 0 0
11190.2 0 0 0 0 0
11191.5 0 0 0 0 0
11192.8 0 0 0 0 0
11194 0 0 0 0 0
11195.3 0 0 0 0 0
11196.6 0 0 0 0 0
11197.9 0 0 0 0 0
11199.2 0 0 0 0 0
11200.5 0 0 0 0 0
11201.7 0 0 0 0 0
11203 0 0 0 0 0
11204.3 0 0 0 0 0
11205.6 0 0 0 0 0
11206.8 0 0 0 0 0
11208.1 0 0 0 0 0
11209.4 0 0 0 0 0
11210.6 0 0 0 0 0
11211.9 0 0 0 0 0
11213.1 0 0 0 0 0
11214.4 0 0 0 0 0
11215.7 0 0 0 0 0
11216.9 0 0 0 0 0
11218.2 0 0 0 0 0
11219.4 0 0 0 0 0
11220.7 0 0 0 0 0
11221.9 0 0 0 0 0
11223.1 0 0 0 0 0
11224.4 0 0 0 0 0
11225.6 0 0 0 0 0
11226.9 0 0 0 0 0
11228.1 0 0 0 0 0
11229.3 0 0 0 0 0
11230.6 0 0 0 0 0
11231.8 0 0 0 0 0
11233 0 0 0 0 0
11234.2 0 0 0 0 0
11235.4 0 0 0 0 0
11236.7 0 0 0 0 0
11237.9 0 0 0 0 0
11239.1 0 0 0 0 0
11240.3 0 0 0 0 0
11241.5 0 0 0 0 0
11242.7 0 0 0 0 0
11243.9 0 0 0 0 0
11245.1 0 0 0 0 0
11246.3 0 0 0 0 0
11247.5 0 0 0 0 0
11248.7 0 0 0 0 0
11249.9 0 0 0 0 0
11251.1 0 0 0 0 0
11252.3 0 0 0 0 0
11253.5 0 0 0 0 0
11254.6 0 0 0 0 0
11255.8 0 0 0 0 0
11257 0 0 0 0 0
11258.2 0 0 0 0 0
11259.3 0 0 0 0 0
11260.5 0 0 0 0 0
11261.7 0 0 0 0 0
11262.8 0 0 0 0 0
11264 0 0 0 0 0
11265.1 0 0 0 0 0
11266.3 0 0 0 0 0
11267.5 0 0 0 0 0
11268.6 0 0 0 0 0
11269.8 0 0 0 0 0
11270.9 0 0 0 0 0
11272 0 0 0 0 0
11273.2 0 0 0 0 0
11274.3 0 0 0 0 0
11275.4 0 0 0 0 0
11276.6 0 0 0 0 0
11277.7 0 0 0 0 0
11278.8 0 0 0 0 0
11280 0 0 0 0 0
11281.1 0 0 0 0 0
11282.2 0 0 0 0 0
11283.3 0 0 0 0 0
11284.4 0 0 0 0 0
11285.5 0 0 0 0 0
11286.6 0 0 0 0 0
11287.7 0 0 0 0 0
11288.8 0 0 0 0 0
11289.9 0 0 0 0 0
11291 0 0 0 0 0
11292.1 0 0 0 0 0
11293.2 0 0 0 0 0
11294.3 0 0 0 0 0
11295.4 0 0 0 0 0
11296.5 0 0 0 0 0
11297.5 0 0 0 0 0
11298.6 0 0 0 0 0
11299.7 0 0 0 0 0
11300.8 0 0 0 0 0
11301.8 0 0 0 0 0
11302.9 0 0 0 0 0
11303.9 0 0 0 0 0
11305 0 0 0 0 0
11306.1 0 0 0 0 0
11307.1 0 0 0 0 0
11308.1 0 0 0 0 0
11309.2 0 0 0 0 0
11310.2 0 0 0 0 0
11311.3 0 0 0 0 0
11312.3 0 0 0 0 0
11313.3 0 0 0 0 0
11314.4 0 0 0 0 0
11315.4 0 0 0 0 0
11316.4 0 0 0 0 0
11317.4 0 0 0 0 0
11318.5 0 0 0 0 0
11319.5 0 0 0 0 0
11320.5 0 0 0 0 0
11321.5 0 0 0 0 0
11322.5 0 0 0 0 0
11323.5 0 0 0 0 0
11324.5 0 0 0 0 0
11325.5 0 0 0 0 0
11326.5 0 0 0 0 0
11327.5 0 0 0 0 0
11328.4 0 0 0 0 0
11329.4 0 0 0 0 0
11330.4 0 0 0 0 0
11331.4 0 0 0 0 0
11332.3 0 0 0 0 0
11333.3 0 0 0 0 0
11334.3 0 0 0 0 0
11335.2 0 0 0 0 0
11336.2 0 0 0 0 0
11337.2 0 0 0 0 0
11338.1 0 0 0 0 0
11339.1 0 0 0 0 0
11340 0 0 0 0 0
11340.9 0 0 0 0 0
11341.9 0 0 0 0 0
11342.8 0 0 0 0 0
11343.7 0 0 0 0 0
11344.7 0 0 0 0 0
11345.6 0 0 0 0 0
11346.5 0 0 0 0 0
11347.4 0 0 0 0 0
11348.4 0 0 0 0 0
11349.3 0 0 0 0 0
11350.2 0 0 0 0 0
11351.1 0 0 0 0 0
11352 0 0 0 0 0
11352.9 0 0 0 0 0
11353.8 0 0 0 0 0
11354.7 0 0 0 0 0
11355.5 0 0 0 0 0
11356.4 0 0 0 0 0
11357.3 0 0 0 0 0
11358.2 0 0 0 0 0
11359.1 0 0 0 0 0
11359.9 0 0 0 0 0
11360.8 0 0 0 0 0
11361.6 0 0 0 0 0
11362.5 0 0 0 0 0
11363.4 0 0 0 0 0
11364.2 0 0 0 0 0
11365.1 0 0 0 0 0
11365.9 0 0 0 0 0
11366.7 0 0 0 0 0
11367.6 0 0 0 0 0
11368.4 0 0 0 0 0
11369.2 0 0 0 0 0
11370.1 0 0 0 0 0
11370.9 0 0 0 0 0
11371.7 0 0 0 0 0
11372.5 0 0 0 0 0
11373.3 0 0 0 0 0
11374.1 0 0 0 0 0
11374.9 0 0 0 0 0
11375.7 0 0 0 0 0
11376.5 0 0 0 0 0
11377.3 0 0 0 0 0
11378.1 0 0 0 0 0
11378.9 0 0 0 0 0
11379.7 0 0 0 0 0
11380.5 0 0 0 0 0
11381.2 0 0 0 0 0
11382 0 0 0 0 0
11382.8 0 0 0 0 0
11383.5 0 0 0 0 0
11384.3 0 0 0 0 0
11385.1 0 0 0 0 0
11385.8 0 0 0 0 0
11386.5 0 0 0 0 0
11387.3 0 0 0 0 0
11388 0 0 0 0 0
11388.8 0 0 0 0 0
11389.5 0 0 0 0 0
11390.2 0 0 0 0 0
11391 0 0 0 0 0
11391.7 0 0 0 0 0
11392.4 0 0 0 0 0
11393.1 0 0 0 0 0
11393.8 0 0 0 0 0
11394.5 0 0 0 0 0
11395.2 0 0 0 0 0
11395.9 0 0 0 0 0
11396.6 0 0 0 0 0
11397.3 0 0 0 0 0
11398 0 0 0 0 0
11398.7 0 0 0 0 0
11399.3 0 0 0 0 0
11400 0 0 0 0 0
11400.7 0 0 0 0 0
11401.3 0 0 0 0 0
11402 0 0 0 0 0
11402.7 0 0 0 0 0
11403.3 0 0 0 0 0
11404 0 0 0 0 0
11404.6 0 0 0 0 0
11405.3 0 0 0 0 0
11405.9 0 0 0 0 0
11406.5 0 0 0 0 0
11407.2 0 0 0 0 0
11407.8 0 0 0 0 0
11408.4 0 0 0 0 0
11409 0 0 0 0 0
11409.6 0 0 0 0 0
11410.2 0 0 0 0 0
11410.8 0 0 0 0 0
11411.4 0 0 0 0 0
11412 0 0 0 0 0
11412.6 0 0 0 0 0
11413.2 0 0 0 0 0
11413.8 0 0 0 0 0
11414.4 0 0 0 0 0
11415 0 0 0 0 0
11415.5 0 0 0 0 0
11416.1 0 0 0 0 0
11416.7 0 0 0 0 0
11417.2 0 0 0 0 0
11417.8 0 0 0 0 0
11418.3 0 0 0 0 0
11418.9 0 0 0 0 0
11419.4 0 0 0 0 0
11420 0 0 0 0 0
11420.5 0 0 0 0 0
11421 0 0 0 0 0
11421.6 0 0 0 0 0
11422.1 0 0 0 0 0
11422.6 0 0 0 0 0
11423.1 0 0 0 0 0
11423.6 0 0 0 0 0
11424.1 0 0 0 0 0
11424.6 0 0 0 0 0
11425.1 0 0 0 0 0
11425.6 0 0 0 0 0
11426.1 0 0 0 0 0
11426.6 0 0 0 0 0
11427.1 0 0 0 0 0
11427.6 0 0 0 0 0
11428 0 0 0 0 0
11428.5 0 0 0 0 0
11429 0 0 0 0 0
11429.4 0 0 0 0 0
11429.9 0 0 0 0 0
11430.3 0 0 0 0 0
11430.8 0 0 0 0 0
11431.2 0 0 0 0 0
11431.7 0 0 0 0 0
11432.1 0 0 0 0 0
11432.5 0 0 0 0 0
11433 0 0 0 0 0
11433.4 0 0 0 0 0
11433.8 0 0 0 0 0
11434.2 0 0 0 0 0
11434.6 0 0 0 0 0
11435 0 0 0 0 0
11435.4 0 0 0 0 0
11435.8 0 0 0 0 0
11436.2 0 0 0 0 0
11436.6 0 0 0 0 0
11437 0 0 0 0 0
11437.4 0 0 0 0 0
11437.7 0 0 0 0 0
11438.1 0 0 0 0 0
11438.5 0 0 0 0 0
11438.8 0 0 0 0 0
11439.2 0 0 0 0 0
11439.5 0 0 0 0 0
11439.9 0 0 0 0 0
11440.2 0 0 0 0 0
11440.6 0 0 0 0 0
11440.9 0 0 0 0 0
11441.2 0 0 0 0 0
11441.6 0 0 0 0 0
11441.9 0 0 0 0 0
11442.2 0 0 0 0 0
11442.5 0 0 0 0 0
11442.8 0 0 0 0 0
11443.1 0 0 0 0 0
11443.4 0 0 0 0 0
11443.7 0 0 0 0 0
11444 0 0 0 0 0
11444.3 0 0 0 0 0
11444.6 0 0 0 0 0
11444.9 0 0 0 0 0
11445.1 0 0 0 0 0
11445.4 0 0 0 0 0
11445.7 0 0 0 0 0
11445.9 0 0 0 0 0
11446.2 0 0 0 0 0
11446.4 0 0 0 0 0
11446.7 0 0 0 0 0
11446.9 0 0 0 0 0
11447.2 0 0 0 0 0
11447.4 0 0 0 0 0
11447.6 0 0 0 0 0
11447.9 0 0 0 0 0
11448.1 0 0 0 0 0
11448.3 0 0 0 0 0
11448.5 0 0 0 0 0
11448.7 0 0 0 0 0
11448.9 0 0 0 0 0
11449.1 0 0 0 0 0
11449.3 0 0 0 0 0
11449.5 0 0 0 0 0
11449.7 0 0 0 0 0
11449.9 0 0 0 0 0
11450 0 0 0 0 0
11450.2 0 0 0 0 0
11450.4 0 0 0 0 0
11450.5 0 0 0 0 0
11450.7 0 0 0 0 0
11450.9 0 0 0 0 0
11451 0 0 0 0 0
11451.2 0 0 0 0 0
11451.3 0 0 0 0 0
11451.4 0 0 0 0 0
11451.6 0 0 0 0 0
11451.7 0 0 0 0 0
11451.8 0 0 0 0 0
11451.9 0 0 0 0 0
11452 0 0 0 0 0
11452.2 0 0 0 0 0
11452.3 0 0 0 0 0
11452.4 0 0 0 0 0
11452.5 0 0 0 0 0
11452.6 0 0 0 0 0
11452.6 0 0 0 0 0
11452.7 0 0 0 0 0
11452.8 0 0 0 0 0
11452.9 0 0 0 0 0
11452.9 0 0 0 0 0
11453 0 0 0 0 0
11453.1 0 0 0 0 0
11453.1 0 0 0 0 0
11453.2 0 0 0 0 0
11453.2 0 0 0 0 0
11453.3 0 0 0 0 0
11453.3 0 0 0 0 0
11453.3 0 0 0 0 0
11453.4 0 0 0 0 0
11453.4 0 0 0 0 0
11453.4 0 0 0 0 0
11453.4 0 0 0 0 0
11453.4 0 0 0 0 0
11453.4 0 0 0 0 0
11453.4 0 0 0 0 0
11417.6 0 0 0 0 0
11292.1 0 0 0 0 0
11077.1 0 0 0 0 0
10741.9 0 0 0 0 0
10341.7 0 0 0 0 0
9849.42 0 0 0 0 0
9267.8 0 0 0 0 0
8596.55 0 0 0 0 0
7835.72 0 0 0 0 0
6985.31 0 0 0 0 0
6045.33 0 0 0 0 0
5015.78 0 0 0 0 0
3896.68 0 0 0 0 0
2688.04 0 0 0 0 0
1389.87 0 0 0 0 0
2.18905 0 0 0 0 0
-1475 0 0 0 0 0
-3041.68 0 0 0 0 0
-4697.83 0 0 0 0 0
-6443.43 0 0 0 0 0
-8278.48 0 0 0 0 0
-10202.9 0 0 0 0 0
-10546.6 0 0 0 0 0
-10546.7 0 0 0 0 0
-10546.8 0 0 0 0 0
-10547 0 0 0 0 0
-10547.1 0 0 0 0 0
-10547.2 0 0 0 0 0
-10547.3 0 0 0 0 0
-10547.5 0 0 0 0 0
-10547.6 0 0 0 0 0
-10547.7 0 0 0 0 0
-10547.9 0 0 0 0 0
-10548 0 0 0 0 0
-10548.2 0 0 0 0 0
-10548.4 0 0 0 0 0
-10548.5 0 0 0 0 0
-10548.7 0 0 0 0 0
-10548.9 0 0 0 0 0
-10549 0 0 0 0 0
-10549.2 0 0 0 0 0
-10549.4 0 0 0 0 0
-10549.6 0 0 0 0 0
-10549.8 0 0 0 0 0
-10550 0 0 0 0 0
-10550.2 0 0 0 0 0
-10550.4 0 0 0 0 0
-10550.6 0 0 0 0 0
-10550.8 0 0 0 0 0
-10551 0 0 0 0 0
-10551.3 0 0 0 0 0
-10551.5 0 0 0 0 0
-10551.7 0 0 0 0 0
-10552 0 0 0 0 0
-10552.2 0 0 0 0 0
-10552.5 0 0 0 0 0
-10552.7 0 0 0 0 0
-10553 0 0 0 0 0
-10553.2 0 0 0 0 0
-10553.5 0 0 0 0 0
-10553.8 0 0 0 0 0
-10554 0 0 0 0 0
-10554.3 0 0 0 0 0
-10554.6 0 0 0 0 0
-10554.9 0 0 0 0 0
-10555.2 0 0 0 0 0
-10555.5 0 0 0 0 0
-10555.8 0 0 0 0 0
-10556.1 0 0 0 0 0
-10556.4 0 0 0 0 0
-10556.7 0 0 0 0 0
-10557 0 0 0 0 0
-10557.3 0 0 0 0 0
-10557.7 0 0 0 0 0
-10558 0 0 0 0 0
-10558.3 0 0 0 0 0
-10558.7 0 0 0 0 0
-10559 0 0 0 0 0
-10559.4 0 0 0 0 0
-10559.7 0 0 0 0 0
-10560.1 0 0 0 0 0
-10560.4 0 0 0 0 0
-10560.8 0 0 0 0 0
-10561.2 0 0 0 0 0
-10561.5 0 0 0 0 0
-10561.9 0 0 0 0 0
-10562.3 0 0 0 0 0
-10562.7 0 0 0 0 0
-10563.1 0 0 0 0 0
-10563.5 0 0 0 0 0
-10563.9 0 0 0 0 0
-10564.3 0 0 0 0 0
-10564.7 0 0 0 0 0
-10565.1 0 0 0 0 0
-10565.5 0 0 0 0 0
-10565.9 0 0 0 0 0
-10566.4 0 0 0 0 0
-10566.8 0 0 0 0 0
-10567.2 0 0 0 0 0
-10567.7 0 0 0 0 0
-10568.1 0 0 0 0 0
-10568.6 0 0 0 0 0
-10569 0 0 0 0 0
-10569.5 0 0 0 0 0
-10569.9 0 0 0 0 0
-10570.4 0 0 0 0 0
-10570.9 0 0 0 0 0
-10571.3 0 0 0 0 0
-10571.8 0 0 0 0 0
-10572.3 0 0 0 0 0
-10572.8 0 0 0 0 0
-10573.3 0 0 0 0 0
-10573.8 0 0 0 0 0
-10574.3 0 0 0 0 0
-10574.8 0 0 0 0 0
-10575.3 0 0 0 0 0
-10575.8 0 0 0 0 0
-10576.3 0 0 0 0 0
-10576.8 0 0 0 0 0
-10577.3 0 0 0 0 0
-10577.9 0 0 0 0 0
-10578.4 0 0 0 0 0
-10578.9 0 0 0 0 0
-10579.5 0 0 0 0 0
-10580 0 0 0 0 0
-10580.6 0 0 0 0 0
-10581.1 0 0 0 0 0
-10581.7 0 0 0 0 0
-10582.2 0 0 0 0 0
-10582.8 0 0 0 0 0
-10583.4 0 0 0 0 0
-10583.9 0 0 0 0 0
-10584.5 0 0 0 0 0
-10585.1 0 0 0 0 0
-10585.7 0 0 0 0 0
-10586.3 0 0 0 0 0
-10586.9 0 0 0 0 0
-10587.5 0 0 0 0 0
-10588.1 0 0 0 0 0
-10588.7 0 0 0 0 0
-10589.3 0 0 0 0 0
-10589.9 0 0 0 0 0
-10590.5 0 0 0 0 0
-10591.1 0 0 0 0 0
-10591.7 0 0 0 0 0
-10592.4 0 0 0 0 0
-10593 0 0 0 0 0
-10593.6 0 0 0 0 0
-10594.3 0 0 0 0 0
-10594.9 0 0 0 0 0
-10595.6 0 0 0 0 0
-10596.2 0 0 0 0 0
-10596.9 0 0 0 0 0
-10597.6 0 0 0 0 0
-10598.2 0 0 0 0 0
-10598.9 0 0 0 0 0
-10599.6 0 0 0 0 0
-10600.2 0 0 0 0 0
-10600.9 0 0 0 0 0
-10601.6 0 0 0 0 0
-10602.3 0 0 0 0 0
-10603 0 0 0 0 0
-10603.7 0 0 0 0 0
-10604.4 0 0 0 0 0
-10605.1 0 0 0 0 0
-10605.8 0 0 0 0 0
-10606.5 0 0 0 0 0
-10607.2 0 0 0 0 0
-10607.9 0 0 0 0 0
-10608.7 0 0 0 0 0
-10609.4 0 0 0 0 0
-10610.1 0 0 0 0 0
-10610.9 0 0 0 0 0
-10611.6 0 0 0 0 0
-10612.4 0 0 0 0 0
-10613.1 0 0 0 0 0
-10613.8 0 0 0 0 0
-10614.6 0 0 0 0 0
-10615.4 0 0 0 0 0
-10616.1 0 0 0 0 0
-10616.9 0 0 0 0 0
-10617.7 0 0 0 0 0
-10618.4 0 0 0 0 0
-10619.2 0 0 0 0 0
-10620 0 0 0 0 0
-10620.8 0 0 0 0 0
-10621.6 0 0 0 0 0
-10622.4 0 0 0 0 0
-10623.2 0 0 0 0 0
-10624 0 0 0 0 0
-10624.8 0 0 0 0 0
-10625.6 0 0 0 0 0
-10626.4 0 0 0 0 0
-10627.2 0 0 0 0 0
-10628 0 0 0 0 0
-10628.8 0 0 0 0 0
-10629.7 0 0 0 0 0
-10630.5 0 0 0 0 0
-10631.3 0 0 0 0 0
-10632.2 0 0 0 0 0
-10633 0 0 0 0 0
-10633.8 0 0 0 0 0
-10634.7 0 0 0 0 0
-10635.5 0 0 0 0 0
-10636.4 0 0 0 0 0
-10637.3 0 0 0 0 0
-10638.1 0 0 0 0 0
-10639 0 0 0 0 0
-10639.8 0 0 0 0 0
-10640.7 0 0 0 0 0
-10641.6 0 0 0 0 0
-10642.5 0 0 0 0 0
-10643.4 0 0 0 0 0
-10644.2 0 0 0 0 0
-10645.1 0 0 0 0 0
-10646 0 0 0 0 0
-10646.9 0 0 0 0 0
-10647.8 0 0 0 0 0
-10648.7 0 0 0 0 0
-10649.6 0 0 0 0 0
-10650.5 0 0 0 0 0
-10651.5 0 0 0 0 0
-10652.4 0 0 0 0 0
-10653.3 0 0 0 0 0
-10654.2 0 0 0 0 0
-10655.2 0 0 0 0 0
-10656.1 0 0 0 0 0
-10657 0 0 0 0 0
-10658 0 0 0 0 0
-10658.9 0 0 0 0 0
-10659.8 0 0 0 0 0
-10660.8 0 0 0 0 0
-10661.7 0 0 0 0 0
-10662.7 0 0 0 0 0
-10663.7 0 0 0 0 0
-10664.6 0 0 0 0 0
-10665.6 0 0 0 0 0
-10666.6 0 0 0 0 0
-10667.5 0 0 0 0 0
-10668.5 0 0 0 0 0
-10669.5 0 0 0 0 0
-10670.5 0 0 0 0 0
-10671.4 0 0 0 0 0
-10672.4 0 0 0 0 0
-10673.4 0 0 0 0 0
-10674.4 0 0 0 0 0
-10675.4 0 0 0 0 0
-10676.4 0 0 0 0 0
-10677.4 0 0 0 0 0
-10678.4 0 0 0 0 0
-10679.4 0 0 0 0 0
-10680.4 0 0 0 0 0
-10681.5 0 0 0 0 0
-10682.5 0 0 0 0 0
-10683.5 0 0 0 0 0
-10684.5 0 0 0 0 0
-10685.6 0 0 0 0 0
-10686.6 0 0 0 0 0
-10687.6 0 0 0 0 0
-10688.7 0 0 0 0 0
-10689.7 0 0 0 0 0
-10690.8 0 0 0 0 0
-10691.8 0 0 0 0 0
-10692.8 0 0 0 0 0
-10693.9 0 0 0 0 0
-10695 0 0 0 0 0
-10696 0 0 0 0 0
-10697.1 0 0 0 0 0
-10698.1 0 0 0 0 0
-10699.2 0 0 0 0 0
-10700.3 0 0 0 0 0
-10701.4 0 0 0 0 0
-10702.4 0 0 0 0 0
-10703.5 0 0 0 0 0
-10704.6 0 0 0 0 0
-10705.7 0 0 0 0 0
-10706.8 0 0 0 0 0
-10707.9 0 0 0 0 0
-10709 0 0 0 0 0
-10710.1 0 0 0 0 0
-10711.2 0 0 0 0 0
-10712.3 0 0 0 0 0
-10713.4 0 0 0 0 0
-10714.5 0 0 0 0 0
-10715.6 0 0 0 0 0
-10716.7 0 0 0 0 0
-10717.8 0 0 0 0 0
-10718.9 0 0 0 0 0
-10720.1 0 0 0 0 0
-10721.2 0 0 0 0 0
-10722.3 0 0 0 0 0
-10723.4 0 0 0 0 0
-10724.6 0 0 0 0 0
-10725.7 0 0 0 0 0
-10726.9 0 0 0 0 0
-10728 0 0 0 0 0
-10729.1 0 0 0 0 0
-10730.3 0 0 0 0 0
-10731.4 0 0 0 0 0
-10732.6 0 0 0 0 0
-10733.7 0 0 0 0 0
-10734.9 0 0 0 0 0
-10736.1 0 0 0 0 0
-10737.2 0 0 0 0 0
-10738.4 0 0 0 0 0
-10739.6 0 0 0 0 0
-10740.7 0 0 0 0 0
-10741.9 0 0 0 0 0
-10743.1 0 0 0 0 0
-10744.3 0 0 0 0 0
-10745.4 0 0 0 0 0
-10746.6 0 0 0 0 0
-10747.8 0 0 0 0 0
-10749 0 0 0 0 0
-10750.2 0 0 0 0 0
-10751.4 0 0 0 0 0
-10752.6 0 0 0 0 0
-10753.8 0 0 0 0 0
-10755 0 0 0 0 0
-10756.2 0 0 0 0 0
-10757.4 0 0 0 0 0
-10758.6 0 0 0 0 0
-10759.8 0 0 0 0 0
-10761 0 0 0 0 0
-10762.2 0 0 0 0 0
-10763.5 0 0 0 0 0
-10764.7 0 0 0 0 0
-10765.9 0 0 0 0 0
-10767.1 0 0 0 0 0
-10768.3 0 0 0 0 0
-10769.6 0 0 0 0 0
-10770.8 0 0 0 0 0
-10772 0 0 0 0 0
-10773.3 0 0 0 0 0
-10774.5 0 0 0 0 0
-10775.8 0 0 0 0 0
-10777 0 0 0 0 0
-10778.2 0 0 0 0 0
-10779.5 0 0 0 0 0
-10780.7 0 0 0 0 0
-10782 0 0 0 0 0
-10783.2 0 0 0 0 0
-10784.5 0 0 0 0 0
-10785.7 0 0 0 0 0
-10787 0 0 0 0 0
-10788.3 0 0 0 0 0
-10789.5 0 0 0 0 0
-10790.8 0 0 0 0 0
-10792.1 0 0 0 0 0
-10793.3 0 0 0 0 0
-10794.6 0 0 0 0 0
-10795.9 0 0 0 0 0
-10797.2 0 0 0 0 0
-10798.4 0 0 0 0 0
-10799.7 0 0 0 0 0
-10801 0 0 0 0 0
-10802.3 0 0 0 0 0
-10803.6 0 0 0 0 0
-10804.9 0 0 0 0 0
-10806.1 0 0 0 0 0
-10807.4 0 0 0 0 0
-10808.7 0 0 0 0 0
-10810 0 0 0 0 0
-10811.3 0 0 0 0 0
-10812.6 0 0 0 0 0
-10813.9 0 0 0 0 0
-10815.2 0 0 0 0 0
-10816.5 0 0 0 0 0
-10817.8 0 0 0 0 0
-10819.1 0 0 0 0 0
-10820.5 0 0 0 0 0
-10821.8 0 0 0 0 0
-10823.1 0 0 0 0 0
-10824.4 0 0 0 0 0
-10825.7 0 0 0 0 0
-10827 0 0 0 0 0
-10828.4 0 0 0 0 0
-10829.7 0 0 0 0 0
-10831 0 0 0 0 0
-10832.3 0 0 0 0 0
-10833.6 0 0 0 0 0
-10835 0 0 0 0 0
-10836.3 0 0 0 0 0
-10837.6 0 0 0 0 0
-10839 0 0 0 0 0
-10840.3 0 0 0 0 0
-10841.6 0 0 0 0 0
-10843 0 0 0 0 0
-10844.3 0 0 0 0 0
-10845.7 0 0 0 0 0
-10847 0 0 0 0 0
-10848.3 0 0 0 0 0
-10849.7 0 0 0 0 0
-10851 0 0 0 0 0
-10852.4 0 0 0 0 0
-10853.7 0 0 0 0 0
-10855.1 0 0 0 0 0
-10856.4 0 0 0 0 0
-10857.8 0 0 0 0 0
-10859.2 0 0 0 0 0
-10860.5 0 0 0 0 0
-10861.9 0 0 0 0 0
-10863.2 0 0 0 0 0
-10864.6 0 0 0 0 0
-10866 0 0 0 0 0
-10867.3 0 0 0 0 0
-10868.7 0 0 0 0 0
-10870.1 0 0 0 0 0
-10871.4 0 0 0 0 0
-10872.8 0 0 0 0 0
-10874.2 0 0 0 0 0
-10875.5 0 0 0 0 0
-10876.9 0 0 0 0 0
-10878.3 0 0 0 0 0
-10879.7 0 0 0 0 0
-10881 0 0 0 0 0
-10882.4 0 0 0 0 0
-10883.8 0 0 0 0 0
-10885.2 0 0 0 0 0
-10886.5 0 0 0 0 0
-10887.9 0 0 0 0 0
-10889.3 0 0 0 0 0
-10890.7 0 0 0 0 0
-10892.1 0 0 0 0 0
-10893.5 0 0 0 0 0
-10894.9 0 0 0 0 0
-10896.2 0 0 0 0 0
-10897.6 0 0 0 0 0
-10899 0 0 0 0 0
-10900.4 0 0 0 0 0
-10901.8 0 0 0 0 0
-10903.2 0 0 0 0 0
-10904.6 0 0 0 0 0
-10906 0 0 0 0 0
-10907.4 0 0 0 0 0
-10908.8 0 0 0 0 0
-10910.2 0 0 0 0 0
-10911.6 0 0 0 0 0
-10913 0 0 0 0 0
-10914.4 0 0 0 0 0
-10915.8 0 0 0 0 0
-10917.2 0 0 0 0 0
-10918.6 0 0 0 0 0
-10920 0 0 0 0 0
-10921.4 0 0 0 0 0
-10922.8 0 0 0 0 0
-10924.2 0 0 0 0 0
-10925.6 0 0 0 0 0
-10927 0 0 0 0 0
-10928.4 0 0 0 0 0
-10929.8 0 0 0 0 0
-10931.2 0 0 0 0 0
-10932.7 0 0 0 0 0
-10934.1 0 0 0 0 0
-10935.5 0 0 0 0 0
-10936.9 0 0 0 0 0
-10938.3 0 0 0 0 0
-10939.7 0 0 0 0 0
-10941.1 0 0 0 0 0
-10942.5 0 0 0 0 0
-10944 0 0 0 0 0
-10945.4 0 0 0 0 0
-10946.8 0 0 0 0 0
-10948.2 0 0 0 0 0
-10949.6 0 0 0 0 0
-10951 0 0 0 0 0
-10952.5 0 0 0 0 0
-10953.9 0 0 0 0 0
-10955.3 0 0 0 0 0
-10956.7 0 0 0 0 0
-10958.1 0 0 0 0 0
-10959.6 0 0 0 0 0
-10961 0 0 0 0 0
-10962.4 0 0 0 0 0
-10963.8 0 0 0 0 0
-10965.3 0 0 0 0 0
-10966.7 0 0 0 0 0
-10968.1 0 0 0 0 0
-10969.5 0 0 0 0 0
-10970.9 0 0 0 0 0
-10972.4 0 0 0 0 0
-10973.8 0 0 0 0 0
-10975.2 0 0 0 0 0
-10976.6 0 0 0 0 0
-10978.1 0 0 0 0 0
-10979.5 0 0 0 0 0
-10980.9 0 0 0 0 0
-10982.3 0 0 0 0 0
-10983.8 0 0 0 0 0
-10985.2 0 0 0 0 0
-10986.6 0 0 0 0 0
-10988 0 0 0 0 0
-10989.5 0 0 0 0 0
-10990.9 0 0 0 0 0
-10992.3 0 0 0 0 0
-10993.7 0 0 0 0 0
-10995.2 0 0 0 0 0
-10996.6 0 0 0 0 0
-10998 0 0 0 0 0
-10999.4 0 0 0 0 0
