0 0 0 0 0 0
0 0 0 0 0 0
0 0 0 0 0 0
0 0 0 0 0 0
0 0 0 0 0 0
0 0 0 0 0 0
0 0 0 0 0 0
0 0 0 0 0 0
0 0 0 0 0 0
0 0 0 0 0 0
0.125651 0 0 0 0 0
0.251315 0 0 0 0 0
0.376974 0 0 0 0 0
0.50263 0 0 0 0 0
0.628282 0 0 0 0 0
0.753927 0 0 0 0 0
0.879564 0 0 0 0 0
1.00519 0 0 0 0 0
1.13081 0 0 0 0 0
1.25642 0 0 0 0 0
1.38201 0 0 0 0 0
1.5076 0 0 0 0 0
1.63316 0 0 0 0 0
1.75871 0 0 0 0 0
1.88425 0 0 0 0 0
2.00976 0 0 0 0 0
2.13526 0 0 0 0 0
2.26073 0 0 0 0 0
2.38618 0 0 0 0 0
2.51161 0 0 0 0 0
2.63701 0 0 0 0 0
2.76239 0 0 0 0 0
2.88774 0 0 0 0 0
3.01306 0 0 0 0 0
3.13835 0 0 0 0 0
3.26361 0 0 0 0 0
3.38884 0 0 0 0 0
3.51404 0 0 0 0 0
3.6392 0 0 0 0 0
3.76432 0 0 0 0 0
3.88941 0 0 0 0 0
4.01446 0 0 0 0 0
4.13947 0 0 0 0 0
4.26444 0 0 0 0 0
4.38936 0 0 0 0 0
4.51425 0 0 0 0 0
4.63908 0 0 0 0 0
4.76388 0 0 0 0 0
4.88862 0 0 0 0 0
5.01332 0 0 0 0 0
5.13797 0 0 0 0 0
5.26257 0 0 0 0 0
5.38711 0 0 0 0 0
5.5116 0 0 0 0 0
5.63604 0 0 0 0 0
5.76042 0 0 0 0 0
5.88475 0 0 0 0 0
6.00902 0 0 0 0 0
6.13322 0 0 0 0 0
6.25737 0 0 0 0 0
6.38146 0 0 0 0 0
6.50548 0 0 0 0 0
6.62944 0 0 0 0 0
6.75333 0 0 0 0 0
6.87716 0 0 0 0 0
7.00091 0 0 0 0 0
7.1246 0 0 0 0 0
7.24822 0 0 0 0 0
7.37177 0 0 0 0 0
7.49524 0 0 0 0 0
7.61865 0 0 0 0 0
7.74197 0 0 0 0 0
7.86522 0 0 0 0 0
7.98839 0 0 0 0 0
8.11148 0 0 0 0 0
8.2345 0 0 0 0 0
8.35743 0 0 0 0 0
8.48028 0 0 0 0 0
8.60304 0 0 0 0 0
8.72572 0 0 0 0 0
8.84832 0 0 0 0 0
8.97082 0 0 0 0 0
9.09324 0 0 0 0 0
9.21557 0 0 0 0 0
9.33781 0 0 0 0 0
9.45995 0 0 0 0 0
9.58201 0 0 0 0 0
9.70396 0 0 0 0 0
9.82582 0 0 0 0 0
9.94759 0 0 0 0 0
10.0693 0 0 0 0 0
10.1908 0 0 0 0 0
10.3123 0 0 0 0 0
10.4337 0 0 0 0 0
10.5549 0 0 0 0 0
10.6761 0 0 0 0 0
10.7971 0 0 0 0 0
10.9181 0 0 0 0 0
11.0389 0 0 0 0 0
11.1596 0 0 0 0 0
11.2803 0 0 0 0 0
11.4008 0 0 0 0 0
11.5212 0 0 0 0 0
11.6414 0 0 0 0 0
11.7616 0 0 0 0 0
11.8817 0 0 0 0 0
12.0016 0 0 0 0 0
12.1214 0 0 0 0 0
12.2411 0 0 0 0 0
12.3607 0 0 0 0 0
12.4801 0 0 0 0 0
12.5995 0 0 0 0 0
12.7187 0 0 0 0 0
12.8377 0 0 0 0 0
12.9567 0 0 0 0 0
13.0755 0 0 0 0 0
13.1942 0 0 0 0 0
13.3128 0 0 0 0 0
13.4312 0 0 0 0 0
13.5495 0 0 0 0 0
13.6677 0 0 0 0 0
13.7857 0 0 0 0 0
13.9036 0 0 0 0 0
14.0214 0 0 0 0 0
14.139 0 0 0 0 0
14.2565 0 0 0 0 0
14.3738 0 0 0 0 0
14.491 0 0 0 0 0
14.6081 0 0 0 0 0
14.725 0 0 0 0 0
14.8417 0 0 0 0 0
14.9584 0 0 0 0 0
15.0748 0 0 0 0 0
15.1912 0 0 0 0 0
15.3073 0 0 0 0 0
15.4234 0 0 0 0 0
15.5392 0 0 0 0 0
15.6549 0 0 0 0 0
15.7705 0 0 0 0 0
15.8859 0 0 0 0 0
16.0012 0 0 0 0 0
16.1163 0 0 0 0 0
16.2312 0 0 0 0 0
16.346 0 0 0 0 0
16.4606 0 0 0 0 0
16.575 0 0 0 0 0
16.6893 0 0 0 0 0
16.8034 0 0 0 0 0
16.9174 0 0 0 0 0
17.0312 0 0 0 0 0
17.1448 0 0 0 0 0
17.2582 0 0 0 0 0
17.3715 0 0 0 0 0
17.4846 0 0 0 0 0
17.5976 0 0 0 0 0
17.7103 0 0 0 0 0
17.8229 0 0 0 0 0
17.9353 0 0 0 0 0
18.0476 0 0 0 0 0
18.1596 0 0 0 0 0
18.2715 0 0 0 0 0
18.3832 0 0 0 0 0
18.4947 0 0 0 0 0
18.606 0 0 0 0 0
18.7172 0 0 0 0 0
18.8281 0 0 0 0 0
18.9388 0 0 0 0 0
19.0494 0 0 0 0 0
19.1598 0 0 0 0 0
19.2701 0 0 0 0 0
19.3801 0 0 0 0 0
19.4899 0 0 0 0 0
19.5996 0 0 0 0 0
19.709 0 0 0 0 0
19.8183 0 0 0 0 0
19.9273 0 0 0 0 0
20.0362 0 0 0 0 0
20.1448 0 0 0 0 0
20.2533 0 0 0 0 0
20.3616 0 0 0 0 0
20.4696 0 0 0 0 0
20.5775 0 0 0 0 0
20.6852 0 0 0 0 0
20.7926 0 0 0 0 0
20.8999 0 0 0 0 0
21.0069 0 0 0 0 0
21.1137 0 0 0 0 0
21.2204 0 0 0 0 0
21.3268 0 0 0 0 0
21.433 0 0 0 0 0
21.539 0 0 0 0 0
21.6448 0 0 0 0 0
21.7503 0 0 0 0 0
21.8557 0 0 0 0 0
21.9608 0 0 0 0 0
22.0658 0 0 0 0 0
22.1705 0 0 0 0 0
22.2749 0 0 0 0 0
22.3792 0 0 0 0 0
22.4833 0 0 0 0 0
22.5871 0 0 0 0 0
22.6907 0 0 0 0 0
22.7941 0 0 0 0 0
22.8972 0 0 0 0 0
23.0001 0 0 0 0 0
23.1028 0 0 0 0 0
23.2053 0 0 0 0 0
23.3075 0 0 0 0 0
23.4095 0 0 0 0 0
23.5113 0 0 0 0 0
23.6129 0 0 0 0 0
23.7142 0 0 0 0 0
23.8153 0 0 0 0 0
23.9161 0 0 0 0 0
24.0167 0 0 0 0 0
24.1171 0 0 0 0 0
24.2172 0 0 0 0 0
24.3171 0 0 0 0 0
24.4168 0 0 0 0 0
24.5162 0 0 0 0 0
24.6154 0 0 0 0 0
24.7143 0 0 0 0 0
24.813 0 0 0 0 0
24.9114 0 0 0 0 0
25.0096 0 0 0 0 0
25.1076 0 0 0 0 0
25.2053 0 0 0 0 0
25.3027 0 0 0 0 0
25.3999 0 0 0 0 0
25.4969 0 0 0 0 0
25.5936 0 0 0 0 0
25.69 0 0 0 0 0
25.7862 0 0 0 0 0
25.8822 0 0 0 0 0
25.9778 0 0 0 0 0
26.0733 0 0 0 0 0
26.1684 0 0 0 0 0
26.2634 0 0 0 0 0
26.358 0 0 0 0 0
26.4524 0 0 0 0 0
26.5465 0 0 0 0 0
26.6404 0 0 0 0 0
26.734 0 0 0 0 0
26.8274 0 0 0 0 0
26.9204 0 0 0 0 0
27.0132 0 0 0 0 0
27.1058 0 0 0 0 0
27.1981 0 0 0 0 0
27.2901 0 0 0 0 0
27.3818 0 0 0 0 0
27.4733 0 0 0 0 0
27.5645 0 0 0 0 0
27.6554 0 0 0 0 0
27.7461 0 0 0 0 0
27.8364 0 0 0 0 0
27.9265 0 0 0 0 0
28.0164 0 0 0 0 0
28.1059 0 0 0 0 0
28.1952 0 0 0 0 0
28.2842 0 0 0 0 0
28.3729 0 0 0 0 0
28.4614 0 0 0 0 0
28.5495 0 0 0 0 0
28.6374 0 0 0 0 0
28.725 0 0 0 0 0
28.8123 0 0 0 0 0
28.8993 0 0 0 0 0
28.9861 0 0 0 0 0
29.0725 0 0 0 0 0
29.1587 0 0 0 0 0
29.2446 0 0 0 0 0
29.3301 0 0 0 0 0
29.4155 0 0 0 0 0
29.5005 0 0 0 0 0
29.5852 0 0 0 0 0
29.6696 0 0 0 0 0
29.7537 0 0 0 0 0
29.8376 0 0 0 0 0
29.9211 0 0 0 0 0
30.0044 0 0 0 0 0
30.0873 0 0 0 0 0
30.17 0 0 0 0 0
30.2524 0 0 0 0 0
30.3344 0 0 0 0 0
30.4162 0 0 0 0 0
30.4976 0 0 0 0 0
30.5788 0 0 0 0 0
30.6597 0 0 0 0 0
30.7402 0 0 0 0 0
30.8205 0 0 0 0 0
30.9004 0 0 0 0 0
30.9801 0 0 0 0 0
31.0594 0 0 0 0 0
31.1384 0 0 0 0 0
31.2172 0 0 0 0 0
31.2956 0 0 0 0 0
31.3737 0 0 0 0 0
31.4515 0 0 0 0 0
31.529 0 0 0 0 0
31.6061 0 0 0 0 0
31.683 0 0 0 0 0
31.7596 0 0 0 0 0
31.8358 0 0 0 0 0
31.9117 0 0 0 0 0
31.9873 0 0 0 0 0
32.0626 0 0 0 0 0
32.1376 0 0 0 0 0
32.2123 0 0 0 0 0
32.2866 0 0 0 0 0
32.3606 0 0 0 0 0
32.4343 0 0 0 0 0
32.5077 0 0 0 0 0
32.5808 0 0 0 0 0
32.6535 0 0 0 0 0
32.7259 0 0 0 0 0
32.798 0 0 0 0 0
32.8698 0 0 0 0 0
32.9413 0 0 0 0 0
33.0124 0 0 0 0 0
33.0832 0 0 0 0 0
33.1536 0 0 0 0 0
33.2238 0 0 0 0 0
33.2936 0 0 0 0 0
33.3631 0 0 0 0 0
33.4322 0 0 0 0 0
33.5011 0 0 0 0 0
33.5696 0 0 0 0 0
33.6377 0 0 0 0 0
33.7056 0 0 0 0 0
33.7731 0 0 0 0 0
33.8402 0 0 0 0 0
33.9071 0 0 0 0 0
33.9736 0 0 0 0 0
34.0397 0 0 0 0 0
34.1056 0 0 0 0 0
34.1711 0 0 0 0 0
34.2362 0 0 0 0 0
34.301 0 0 0 0 0
34.3655 0 0 0 0 0
34.4296 0 0 0 0 0
34.4934 0 0 0 0 0
34.5569 0 0 0 0 0
34.62 0 0 0 0 0
34.6828 0 0 0 0 0
34.7452 0 0 0 0 0
34.8073 0 0 0 0 0
34.8691 0 0 0 0 0
34.9305 0 0 0 0 0
34.9915 0 0 0 0 0
35.0522 0 0 0 0 0
35.1126 0 0 0 0 0
35.1726 0 0 0 0 0
35.2323 0 0 0 0 0
35.2916 0 0 0 0 0
35.3506 0 0 0 0 0
35.4092 0 0 0 0 0
35.4675 0 0 0 0 0
35.5254 0 0 0 0 0
35.583 0 0 0 0 0
35.6402 0 0 0 0 0
35.6971 0 0 0 0 0
35.7536 0 0 0 0 0
35.8098 0 0 0 0 0
35.8656 0 0 0 0 0
35.9211 0 0 0 0 0
35.9762 0 0 0 0 0
36.0309 0 0 0 0 0
36.0853 0 0 0 0 0
36.1394 0 0 0 0 0
36.193 0 0 0 0 0
36.2464 0 0 0 0 0
36.2993 0 0 0 0 0
36.352 0 0 0 0 0
36.4042 0 0 0 0 0
36.4561 0 0 0 0 0
36.5076 0 0 0 0 0
36.5588 0 0 0 0 0
36.6096 0 0 0 0 0
36.6601 0 0 0 0 0
36.7102 0 0 0 0 0
36.7599 0 0 0 0 0
36.8092 0 0 0 0 0
36.8582 0 0 0 0 0
36.9069 0 0 0 0 0
36.9552 0 0 0 0 0
37.0031 0 0 0 0 0
37.0506 0 0 0 0 0
37.0978 0 0 0 0 0
37.1446 0 0 0 0 0
37.191 0 0 0 0 0
37.2371 0 0 0 0 0
37.2828 0 0 0 0 0
37.3282 0 0 0 0 0
37.3731 0 0 0 0 0
37.4177 0 0 0 0 0
37.462 0 0 0 0 0
37.5058 0 0 0 0 0
37.5493 0 0 0 0 0
37.5925 0 0 0 0 0
37.6352 0 0 0 0 0
37.6776 0 0 0 0 0
37.7196 0 0 0 0 0
37.7612 0 0 0 0 0
37.8025 0 0 0 0 0
37.8434 0 0 0 0 0
37.8839 0 0 0 0 0
37.9241 0 0 0 0 0
37.9638 0 0 0 0 0
38.0032 0 0 0 0 0
38.0422 0 0 0 0 0
38.0809 0 0 0 0 0
38.1192 0 0 0 0 0
38.157 0 0 0 0 0
38.1946 0 0 0 0 0
38.2317 0 0 0 0 0
38.2685 0 0 0 0 0
38.3049 0 0 0 0 0
38.3409 0 0 0 0 0
38.3765 0 0 0 0 0
38.4117 0 0 0 0 0
38.4466 0 0 0 0 0
38.4811 0 0 0 0 0
38.5152 0 0 0 0 0
38.5489 0 0 0 0 0
38.5823 0 0 0 0 0
38.6153 0 0 0 0 0
38.6478 0 0 0 0 0
38.68 0 0 0 0 0
38.7119 0 0 0 0 0
38.7433 0 0 0 0 0
38.7744 0 0 0 0 0
38.8051 0 0 0 0 0
38.8353 0 0 0 0 0
38.8653 0 0 0 0 0
38.8948 0 0 0 0 0
38.9239 0 0 0 0 0
38.9527 0 0 0 0 0
38.9811 0 0 0 0 0
39.0091 0 0 0 0 0
39.0367 0 0 0 0 0
39.0639 0 0 0 0 0
39.0907 0 0 0 0 0
39.1172 0 0 0 0 0
39.1432 0 0 0 0 0
39.1689 0 0 0 0 0
39.1942 0 0 0 0 0
39.2191 0 0 0 0 0
39.2436 0 0 0 0 0
39.2677 0 0 0 0 0
39.2915 0 0 0 0 0
39.3148 0 0 0 0 0
39.3378 0 0 0 0 0
39.3604 0 0 0 0 0
39.3826 0 0 0 0 0
39.4044 0 0 0 0 0
39.4258 0 0 0 0 0
39.4468 0 0 0 0 0
39.4674 0 0 0 0 0
39.4877 0 0 0 0 0
39.5075 0 0 0 0 0
39.527 0 0 0 0 0
39.5461 0 0 0 0 0
39.5648 0 0 0 0 0
39.583 0 0 0 0 0
39.6009 0 0 0 0 0
39.6185 0 0 0 0 0
39.6356 0 0 0 0 0
39.6523 0 0 0 0 0
39.6686 0 0 0 0 0
39.6846 0 0 0 0 0
39.7001 0 0 0 0 0
39.7153 0 0 0 0 0
39.7301 0 0 0 0 0
39.7445 0 0 0 0 0
39.7584 0 0 0 0 0
39.772 0 0 0 0 0
39.7852 0 0 0 0 0
39.798 0 0 0 0 0
39.8105 0 0 0 0 0
39.8225 0 0 0 0 0
39.8341 0 0 0 0 0
39.8454 0 0 0 0 0
39.8561 0 0 0 0 0
39.8666 0 0 0 0 0
39.8766 0 0 0 0 0
39.8863 0 0 0 0 0
39.8956 0 0 0 0 0
39.9044 0 0 0 0 0
39.9129 0 0 0 0 0
39.921 0 0 0 0 0
39.9287 0 0 0 0 0
39.936 0 0 0 0 0
39.9429 0 0 0 0 0
39.9494 0 0 0 0 0
39.9556 0 0 0 0 0
39.9613 0 0 0 0 0
39.9666 0 0 0 0 0
39.9716 0 0 0 0 0
39.9761 0 0 0 0 0
39.9802 0 0 0 0 0
39.984 0 0 0 0 0
39.9874 0 0 0 0 0
39.9903 0 0 0 0 0
39.9929 0 0 0 0 0
39.9951 0 0 0 0 0
39.9968 0 0 0 0 0
39.9982 0 0 0 0 0
39.9991 0 0 0 0 0
39.9998 0 0 0 0 0
40 0 0 0 0 0
39.9998 0 0 0 0 0
39.9993 0 0 0 0 0
39.9983 0 0 0 0 0
39.9969 0 0 0 0 0
39.9951 0 0 0 0 0
39.9929 0 0 0 0 0
39.9904 0 0 0 0 0
39.9874 0 0 0 0 0
39.9841 0 0 0 0 0
39.9803 0 0 0 0 0
39.9762 0 0 0 0 0
39.9716 0 0 0 0 0
39.9667 0 0 0 0 0
39.9614 0 0 0 0 0
39.9557 0 0 0 0 0
39.9496 0 0 0 0 0
39.943 0 0 0 0 0
39.9361 0 0 0 0 0
39.9288 0 0 0 0 0
39.9212 0 0 0 0 0
39.9131 0 0 0 0 0
39.9046 0 0 0 0 0
39.8957 0 0 0 0 0
39.8865 0 0 0 0 0
39.8768 0 0 0 0 0
39.8667 0 0 0 0 0
39.8563 0 0 0 0 0
39.8455 0 0 0 0 0
39.8341 0 0 0 0 0
39.8225 0 0 0 0 0
39.8105 0 0 0 0 0
39.7981 0 0 0 0 0
39.7853 0 0 0 0 0
39.7721 0 0 0 0 0
39.7585 0 0 0 0 0
39.7445 0 0 0 0 0
39.7301 0 0 0 0 0
39.7153 0 0 0 0 0
39.7002 0 0 0 0 0
39.6846 0 0 0 0 0
39.6687 0 0 0 0 0
39.6523 0 0 0 0 0
39.6356 0 0 0 0 0
39.6185 0 0 0 0 0
39.601 0 0 0 0 0
39.5831 0 0 0 0 0
39.5648 0 0 0 0 0
39.5461 0 0 0 0 0
39.527 0 0 0 0 0
39.5076 0 0 0 0 0
39.4877 0 0 0 0 0
39.4675 0 0 0 0 0
39.4468 0 0 0 0 0
39.4258 0 0 0 0 0
39.4044 0 0 0 0 0
39.3826 0 0 0 0 0
39.3604 0 0 0 0 0
39.3378 0 0 0 0 0
39.3149 0 0 0 0 0
39.2915 0 0 0 0 0
39.2678 0 0 0 0 0
39.2437 0 0 0 0 0
39.2191 0 0 0 0 0
39.1942 0 0 0 0 0
39.169 0 0 0 0 0
39.1433 0 0 0 0 0
39.1172 0 0 0 0 0
39.0908 0 0 0 0 0
39.0639 0 0 0 0 0
39.0367 0 0 0 0 0
39.0091 0 0 0 0 0
38.9811 0 0 0 0 0
38.9527 0 0 0 0 0
38.924 0 0 0 0 0
38.8948 0 0 0 0 0
38.8653 0 0 0 0 0
38.8354 0 0 0 0 0
38.8051 0 0 0 0 0
38.7744 0 0 0 0 0
38.7434 0 0 0 0 0
38.7119 0 0 0 0 0
38.6801 0 0 0 0 0
38.6479 0 0 0 0 0
38.6153 0 0 0 0 0
38.5823 0 0 0 0 0
38.549 0 0 0 0 0
38.5153 0 0 0 0 0
38.4812 0 0 0 0 0
38.4467 0 0 0 0 0
38.4118 0 0 0 0 0
38.3765 0 0 0 0 0
38.3409 0 0 0 0 0
38.3049 0 0 0 0 0
38.2685 0 0 0 0 0
38.2318 0 0 0 0 0
38.1946 0 0 0 0 0
38.1571 0 0 0 0 0
38.1192 0 0 0 0 0
38.081 0 0 0 0 0
38.0423 0 0 0 0 0
38.0033 0 0 0 0 0
37.9639 0 0 0 0 0
37.9241 0 0 0 0 0
37.884 0 0 0 0 0
37.8435 0 0 0 0 0
37.8026 0 0 0 0 0
37.7613 0 0 0 0 0
37.7197 0 0 0 0 0
37.6777 0 0 0 0 0
37.6353 0 0 0 0 0
37.5925 0 0 0 0 0
37.5494 0 0 0 0 0
37.5059 0 0 0 0 0
37.4621 0 0 0 0 0
37.4178 0 0 0 0 0
37.3732 0 0 0 0 0
37.3282 0 0 0 0 0
37.2829 0 0 0 0 0
37.2372 0 0 0 0 0
37.1911 0 0 0 0 0
37.1447 0 0 0 0 0
37.0979 0 0 0 0 0
37.0507 0 0 0 0 0
37.0031 0 0 0 0 0
36.9552 0 0 0 0 0
36.907 0 0 0 0 0
36.8583 0 0 0 0 0
36.8093 0 0 0 0 0
36.76 0 0 0 0 0
36.7102 0 0 0 0 0
36.6602 0 0 0 0 0
36.6097 0 0 0 0 0
36.5589 0 0 0 0 0
36.5077 0 0 0 0 0
36.4562 0 0 0 0 0
36.4043 0 0 0 0 0
36.3521 0 0 0 0 0
36.2994 0 0 0 0 0
36.2465 0 0 0 0 0
36.1931 0 0 0 0 0
36.1395 0 0 0 0 0
36.0854 0 0 0 0 0
36.031 0 0 0 0 0
35.9763 0 0 0 0 0
35.9212 0 0 0 0 0
35.8657 0 0 0 0 0
35.8099 0 0 0 0 0
35.7537 0 0 0 0 0
35.6972 0 0 0 0 0
35.6403 0 0 0 0 0
35.5831 0 0 0 0 0
35.5255 0 0 0 0 0
35.4676 0 0 0 0 0
35.4093 0 0 0 0 0
35.3507 0 0 0 0 0
35.2917 0 0 0 0 0
35.2324 0 0 0 0 0
35.1727 0 0 0 0 0
35.1127 0 0 0 0 0
35.0523 0 0 0 0 0
34.9916 0 0 0 0 0
34.9306 0 0 0 0 0
34.8692 0 0 0 0 0
34.8074 0 0 0 0 0
34.7453 0 0 0 0 0
34.6829 0 0 0 0 0
34.6201 0 0 0 0 0
34.557 0 0 0 0 0
34.4936 0 0 0 0 0
34.4298 0 0 0 0 0
34.3656 0 0 0 0 0
34.3011 0 0 0 0 0
34.2363 0 0 0 0 0
34.1712 0 0 0 0 0
34.1057 0 0 0 0 0
34.0399 0 0 0 0 0
33.9737 0 0 0 0 0
33.9072 0 0 0 0 0
33.8404 0 0 0 0 0
33.7732 0 0 0 0 0
33.7057 0 0 0 0 0
33.6379 0 0 0 0 0
33.5697 0 0 0 0 0
33.5012 0 0 0 0 0
33.4324 0 0 0 0 0
33.3632 0 0 0 0 0
33.2937 0 0 0 0 0
33.2239 0 0 0 0 0
33.1538 0 0 0 0 0
33.0833 0 0 0 0 0
33.0125 0 0 0 0 0
32.9414 0 0 0 0 0
32.8699 0 0 0 0 0
32.7982 0 0 0 0 0
32.7261 0 0 0 0 0
32.6536 0 0 0 0 0
32.5809 0 0 0 0 0
32.5078 0 0 0 0 0
32.4345 0 0 0 0 0
32.3608 0 0 0 0 0
32.2867 0 0 0 0 0
32.2124 0 0 0 0 0
32.1377 0 0 0 0 0
32.0628 0 0 0 0 0
31.9875 0 0 0 0 0
31.9119 0 0 0 0 0
31.8359 0 0 0 0 0
31.7597 0 0 0 0 0
31.6831 0 0 0 0 0
31.6063 0 0 0 0 0
31.5291 0 0 0 0 0
31.4516 0 0 0 0 0
31.3738 0 0 0 0 0
31.2957 0 0 0 0 0
31.2173 0 0 0 0 0
31.1386 0 0 0 0 0
31.0595 0 0 0 0 0
30.9802 0 0 0 0 0
30.9006 0 0 0 0 0
30.8206 0 0 0 0 0
30.7404 0 0 0 0 0
30.6598 0 0 0 0 0
30.5789 0 0 0 0 0
30.4978 0 0 0 0 0
30.4163 0 0 0 0 0
30.3346 0 0 0 0 0
30.2525 0 0 0 0 0
30.1701 0 0 0 0 0
30.0875 0 0 0 0 0
30.0045 0 0 0 0 0
29.9213 0 0 0 0 0
29.8377 0 0 0 0 0
29.7539 0 0 0 0 0
29.6698 0 0 0 0 0
29.5853 0 0 0 0 0
29.5006 0 0 0 0 0
29.4156 0 0 0 0 0
29.3303 0 0 0 0 0
29.2447 0 0 0 0 0
29.1588 0 0 0 0 0
29.0727 0 0 0 0 0
28.9862 0 0 0 0 0
28.8995 0 0 0 0 0
28.8125 0 0 0 0 0
28.7251 0 0 0 0 0
28.6376 0 0 0 0 0
28.5497 0 0 0 0 0
28.4615 0 0 0 0 0
28.3731 0 0 0 0 0
28.2844 0 0 0 0 0
28.1954 0 0 0 0 0
28.1061 0 0 0 0 0
28.0165 0 0 0 0 0
27.9267 0 0 0 0 0
27.8366 0 0 0 0 0
27.7462 0 0 0 0 0
27.6556 0 0 0 0 0
27.5646 0 0 0 0 0
27.4734 0 0 0 0 0
27.382 0 0 0 0 0
27.2902 0 0 0 0 0
27.1982 0 0 0 0 0
27.106 0 0 0 0 0
27.0134 0 0 0 0 0
26.9206 0 0 0 0 0
26.8275 0 0 0 0 0
26.7342 0 0 0 0 0
26.6406 0 0 0 0 0
26.5467 0 0 0 0 0
26.4526 0 0 0 0 0
26.3582 0 0 0 0 0
26.2635 0 0 0 0 0
26.1686 0 0 0 0 0
26.0734 0 0 0 0 0
25.978 0 0 0 0 0
25.8823 0 0 0 0 0
25.7864 0 0 0 0 0
25.6902 0 0 0 0 0
25.5938 0 0 0 0 0
25.4971 0 0 0 0 0
25.4001 0 0 0 0 0
25.3029 0 0 0 0 0
25.2055 0 0 0 0 0
25.1078 0 0 0 0 0
25.0098 0 0 0 0 0
24.9116 0 0 0 0 0
24.8132 0 0 0 0 0
24.7145 0 0 0 0 0
24.6156 0 0 0 0 0
24.5164 0 0 0 0 0
24.417 0 0 0 0 0
24.3173 0 0 0 0 0
24.2174 0 0 0 0 0
24.1173 0 0 0 0 0
24.0169 0 0 0 0 0
23.9163 0 0 0 0 0
23.8155 0 0 0 0 0
23.7144 0 0 0 0 0
23.6131 0 0 0 0 0
23.5115 0 0 0 0 0
23.4097 0 0 0 0 0
23.3077 0 0 0 0 0
23.2055 0 0 0 0 0
23.103 0 0 0 0 0
23.0003 0 0 0 0 0
22.8974 0 0 0 0 0
22.7942 0 0 0 0 0
22.6909 0 0 0 0 0
22.5873 0 0 0 0 0
22.4834 0 0 0 0 0
22.3794 0 0 0 0 0
22.2751 0 0 0 0 0
22.1706 0 0 0 0 0
22.0659 0 0 0 0 0
21.961 0 0 0 0 0
21.8559 0 0 0 0 0
21.7505 0 0 0 0 0
21.645 0 0 0 0 0
21.5392 0 0 0 0 0
21.4332 0 0 0 0 0
21.327 0 0 0 0 0
21.2206 0 0 0 0 0
21.1139 0 0 0 0 0
21.0071 0 0 0 0 0
20.9 0 0 0 0 0
20.7928 0 0 0 0 0
20.6853 0 0 0 0 0
20.5777 0 0 0 0 0
20.4698 0 0 0 0 0
20.3618 0 0 0 0 0
20.2535 0 0 0 0 0
20.145 0 0 0 0 0
20.0364 0 0 0 0 0
19.9275 0 0 0 0 0
19.8185 0 0 0 0 0
19.7092 0 0 0 0 0
19.5998 0 0 0 0 0
19.4901 0 0 0 0 0
19.3803 0 0 0 0 0
19.2703 0 0 0 0 0
19.16 0 0 0 0 0
19.0496 0 0 0 0 0
18.939 0 0 0 0 0
18.8283 0 0 0 0 0
18.7173 0 0 0 0 0
18.6061 0 0 0 0 0
18.4947 0 0 0 0 0
18.3832 0 0 0 0 0
18.2715 0 0 0 0 0
18.1596 0 0 0 0 0
18.0476 0 0 0 0 0
17.9353 0 0 0 0 0
17.8229 0 0 0 0 0
17.7103 0 0 0 0 0
17.5976 0 0 0 0 0
17.4846 0 0 0 0 0
17.3715 0 0 0 0 0
17.2583 0 0 0 0 0
17.1448 0 0 0 0 0
17.0312 0 0 0 0 0
16.9174 0 0 0 0 0
16.8034 0 0 0 0 0
16.6893 0 0 0 0 0
16.575 0 0 0 0 0
16.4606 0 0 0 0 0
16.346 0 0 0 0 0
16.2312 0 0 0 0 0
16.1163 0 0 0 0 0
16.0012 0 0 0 0 0
15.8859 0 0 0 0 0
15.7705 0 0 0 0 0
15.655 0 0 0 0 0
15.5392 0 0 0 0 0
15.4234 0 0 0 0 0
15.3074 0 0 0 0 0
15.1912 0 0 0 0 0
15.0749 0 0 0 0 0
14.9584 0 0 0 0 0
14.8418 0 0 0 0 0
14.725 0 0 0 0 0
14.6081 0 0 0 0 0
14.491 0 0 0 0 0
14.3738 0 0 0 0 0
14.2565 0 0 0 0 0
14.139 0 0 0 0 0
14.0214 0 0 0 0 0
13.9036 0 0 0 0 0
13.7857 0 0 0 0 0
13.6677 0 0 0 0 0
13.5495 0 0 0 0 0
13.4312 0 0 0 0 0
13.3128 0 0 0 0 0
13.1942 0 0 0 0 0
13.0755 0 0 0 0 0
12.9567 0 0 0 0 0
12.8378 0 0 0 0 0
12.7187 0 0 0 0 0
12.5995 0 0 0 0 0
12.4801 0 0 0 0 0
12.3607 0 0 0 0 0
12.2411 0 0 0 0 0
12.1214 0 0 0 0 0
12.0016 0 0 0 0 0
11.8817 0 0 0 0 0
11.7616 0 0 0 0 0
11.6415 0 0 0 0 0
11.5212 0 0 0 0 0
11.4008 0 0 0 0 0
11.2803 0 0 0 0 0
11.1597 0 0 0 0 0
11.0389 0 0 0 0 0
10.9181 0 0 0 0 0
10.7971 0 0 0 0 0
10.6761 0 0 0 0 0
10.5549 0 0 0 0 0
10.4337 0 0 0 0 0
10.3123 0 0 0 0 0
10.1908 0 0 0 0 0
10.0693 0 0 0 0 0
9.94761 0 0 0 0 0
9.82585 0 0 0 0 0
9.70398 0 0 0 0 0
9.58203 0 0 0 0 0
9.45998 0 0 0 0 0
9.33783 0 0 0 0 0
9.21559 0 0 0 0 0
9.09326 0 0 0 0 0
8.97085 0 0 0 0 0
8.84834 0 0 0 0 0
8.72574 0 0 0 0 0
8.60306 0 0 0 0 0
8.4803 0 0 0 0 0
8.35745 0 0 0 0 0
8.23452 0 0 0 0 0
8.11151 0 0 0 0 0
7.98841 0 0 0 0 0
7.86524 0 0 0 0 0
7.74199 0 0 0 0 0
7.61867 0 0 0 0 0
7.49527 0 0 0 0 0
7.37179 0 0 0 0 0
7.24824 0 0 0 0 0
7.12463 0 0 0 0 0
7.00094 0 0 0 0 0
6.87718 0 0 0 0 0
6.75335 0 0 0 0 0
6.62946 0 0 0 0 0
6.5055 0 0 0 0 0
6.38148 0 0 0 0 0
6.25739 0 0 0 0 0
6.13325 0 0 0 0 0
6.00904 0 0 0 0 0
5.88477 0 0 0 0 0
5.76045 0 0 0 0 0
5.63606 0 0 0 0 0
5.51163 0 0 0 0 0
5.38713 0 0 0 0 0
5.26259 0 0 0 0 0
5.13799 0 0 0 0 0
5.01334 0 0 0 0 0
4.88865 0 0 0 0 0
4.7639 0 0 0 0 0
4.63911 0 0 0 0 0
4.51427 0 0 0 0 0
4.38939 0 0 0 0 0
4.26446 0 0 0 0 0
4.13949 0 0 0 0 0
4.01448 0 0 0 0 0
3.88943 0 0 0 0 0
3.76435 0 0 0 0 0
3.63922 0 0 0 0 0
3.51406 0 0 0 0 0
3.38887 0 0 0 0 0
3.26364 0 0 0 0 0
3.13838 0 0 0 0 0
3.01308 0 0 0 0 0
2.88776 0 0 0 0 0
2.76241 0 0 0 0 0
2.63704 0 0 0 0 0
2.51163 0 0 0 0 0
2.38621 0 0 0 0 0
2.26075 0 0 0 0 0
2.13528 0 0 0 0 0
2.00978 0 0 0 0 0
1.88427 0 0 0 0 0
1.75874 0 0 0 0 0
1.63319 0 0 0 0 0
1.50762 0 0 0 0 0
1.38204 0 0 0 0 0
1.25644 0 0 0 0 0
1.13083 0 0 0 0 0
1.00522 0 0 0 0 0
0.879587 0 0 0 0 0
0.753949 0 0 0 0 0
0.628304 0 0 0 0 0
0.502653 0 0 0 0 0
0.376997 0 0 0 0 0
0.251337 0 0 0 0 0
0.125675 0 0 0 0 0
1.13268e-05 0 0 0 0 0
-0.125652 0 0 0 0 0
-0.251315 0 0 0 0 0
-0.376974 0 0 0 0 0
-0.50263 0 0 0 0 0
-0.628282 0 0 0 0 0
-0.753927 0 0 0 0 0
-0.879564 0 0 0 0 0
-1.00519 0 0 0 0 0
-1.13081 0 0 0 0 0
-1.25642 0 0 0 0 0
-1.38201 0 0 0 0 0
-1.5076 0 0 0 0 0
-1.63316 0 0 0 0 0
-1.75871 0 0 0 0 0
-1.88425 0 0 0 0 0
-2.00976 0 0 0 0 0
-2.13526 0 0 0 0 0
-2.26073 0 0 0 0 0
-2.38618 0 0 0 0 0
-2.51161 0 0 0 0 0
-2.63701 0 0 0 0 0
-2.76239 0 0 0 0 0
-2.88774 0 0 0 0 0
-3.01306 0 0 0 0 0
-3.13835 0 0 0 0 0
-3.26361 0 0 0 0 0
-3.38884 0 0 0 0 0
-3.51404 0 0 0 0 0
-3.6392 0 0 0 0 0
-3.76432 0 0 0 0 0
-3.88941 0 0 0 0 0
-4.01446 0 0 0 0 0
-4.13947 0 0 0 0 0
-4.26444 0 0 0 0 0
-4.38936 0 0 0 0 0
-4.51425 0 0 0 0 0
-4.63908 0 0 0 0 0
-4.76388 0 0 0 0 0
-4.88862 0 0 0 0 0
-5.01332 0 0 0 0 0
-5.13797 0 0 0 0 0
-5.26257 0 0 0 0 0
-5.38711 0 0 0 0 0
-5.5116 0 0 0 0 0
-5.63604 0 0 0 0 0
-5.76042 0 0 0 0 0
-5.88475 0 0 0 0 0
-6.00902 0 0 0 0 0
-6.13322 0 0 0 0 0
-6.25737 0 0 0 0 0
-6.38146 0 0 0 0 0
-6.50548 0 0 0 0 0
-6.62944 0 0 0 0 0
-6.75333 0 0 0 0 0
-6.87716 0 0 0 0 0
-7.00091 0 0 0 0 0
-7.1246 0 0 0 0 0
-7.24822 0 0 0 0 0
-7.37177 0 0 0 0 0
-7.49524 0 0 0 0 0
-7.61865 0 0 0 0 0
-7.74197 0 0 0 0 0
-7.86522 0 0 0 0 0
-7.98839 0 0 0 0 0
-8.11148 0 0 0 0 0
-8.2345 0 0 0 0 0
-8.35743 0 0 0 0 0
-8.48028 0 0 0 0 0
-8.60304 0 0 0 0 0
-8.72572 0 0 0 0 0
-8.84832 0 0 0 0 0
-8.97082 0 0 0 0 0
-9.09324 0 0 0 0 0
-9.21557 0 0 0 0 0
-9.33781 0 0 0 0 0
-9.45995 0 0 0 0 0
-9.58201 0 0 0 0 0
-9.70396 0 0 0 0 0
-9.82582 0 0 0 0 0
-9.94759 0 0 0 0 0
-10.0693 0 0 0 0 0
-10.1908 0 0 0 0 0
-10.3123 0 0 0 0 0
-10.4337 0 0 0 0 0
-10.5549 0 0 0 0 0
-10.6761 0 0 0 0 0
-10.7971 0 0 0 0 0
-10.9181 0 0 0 0 0
-11.0389 0 0 0 0 0
-11.1596 0 0 0 0 0
-11.2803 0 0 0 0 0
-11.4008 0 0 0 0 0
-11.5212 0 0 0 0 0
-11.6414 0 0 0 0 0
-11.7616 0 0 0 0 0
-11.8817 0 0 0 0 0
-12.0016 0 0 0 0 0
-12.1214 0 0 0 0 0
-12.2411 0 0 0 0 0
-12.3607 0 0 0 0 0
-12.4801 0 0 0 0 0
-12.5995 0 0 0 0 0
-12.7187 0 0 0 0 0
-12.8377 0 0 0 0 0
-12.9567 0 0 0 0 0
-13.0755 0 0 0 0 0
-13.1942 0 0 0 0 0
-13.3128 0 0 0 0 0
-13.4312 0 0 0 0 0
-13.5495 0 0 0 0 0
-13.6677 0 0 0 0 0
-13.7857 0 0 0 0 0
-13.9036 0 0 0 0 0
-14.0214 0 0 0 0 0
-14.139 0 0 0 0 0
-14.2565 0 0 0 0 0
-14.3738 0 0 0 0 0
-14.491 0 0 0 0 0
-14.6081 0 0 0 0 0
-14.725 0 0 0 0 0
-14.8417 0 0 0 0 0
-14.9584 0 0 0 0 0
-15.0748 0 0 0 0 0
-15.1912 0 0 0 0 0
-15.3073 0 0 0 0 0
-15.4234 0 0 0 0 0
-15.5392 0 0 0 0 0
-15.6549 0 0 0 0 0
-15.7705 0 0 0 0 0
-15.8859 0 0 0 0 0
-16.0012 0 0 0 0 0
-16.1163 0 0 0 0 0
-16.2312 0 0 0 0 0
-16.346 0 0 0 0 0
-16.4606 0 0 0 0 0
-16.575 0 0 0 0 0
-16.6893 0 0 0 0 0
-16.8034 0 0 0 0 0
-16.9174 0 0 0 0 0
-17.0312 0 0 0 0 0
-17.1448 0 0 0 0 0
-17.2582 0 0 0 0 0
-17.3715 0 0 0 0 0
-17.4846 0 0 0 0 0
-17.5976 0 0 0 0 0
-17.7103 0 0 0 0 0
-17.8229 0 0 0 0 0
-17.9353 0 0 0 0 0
-18.0476 0 0 0 0 0
-18.1596 0 0 0 0 0
-18.2715 0 0 0 0 0
-18.3832 0 0 0 0 0
-18.4947 0 0 0 0 0
-18.606 0 0 0 0 0
-18.7172 0 0 0 0 0
-18.8281 0 0 0 0 0
-18.9388 0 0 0 0 0
-19.0494 0 0 0 0 0
-19.1598 0 0 0 0 0
-19.2701 0 0 0 0 0
-19.3801 0 0 0 0 0
-19.4899 0 0 0 0 0
-19.5996 0 0 0 0 0
-19.709 0 0 0 0 0
-19.8183 0 0 0 0 0
-19.9273 0 0 0 0 0
-20.0362 0 0 0 0 0
-20.1448 0 0 0 0 0
-20.2533 0 0 0 0 0
-20.3616 0 0 0 0 0
-20.4696 0 0 0 0 0
-20.5775 0 0 0 0 0
-20.6852 0 0 0 0 0
-20.7926 0 0 0 0 0
-20.8999 0 0 0 0 0
-21.0069 0 0 0 0 0
-21.1137 0 0 0 0 0
-21.2204 0 0 0 0 0
-21.3268 0 0 0 0 0
-21.433 0 0 0 0 0
-21.539 0 0 0 0 0
-21.6448 0 0 0 0 0
-21.7503 0 0 0 0 0
-21.8557 0 0 0 0 0
-21.9608 0 0 0 0 0
-22.0658 0 0 0 0 0
-22.1705 0 0 0 0 0
-22.2749 0 0 0 0 0
-22.3792 0 0 0 0 0
-22.4833 0 0 0 0 0
-22.5871 0 0 0 0 0
-22.6907 0 0 0 0 0
-22.7941 0 0 0 0 0
-22.8972 0 0 0 0 0
-23.0001 0 0 0 0 0
-23.1028 0 0 0 0 0
-23.2053 0 0 0 0 0
-23.3075 0 0 0 0 0
-23.4095 0 0 0 0 0
-23.5113 0 0 0 0 0
-23.6129 0 0 0 0 0
-23.7142 0 0 0 0 0
-23.8153 0 0 0 0 0
-23.9161 0 0 0 0 0
-24.0167 0 0 0 0 0
-24.1171 0 0 0 0 0
-24.2172 0 0 0 0 0
-24.3171 0 0 0 0 0
-24.4168 0 0 0 0 0
-24.5162 0 0 0 0 0
-24.6154 0 0 0 0 0
-24.7143 0 0 0 0 0
-24.813 0 0 0 0 0
-24.9114 0 0 0 0 0
-25.0096 0 0 0 0 0
-25.1076 0 0 0 0 0
-25.2053 0 0 0 0 0
-25.3027 0 0 0 0 0
-25.3999 0 0 0 0 0
-25.4969 0 0 0 0 0
-25.5936 0 0 0 0 0
-25.69 0 0 0 0 0
-25.7862 0 0 0 0 0
-25.8822 0 0 0 0 0
-25.9778 0 0 0 0 0
-26.0733 0 0 0 0 0
-26.1684 0 0 0 0 0
-26.2634 0 0 0 0 0
-26.358 0 0 0 0 0
-26.4524 0 0 0 0 0
-26.5465 0 0 0 0 0
-26.6404 0 0 0 0 0
-26.734 0 0 0 0 0
-26.8274 0 0 0 0 0
-26.9204 0 0 0 0 0
-27.0132 0 0 0 0 0
-27.1058 0 0 0 0 0
-27.1981 0 0 0 0 0
-27.2901 0 0 0 0 0
-27.3818 0 0 0 0 0
-27.4733 0 0 0 0 0
-27.5645 0 0 0 0 0
-27.6554 0 0 0 0 0
-27.7461 0 0 0 0 0
-27.8364 0 0 0 0 0
-27.9265 0 0 0 0 0
-28.0164 0 0 0 0 0
-28.1059 0 0 0 0 0
-28.1952 0 0 0 0 0
-28.2842 0 0 0 0 0
-28.3729 0 0 0 0 0
-28.4614 0 0 0 0 0
-28.5495 0 0 0 0 0
-28.6374 0 0 0 0 0
-28.725 0 0 0 0 0
-28.8123 0 0 0 0 0
-28.8993 0 0 0 0 0
-28.9861 0 0 0 0 0
-29.0725 0 0 0 0 0
-29.1587 0 0 0 0 0
-29.2446 0 0 0 0 0
-29.3301 0 0 0 0 0
-29.4155 0 0 0 0 0
-29.5005 0 0 0 0 0
-29.5852 0 0 0 0 0
-29.6696 0 0 0 0 0
-29.7537 0 0 0 0 0
-29.8376 0 0 0 0 0
-29.9211 0 0 0 0 0
-30.0044 0 0 0 0 0
-30.0873 0 0 0 0 0
-30.17 0 0 0 0 0
-30.2524 0 0 0 0 0
-30.3344 0 0 0 0 0
-30.4162 0 0 0 0 0
-30.4976 0 0 0 0 0
-30.5788 0 0 0 0 0
-30.6597 0 0 0 0 0
-30.7402 0 0 0 0 0
-30.8205 0 0 0 0 0
-30.9004 0 0 0 0 0
-30.9801 0 0 0 0 0
-31.0594 0 0 0 0 0
-31.1384 0 0 0 0 0
-31.2172 0 0 0 0 0
-31.2956 0 0 0 0 0
-31.3737 0 0 0 0 0
-31.4515 0 0 0 0 0
-31.529 0 0 0 0 0
-31.6061 0 0 0 0 0
-31.683 0 0 0 0 0
-31.7596 0 0 0 0 0
-31.8358 0 0 0 0 0
-31.9117 0 0 0 0 0
-31.9873 0 0 0 0 0
-32.0626 0 0 0 0 0
-32.1376 0 0 0 0 0
-32.2123 0 0 0 0 0
-32.2866 0 0 0 0 0
-32.3606 0 0 0 0 0
-32.4343 0 0 0 0 0
-32.5077 0 0 0 0 0
-32.5808 0 0 0 0 0
-32.6535 0 0 0 0 0
-32.7259 0 0 0 0 0
-32.798 0 0 0 0 0
-32.8698 0 0 0 0 0
-32.9413 0 0 0 0 0
-33.0124 0 0 0 0 0
-33.0832 0 0 0 0 0
-33.1536 0 0 0 0 0
-33.2238 0 0 0 0 0
-33.2936 0 0 0 0 0
-33.3631 0 0 0 0 0
-33.4322 0 0 0 0 0
-33.5011 0 0 0 0 0
-33.5696 0 0 0 0 0
-33.6377 0 0 0 0 0
-33.7056 0 0 0 0 0
-33.7731 0 0 0 0 0
-33.8402 0 0 0 0 0
-33.9071 0 0 0 0 0
-33.9736 0 0 0 0 0
-34.0397 0 0 0 0 0
-34.1056 0 0 0 0 0
-34.1711 0 0 0 0 0
-34.2362 0 0 0 0 0
-34.301 0 0 0 0 0
-34.3655 0 0 0 0 0
-34.4296 0 0 0 0 0
-34.4934 0 0 0 0 0
-34.5569 0 0 0 0 0
-34.62 0 0 0 0 0
-34.6828 0 0 0 0 0
-34.7452 0 0 0 0 0
-34.8073 0 0 0 0 0
-34.8691 0 0 0 0 0
-34.9305 0 0 0 0 0
-34.9915 0 0 0 0 0
-35.0522 0 0 0 0 0
-35.1126 0 0 0 0 0
-35.1726 0 0 0 0 0
-35.2323 0 0 0 0 0
-35.2916 0 0 0 0 0
-35.3506 0 0 0 0 0
-35.4092 0 0 0 0 0
-35.4675 0 0 0 0 0
-35.5254 0 0 0 0 0
-35.583 0 0 0 0 0
-35.6402 0 0 0 0 0
-35.6971 0 0 0 0 0
-35.7536 0 0 0 0 0
-35.8098 0 0 0 0 0
-35.8656 0 0 0 0 0
-35.9211 0 0 0 0 0
-35.9762 0 0 0 0 0
-36.0309 0 0 0 0 0
-36.0853 0 0 0 0 0
-36.1394 0 0 0 0 0
-36.193 0 0 0 0 0
-36.2464 0 0 0 0 0
-36.2993 0 0 0 0 0
-36.352 0 0 0 0 0
-36.4042 0 0 0 0 0
-36.4561 0 0 0 0 0
-36.5076 0 0 0 0 0
-36.5588 0 0 0 0 0
-36.6096 0 0 0 0 0
-36.6601 0 0 0 0 0
-36.7102 0 0 0 0 0
-36.7599 0 0 0 0 0
-36.8092 0 0 0 0 0
-36.8582 0 0 0 0 0
-36.9069 0 0 0 0 0
-36.9552 0 0 0 0 0
-37.0031 0 0 0 0 0
-37.0506 0 0 0 0 0
-37.0978 0 0 0 0 0
-37.1446 0 0 0 0 0
-37.191 0 0 0 0 0
-37.2371 0 0 0 0 0
-37.2828 0 0 0 0 0
-37.3282 0 0 0 0 0
-37.3731 0 0 0 0 0
-37.4177 0 0 0 0 0
-37.462 0 0 0 0 0
-37.5058 0 0 0 0 0
-37.5493 0 0 0 0 0
-37.5925 0 0 0 0 0
-37.6352 0 0 0 0 0
-37.6776 0 0 0 0 0
-37.7196 0 0 0 0 0
-37.7612 0 0 0 0 0
-37.8025 0 0 0 0 0
-37.8434 0 0 0 0 0
-37.8839 0 0 0 0 0
-37.9241 0 0 0 0 0
-37.9638 0 0 0 0 0
-38.0032 0 0 0 0 0
-38.0422 0 0 0 0 0
-38.0809 0 0 0 0 0
-38.1192 0 0 0 0 0
-38.157 0 0 0 0 0
-38.1946 0 0 0 0 0
-38.2317 0 0 0 0 0
-38.2685 0 0 0 0 0
-38.3049 0 0 0 0 0
-38.3409 0 0 0 0 0
-38.3765 0 0 0 0 0
-38.4117 0 0 0 0 0
-38.4466 0 0 0 0 0
-38.4811 0 0 0 0 0
-38.5152 0 0 0 0 0
-38.5489 0 0 0 0 0
-38.5823 0 0 0 0 0
-38.6153 0 0 0 0 0
-38.6478 0 0 0 0 0
-38.68 0 0 0 0 0
-38.7119 0 0 0 0 0
-38.7433 0 0 0 0 0
-38.7744 0 0 0 0 0
-38.8051 0 0 0 0 0
-38.8353 0 0 0 0 0
-38.8653 0 0 0 0 0
-38.8948 0 0 0 0 0
-38.9239 0 0 0 0 0
-38.9527 0 0 0 0 0
-38.9811 0 0 0 0 0
-39.0091 0 0 0 0 0
-39.0367 0 0 0 0 0
-39.0639 0 0 0 0 0
-39.0907 0 0 0 0 0
-39.1172 0 0 0 0 0
-39.1432 0 0 0 0 0
-39.1689 0 0 0 0 0
-39.1942 0 0 0 0 0
-39.2191 0 0 0 0 0
-39.2436 0 0 0 0 0
-39.2677 0 0 0 0 0
-39.2915 0 0 0 0 0
-39.3148 0 0 0 0 0
-39.3378 0 0 0 0 0
-39.3604 0 0 0 0 0
-39.3826 0 0 0 0 0
-39.4044 0 0 0 0 0
-39.4258 0 0 0 0 0
-39.4468 0 0 0 0 0
-39.4674 0 0 0 0 0
-39.4877 0 0 0 0 0
-39.5075 0 0 0 0 0
-39.527 0 0 0 0 0
-39.5461 0 0 0 0 0
-39.5648 0 0 0 0 0
-39.583 0 0 0 0 0
-39.6009 0 0 0 0 0
-39.6185 0 0 0 0 0
-39.6356 0 0 0 0 0
-39.6523 0 0 0 0 0
-39.6686 0 0 0 0 0
-39.6846 0 0 0 0 0
-39.7001 0 0 0 0 0
-39.7153 0 0 0 0 0
-39.7301 0 0 0 0 0
-39.7445 0 0 0 0 0
-39.7584 0 0 0 0 0
-39.772 0 0 0 0 0
-39.7852 0 0 0 0 0
-39.798 0 0 0 0 0
-39.8105 0 0 0 0 0
-39.8225 0 0 0 0 0
-39.8341 0 0 0 0 0
-39.8454 0 0 0 0 0
-39.8561 0 0 0 0 0
-39.8666 0 0 0 0 0
-39.8766 0 0 0 0 0
-39.8863 0 0 0 0 0
-39.8956 0 0 0 0 0
-39.9044 0 0 0 0 0
-39.9129 0 0 0 0 0
-39.921 0 0 0 0 0
-39.9287 0 0 0 0 0
-39.936 0 0 0 0 0
-39.9429 0 0 0 0 0
-39.9494 0 0 0 0 0
-39.9556 0 0 0 0 0
-39.9613 0 0 0 0 0
-39.9666 0 0 0 0 0
-39.9716 0 0 0 0 0
-39.9761 0 0 0 0 0
-39.9802 0 0 0 0 0
-39.984 0 0 0 0 0
-39.9874 0 0 0 0 0
-39.9903 0 0 0 0 0
-39.9929 0 0 0 0 0
-39.9951 0 0 0 0 0
-39.9968 0 0 0 0 0
-39.9982 0 0 0 0 0
-39.9991 0 0 0 0 0
-39.9998 0 0 0 0 0
-40 0 0 0 0 0
-39.9998 0 0 0 0 0
-39.9993 0 0 0 0 0
-39.9983 0 0 0 0 0
-39.9969 0 0 0 0 0
-39.9951 0 0 0 0 0
-39.9929 0 0 0 0 0
-39.9904 0 0 0 0 0
-39.9874 0 0 0 0 0
-39.9841 0 0 0 0 0
-39.9803 0 0 0 0 0
-39.9762 0 0 0 0 0
-39.9716 0 0 0 0 0
-39.9667 0 0 0 0 0
-39.9614 0 0 0 0 0
-39.9557 0 0 0 0 0
-39.9496 0 0 0 0 0
-39.943 0 0 0 0 0
-39.9361 0 0 0 0 0
-39.9288 0 0 0 0 0
-39.9212 0 0 0 0 0
-39.9131 0 0 0 0 0
-39.9046 0 0 0 0 0
-39.8957 0 0 0 0 0
-39.8865 0 0 0 0 0
-39.8768 0 0 0 0 0
-39.8667 0 0 0 0 0
-39.8563 0 0 0 0 0
-39.8455 0 0 0 0 0
-39.8341 0 0 0 0 0
-39.8225 0 0 0 0 0
-39.8105 0 0 0 0 0
-39.7981 0 0 0 0 0
-39.7853 0 0 0 0 0
-39.7721 0 0 0 0 0
-39.7585 0 0 0 0 0
-39.7445 0 0 0 0 0
-39.7301 0 0 0 0 0
-39.7153 0 0 0 0 0
-39.7002 0 0 0 0 0
-39.6846 0 0 0 0 0
-39.6687 0 0 0 0 0
-39.6523 0 0 0 0 0
-39.6356 0 0 0 0 0
-39.6185 0 0 0 0 0
-39.601 0 0 0 0 0
-39.5831 0 0 0 0 0
-39.5648 0 0 0 0 0
-39.5461 0 0 0 0 0
-39.527 0 0 0 0 0
-39.5076 0 0 0 0 0
-39.4877 0 0 0 0 0
-39.4675 0 0 0 0 0
-39.4468 0 0 0 0 0
-39.4258 0 0 0 0 0
-39.4044 0 0 0 0 0
-39.3826 0 0 0 0 0
-39.3604 0 0 0 0 0
-39.3378 0 0 0 0 0
-39.3149 0 0 0 0 0
-39.2915 0 0 0 0 0
-39.2678 0 0 0 0 0
-39.2437 0 0 0 0 0
-39.2191 0 0 0 0 0
-39.1942 0 0 0 0 0
-39.169 0 0 0 0 0
-39.1433 0 0 0 0 0
-39.1172 0 0 0 0 0
-39.0908 0 0 0 0 0
-39.0639 0 0 0 0 0
-39.0367 0 0 0 0 0
-39.0091 0 0 0 0 0
-38.9811 0 0 0 0 0
-38.9527 0 0 0 0 0
-38.924 0 0 0 0 0
-38.8948 0 0 0 0 0
-38.8653 0 0 0 0 0
-38.8354 0 0 0 0 0
-38.8051 0 0 0 0 0
-38.7744 0 0 0 0 0
-38.7434 0 0 0 0 0
-38.7119 0 0 0 0 0
-38.6801 0 0 0 0 0
-38.6479 0 0 0 0 0
-38.6153 0 0 0 0 0
-38.5823 0 0 0 0 0
-38.549 0 0 0 0 0
-38.5153 0 0 0 0 0
-38.4812 0 0 0 0 0
-38.4467 0 0 0 0 0
-38.4118 0 0 0 0 0
-38.3765 0 0 0 0 0
-38.3409 0 0 0 0 0
-38.3049 0 0 0 0 0
-38.2685 0 0 0 0 0
-38.2318 0 0 0 0 0
-38.1946 0 0 0 0 0
-38.1571 0 0 0 0 0
-38.1192 0 0 0 0 0
-38.081 0 0 0 0 0
-38.0423 0 0 0 0 0
-38.0033 0 0 0 0 0
-37.9639 0 0 0 0 0
-37.9241 0 0 0 0 0
-37.884 0 0 0 0 0
-37.8435 0 0 0 0 0
-37.8026 0 0 0 0 0
-37.7613 0 0 0 0 0
-37.7197 0 0 0 0 0
-37.6777 0 0 0 0 0
-37.6353 0 0 0 0 0
-37.5925 0 0 0 0 0
-37.5494 0 0 0 0 0
-37.5059 0 0 0 0 0
-37.4621 0 0 0 0 0
-37.4178 0 0 0 0 0
-37.3732 0 0 0 0 0
-37.3282 0 0 0 0 0
-37.2829 0 0 0 0 0
-37.2372 0 0 0 0 0
-37.1911 0 0 0 0 0
-37.1447 0 0 0 0 0
-37.0979 0 0 0 0 0
-37.0507 0 0 0 0 0
-37.0031 0 0 0 0 0
-36.9552 0 0 0 0 0
-36.907 0 0 0 0 0
-36.8583 0 0 0 0 0
-36.8093 0 0 0 0 0
-36.76 0 0 0 0 0
-36.7102 0 0 0 0 0
-36.6602 0 0 0 0 0
-36.6097 0 0 0 0 0
-36.5589 0 0 0 0 0
-36.5077 0 0 0 0 0
-36.4562 0 0 0 0 0
-36.4043 0 0 0 0 0
-36.3521 0 0 0 0 0
-36.2994 0 0 0 0 0
-36.2465 0 0 0 0 0
-36.1931 0 0 0 0 0
-36.1395 0 0 0 0 0
-36.0854 0 0 0 0 0
-36.031 0 0 0 0 0
-35.9763 0 0 0 0 0
-35.9212 0 0 0 0 0
-35.8657 0 0 0 0 0
-35.8099 0 0 0 0 0
-35.7537 0 0 0 0 0
-35.6972 0 0 0 0 0
-35.6403 0 0 0 0 0
-35.5831 0 0 0 0 0
-35.5255 0 0 0 0 0
-35.4676 0 0 0 0 0
-35.4093 0 0 0 0 0
-35.3507 0 0 0 0 0
-35.2917 0 0 0 0 0
-35.2324 0 0 0 0 0
-35.1727 0 0 0 0 0
-35.1127 0 0 0 0 0
-35.0523 0 0 0 0 0
-34.9916 0 0 0 0 0
-34.9306 0 0 0 0 0
-34.8692 0 0 0 0 0
-34.8074 0 0 0 0 0
-34.7453 0 0 0 0 0
-34.6829 0 0 0 0 0
-34.6201 0 0 0 0 0
-34.557 0 0 0 0 0
-34.4936 0 0 0 0 0
-34.4298 0 0 0 0 0
-34.3656 0 0 0 0 0
-34.3011 0 0 0 0 0
-34.2363 0 0 0 0 0
-34.1712 0 0 0 0 0
-34.1057 0 0 0 0 0
-34.0399 0 0 0 0 0
-33.9737 0 0 0 0 0
-33.9072 0 0 0 0 0
-33.8404 0 0 0 0 0
-33.7732 0 0 0 0 0
-33.7057 0 0 0 0 0
-33.6379 0 0 0 0 0
-33.5697 0 0 0 0 0
-33.5012 0 0 0 0 0
-33.4324 0 0 0 0 0
-33.3632 0 0 0 0 0
-33.2937 0 0 0 0 0
-33.2239 0 0 0 0 0
-33.1538 0 0 0 0 0
-33.0833 0 0 0 0 0
-33.0125 0 0 0 0 0
-32.9414 0 0 0 0 0
-32.8699 0 0 0 0 0
-32.7982 0 0 0 0 0
-32.7261 0 0 0 0 0
-32.6536 0 0 0 0 0
-32.5809 0 0 0 0 0
-32.5078 0 0 0 0 0
-32.4345 0 0 0 0 0
-32.3608 0 0 0 0 0
-32.2867 0 0 0 0 0
-32.2124 0 0 0 0 0
-32.1377 0 0 0 0 0
-32.0628 0 0 0 0 0
-31.9875 0 0 0 0 0
-31.9119 0 0 0 0 0
-31.8359 0 0 0 0 0
-31.7597 0 0 0 0 0
-31.6831 0 0 0 0 0
-31.6063 0 0 0 0 0
-31.5291 0 0 0 0 0
-31.4516 0 0 0 0 0
-31.3738 0 0 0 0 0
-31.2957 0 0 0 0 0
-31.2173 0 0 0 0 0
-31.1386 0 0 0 0 0
-31.0595 0 0 0 0 0
-30.9802 0 0 0 0 0
-30.9006 0 0 0 0 0
-30.8206 0 0 0 0 0
-30.7404 0 0 0 0 0
-30.6598 0 0 0 0 0
-30.5789 0 0 0 0 0
-30.4978 0 0 0 0 0
-30.4163 0 0 0 0 0
-30.3346 0 0 0 0 0
-30.2525 0 0 0 0 0
-30.1701 0 0 0 0 0
-30.0875 0 0 0 0 0
-30.0045 0 0 0 0 0
-29.9213 0 0 0 0 0
-29.8377 0 0 0 0 0
-29.7539 0 0 0 0 0
-29.6698 0 0 0 0 0
-29.5853 0 0 0 0 0
-29.5006 0 0 0 0 0
-29.4156 0 0 0 0 0
-29.3303 0 0 0 0 0
-29.2447 0 0 0 0 0
-29.1588 0 0 0 0 0
-29.0727 0 0 0 0 0
-28.9862 0 0 0 0 0
-28.8995 0 0 0 0 0
-28.8125 0 0 0 0 0
-28.7251 0 0 0 0 0
-28.6376 0 0 0 0 0
-28.5497 0 0 0 0 0
-28.4615 0 0 0 0 0
-28.3731 0 0 0 0 0
-28.2844 0 0 0 0 0
-28.1954 0 0 0 0 0
-28.1061 0 0 0 0 0
-28.0165 0 0 0 0 0
-27.9267 0 0 0 0 0
-27.8366 0 0 0 0 0
-27.7462 0 0 0 0 0
-27.6556 0 0 0 0 0
-27.5646 0 0 0 0 0
-27.4734 0 0 0 0 0
-27.382 0 0 0 0 0
-27.2902 0 0 0 0 0
-27.1982 0 0 0 0 0
-27.106 0 0 0 0 0
-27.0134 0 0 0 0 0
-26.9206 0 0 0 0 0
-26.8275 0 0 0 0 0
-26.7342 0 0 0 0 0
-26.6406 0 0 0 0 0
-26.5467 0 0 0 0 0
-26.4526 0 0 0 0 0
-26.3582 0 0 0 0 0
-26.2635 0 0 0 0 0
-26.1686 0 0 0 0 0
-26.0734 0 0 0 0 0
-25.978 0 0 0 0 0
-25.8823 0 0 0 0 0
-25.7864 0 0 0 0 0
-25.6902 0 0 0 0 0
-25.5938 0 0 0 0 0
-25.4971 0 0 0 0 0
-25.4001 0 0 0 0 0
-25.3029 0 0 0 0 0
-25.2055 0 0 0 0 0
-25.1078 0 0 0 0 0
-25.0098 0 0 0 0 0
-24.9116 0 0 0 0 0
-24.8132 0 0 0 0 0
-24.7145 0 0 0 0 0
-24.6156 0 0 0 0 0
-24.5164 0 0 0 0 0
-24.417 0 0 0 0 0
-24.3173 0 0 0 0 0
-24.2174 0 0 0 0 0
-24.1173 0 0 0 0 0
-24.0169 0 0 0 0 0
-23.9163 0 0 0 0 0
-23.8155 0 0 0 0 0
-23.7144 0 0 0 0 0
-23.6131 0 0 0 0 0
-23.5115 0 0 0 0 0
-23.4097 0 0 0 0 0
-23.3077 0 0 0 0 0
-23.2055 0 0 0 0 0
-23.103 0 0 0 0 0
-23.0003 0 0 0 0 0
-22.8974 0 0 0 0 0
-22.7942 0 0 0 0 0
-22.6909 0 0 0 0 0
-22.5873 0 0 0 0 0
-22.4834 0 0 0 0 0
-22.3794 0 0 0 0 0
-22.2751 0 0 0 0 0
-22.1706 0 0 0 0 0
-22.0659 0 0 0 0 0
-21.961 0 0 0 0 0
-21.8559 0 0 0 0 0
-21.7505 0 0 0 0 0
-21.645 0 0 0 0 0
-21.5392 0 0 0 0 0
-21.4332 0 0 0 0 0
-21.327 0 0 0 0 0
-21.2206 0 0 0 0 0
-21.1139 0 0 0 0 0
-21.0071 0 0 0 0 0
-20.9 0 0 0 0 0
-20.7928 0 0 0 0 0
-20.6853 0 0 0 0 0
-20.5777 0 0 0 0 0
-20.4698 0 0 0 0 0
-20.3618 0 0 0 0 0
-20.2535 0 0 0 0 0
-20.145 0 0 0 0 0
-20.0364 0 0 0 0 0
-19.9275 0 0 0 0 0
-19.8185 0 0 0 0 0
-19.7092 0 0 0 0 0
-19.5998 0 0 0 0 0
-19.4901 0 0 0 0 0
-19.3803 0 0 0 0 0
-19.2703 0 0 0 0 0
-19.16 0 0 0 0 0
-19.0496 0 0 0 0 0
-18.939 0 0 0 0 0
-18.8283 0 0 0 0 0
-18.7173 0 0 0 0 0
-18.6061 0 0 0 0 0
-18.4947 0 0 0 0 0
-18.3832 0 0 0 0 0
-18.2715 0 0 0 0 0
-18.1596 0 0 0 0 0
-18.0476 0 0 0 0 0
-17.9353 0 0 0 0 0
-17.8229 0 0 0 0 0
-17.7103 0 0 0 0 0
-17.5976 0 0 0 0 0
-17.4846 0 0 0 0 0
-17.3715 0 0 0 0 0
-17.2583 0 0 0 0 0
-17.1448 0 0 0 0 0
-17.0312 0 0 0 0 0
-16.9174 0 0 0 0 0
-16.8034 0 0 0 0 0
-16.6893 0 0 0 0 0
-16.575 0 0 0 0 0
-16.4606 0 0 0 0 0
-16.346 0 0 0 0 0
-16.2312 0 0 0 0 0
-16.1163 0 0 0 0 0
-16.0012 0 0 0 0 0
-15.8859 0 0 0 0 0
-15.7705 0 0 0 0 0
-15.655 0 0 0 0 0
-15.5392 0 0 0 0 0
-15.4234 0 0 0 0 0
-15.3074 0 0 0 0 0
-15.1912 0 0 0 0 0
-15.0749 0 0 0 0 0
-14.9584 0 0 0 0 0
-14.8418 0 0 0 0 0
-14.725 0 0 0 0 0
-14.6081 0 0 0 0 0
-14.491 0 0 0 0 0
-14.3738 0 0 0 0 0
-14.2565 0 0 0 0 0
-14.139 0 0 0 0 0
-14.0214 0 0 0 0 0
-13.9036 0 0 0 0 0
-13.7857 0 0 0 0 0
-13.6677 0 0 0 0 0
-13.5495 0 0 0 0 0
-13.4312 0 0 0 0 0
-13.3128 0 0 0 0 0
-13.1942 0 0 0 0 0
-13.0755 0 0 0 0 0
-12.9567 0 0 0 0 0
-12.8378 0 0 0 0 0
-12.7187 0 0 0 0 0
-12.5995 0 0 0 0 0
-12.4801 0 0 0 0 0
-12.3607 0 0 0 0 0
-12.2411 0 0 0 0 0
-12.1214 0 0 0 0 0
-12.0016 0 0 0 0 0
-11.8817 0 0 0 0 0
-11.7616 0 0 0 0 0
-11.6415 0 0 0 0 0
-11.5212 0 0 0 0 0
-11.4008 0 0 0 0 0
-11.2803 0 0 0 0 0
-11.1597 0 0 0 0 0
-11.0389 0 0 0 0 0
-10.9181 0 0 0 0 0
-10.7971 0 0 0 0 0
-10.6761 0 0 0 0 0
-10.5549 0 0 0 0 0
-10.4337 0 0 0 0 0
-10.3123 0 0 0 0 0
-10.1908 0 0 0 0 0
-10.0693 0 0 0 0 0
-9.94761 0 0 0 0 0
-9.82585 0 0 0 0 0
-9.70398 0 0 0 0 0
-9.58203 0 0 0 0 0
-9.45998 0 0 0 0 0
-9.33783 0 0 0 0 0
-9.21559 0 0 0 0 0
-9.09326 0 0 0 0 0
-8.97085 0 0 0 0 0
-8.84834 0 0 0 0 0
-8.72574 0 0 0 0 0
-8.60306 0 0 0 0 0
-8.4803 0 0 0 0 0
-8.35745 0 0 0 0 0
-8.23452 0 0 0 0 0
-8.11151 0 0 0 0 0
-7.98841 0 0 0 0 0
-7.86524 0 0 0 0 0
-7.74199 0 0 0 0 0
-7.61867 0 0 0 0 0
-7.49527 0 0 0 0 0
-7.37179 0 0 0 0 0
-7.24824 0 0 0 0 0
-7.12463 0 0 0 0 0
-7.00094 0 0 0 0 0
-6.87718 0 0 0 0 0
-6.75335 0 0 0 0 0
-6.62946 0 0 0 0 0
-6.5055 0 0 0 0 0
-6.38148 0 0 0 0 0
-6.25739 0 0 0 0 0
-6.13325 0 0 0 0 0
-6.00904 0 0 0 0 0
-5.88477 0 0 0 0 0
-5.76045 0 0 0 0 0
-5.63606 0 0 0 0 0
-5.51163 0 0 0 0 0
-5.38713 0 0 0 0 0
-5.26259 0 0 0 0 0
-5.13799 0 0 0 0 0
-5.01334 0 0 0 0 0
-4.88865 0 0 0 0 0
-4.7639 0 0 0 0 0
-4.63911 0 0 0 0 0
-4.51427 0 0 0 0 0
-4.38939 0 0 0 0 0
-4.26446 0 0 0 0 0
-4.13949 0 0 0 0 0
-4.01448 0 0 0 0 0
-3.88943 0 0 0 0 0
-3.76435 0 0 0 0 0
-3.63922 0 0 0 0 0
-3.51406 0 0 0 0 0
-3.38887 0 0 0 0 0
-3.26364 0 0 0 0 0
-3.13838 0 0 0 0 0
-3.01308 0 0 0 0 0
-2.88776 0 0 0 0 0
-2.76241 0 0 0 0 0
-2.63704 0 0 0 0 0
-2.51163 0 0 0 0 0
-2.38621 0 0 0 0 0
-2.26075 0 0 0 0 0
-2.13528 0 0 0 0 0
-2.00978 0 0 0 0 0
-1.88427 0 0 0 0 0
-1.75874 0 0 0 0 0
-1.63319 0 0 0 0 0
-1.50762 0 0 0 0 0
-1.38204 0 0 0 0 0
-1.25644 0 0 0 0 0
-1.13083 0 0 0 0 0
-1.00522 0 0 0 0 0
-0.879587 0 0 0 0 0
-0.753949 0 0 0 0 0
-0.628304 0 0 0 0 0
-0.502653 0 0 0 0 0
-0.376997 0 0 0 0 0
-0.251337 0 0 0 0 0
-0.125675 0 0 0 0 0
-1.13269e-05 0 0 0 0 0
0.125652 0 0 0 0 0
0.251315 0 0 0 0 0
0.376974 0 0 0 0 0
0.50263 0 0 0 0 0
0.628282 0 0 0 0 0
0.753927 0 0 0 0 0
0.879564 0 0 0 0 0
1.00519 0 0 0 0 0
1.13081 0 0 0 0 0
1.25642 0 0 0 0 0
1.38201 0 0 0 0 0
1.5076 0 0 0 0 0
1.63316 0 0 0 0 0
1.75871 0 0 0 0 0
1.88425 0 0 0 0 0
2.00976 0 0 0 0 0
2.13526 0 0 0 0 0
2.26073 0 0 0 0 0
2.38618 0 0 0 0 0
2.51161 0 0 0 0 0
2.63701 0 0 0 0 0
2.76239 0 0 0 0 0
2.88774 0 0 0 0 0
3.01306 0 0 0 0 0
3.13835 0 0 0 0 0
3.26361 0 0 0 0 0
3.38884 0 0 0 0 0
3.51404 0 0 0 0 0
3.6392 0 0 0 0 0
3.76432 0 0 0 0 0
3.88941 0 0 0 0 0
4.01446 0 0 0 0 0
4.13947 0 0 0 0 0
4.26444 0 0 0 0 0
4.38936 0 0 0 0 0
4.51425 0 0 0 0 0
4.63908 0 0 0 0 0
4.76388 0 0 0 0 0
4.88862 0 0 0 0 0
5.01332 0 0 0 0 0
5.13797 0 0 0 0 0
5.26257 0 0 0 0 0
5.38711 0 0 0 0 0
5.5116 0 0 0 0 0
5.63604 0 0 0 0 0
5.76042 0 0 0 0 0
5.88475 0 0 0 0 0
6.00902 0 0 0 0 0
6.13322 0 0 0 0 0
6.25737 0 0 0 0 0
6.38146 0 0 0 0 0
6.50548 0 0 0 0 0
6.62944 0 0 0 0 0
6.75333 0 0 0 0 0
6.87716 0 0 0 0 0
7.00091 0 0 0 0 0
7.1246 0 0 0 0 0
7.24822 0 0 0 0 0
7.37177 0 0 0 0 0
7.49524 0 0 0 0 0
7.61865 0 0 0 0 0
7.74197 0 0 0 0 0
7.86522 0 0 0 0 0
7.98839 0 0 0 0 0
8.11148 0 0 0 0 0
8.2345 0 0 0 0 0
8.35743 0 0 0 0 0
8.48028 0 0 0 0 0
8.60304 0 0 0 0 0
8.72572 0 0 0 0 0
8.84832 0 0 0 0 0
8.97082 0 0 0 0 0
9.09324 0 0 0 0 0
9.21557 0 0 0 0 0
9.33781 0 0 0 0 0
9.45995 0 0 0 0 0
9.58201 0 0 0 0 0
9.70396 0 0 0 0 0
9.82582 0 0 0 0 0
9.94759 0 0 0 0 0
10.0693 0 0 0 0 0
10.1908 0 0 0 0 0
10.3123 0 0 0 0 0
10.4337 0 0 0 0 0
10.5549 0 0 0 0 0
10.6761 0 0 0 0 0
10.7971 0 0 0 0 0
10.9181 0 0 0 0 0
11.0389 0 0 0 0 0
11.1596 0 0 0 0 0
11.2803 0 0 0 0 0
11.4008 0 0 0 0 0
11.5212 0 0 0 0 0
11.6414 0 0 0 0 0
11.7616 0 0 0 0 0
11.8817 0 0 0 0 0
12.0016 0 0 0 0 0
12.1214 0 0 0 0 0
12.2411 0 0 0 0 0
12.3607 0 0 0 0 0
12.4801 0 0 0 0 0
12.5995 0 0 0 0 0
12.7187 0 0 0 0 0
12.8377 0 0 0 0 0
12.9567 0 0 0 0 0
13.0755 0 0 0 0 0
13.1942 0 0 0 0 0
13.3128 0 0 0 0 0
13.4312 0 0 0 0 0
13.5495 0 0 0 0 0
13.6677 0 0 0 0 0
13.7857 0 0 0 0 0
13.9036 0 0 0 0 0
14.0214 0 0 0 0 0
14.139 0 0 0 0 0
14.2565 0 0 0 0 0
14.3738 0 0 0 0 0
14.491 0 0 0 0 0
14.6081 0 0 0 0 0
14.725 0 0 0 0 0
14.8417 0 0 0 0 0
14.9584 0 0 0 0 0
15.0748 0 0 0 0 0
15.1912 0 0 0 0 0
15.3073 0 0 0 0 0
15.4234 0 0 0 0 0
15.5392 0 0 0 0 0
15.6549 0 0 0 0 0
15.7705 0 0 0 0 0
15.8859 0 0 0 0 0
16.0012 0 0 0 0 0
16.1163 0 0 0 0 0
16.2312 0 0 0 0 0
16.346 0 0 0 0 0
16.4606 0 0 0 0 0
16.575 0 0 0 0 0
16.6893 0 0 0 0 0
16.8034 0 0 0 0 0
16.9174 0 0 0 0 0
17.0312 0 0 0 0 0
17.1448 0 0 0 0 0
17.2582 0 0 0 0 0
17.3715 0 0 0 0 0
17.4846 0 0 0 0 0
17.5976 0 0 0 0 0
17.7103 0 0 0 0 0
17.8229 0 0 0 0 0
17.9353 0 0 0 0 0
18.0476 0 0 0 0 0
18.1596 0 0 0 0 0
18.2715 0 0 0 0 0
18.3832 0 0 0 0 0
18.4947 0 0 0 0 0
18.606 0 0 0 0 0
18.7172 0 0 0 0 0
18.8281 0 0 0 0 0
18.9388 0 0 0 0 0
19.0494 0 0 0 0 0
19.1598 0 0 0 0 0
19.2701 0 0 0 0 0
19.3801 0 0 0 0 0
19.4899 0 0 0 0 0
19.5996 0 0 0 0 0
19.709 0 0 0 0 0
19.8183 0 0 0 0 0
19.9273 0 0 0 0 0
20.0362 0 0 0 0 0
20.1448 0 0 0 0 0
20.2533 0 0 0 0 0
20.3616 0 0 0 0 0
20.4696 0 0 0 0 0
20.5775 0 0 0 0 0
20.6852 0 0 0 0 0
20.7926 0 0 0 0 0
20.8999 0 0 0 0 0
21.0069 0 0 0 0 0
21.1137 0 0 0 0 0
21.2204 0 0 0 0 0
21.3268 0 0 0 0 0
21.433 0 0 0 0 0
21.539 0 0 0 0 0
21.6448 0 0 0 0 0
21.7503 0 0 0 0 0
21.8557 0 0 0 0 0
21.9608 0 0 0 0 0
22.0658 0 0 0 0 0
22.1705 0 0 0 0 0
22.2749 0 0 0 0 0
22.3792 0 0 0 0 0
22.4833 0 0 0 0 0
22.5871 0 0 0 0 0
22.6907 0 0 0 0 0
22.7941 0 0 0 0 0
22.8972 0 0 0 0 0
23.0001 0 0 0 0 0
23.1028 0 0 0 0 0
23.2053 0 0 0 0 0
23.3075 0 0 0 0 0
23.4095 0 0 0 0 0
23.5113 0 0 0 0 0
23.6129 0 0 0 0 0
23.7142 0 0 0 0 0
23.8153 0 0 0 0 0
23.9161 0 0 0 0 0
24.0167 0 0 0 0 0
24.1171 0 0 0 0 0
24.2172 0 0 0 0 0
24.3171 0 0 0 0 0
24.4168 0 0 0 0 0
24.5162 0 0 0 0 0
24.6154 0 0 0 0 0
24.7143 0 0 0 0 0
24.813 0 0 0 0 0
24.9114 0 0 0 0 0
25.0096 0 0 0 0 0
25.1076 0 0 0 0 0
25.2053 0 0 0 0 0
25.3027 0 0 0 0 0
25.3999 0 0 0 0 0
25.4969 0 0 0 0 0
25.5936 0 0 0 0 0
25.69 0 0 0 0 0
25.7862 0 0 0 0 0
25.8822 0 0 0 0 0
25.9778 0 0 0 0 0
26.0733 0 0 0 0 0
26.1684 0 0 0 0 0
26.2634 0 0 0 0 0
26.358 0 0 0 0 0
26.4524 0 0 0 0 0
26.5465 0 0 0 0 0
26.6404 0 0 0 0 0
26.734 0 0 0 0 0
26.8274 0 0 0 0 0
26.9204 0 0 0 0 0
27.0132 0 0 0 0 0
27.1058 0 0 0 0 0
27.1981 0 0 0 0 0
27.2901 0 0 0 0 0
27.3818 0 0 0 0 0
27.4733 0 0 0 0 0
27.5645 0 0 0 0 0
27.6554 0 0 0 0 0
27.7461 0 0 0 0 0
27.8364 0 0 0 0 0
27.9265 0 0 0 0 0
28.0164 0 0 0 0 0
28.1059 0 0 0 0 0
28.1952 0 0 0 0 0
28.2842 0 0 0 0 0
28.3729 0 0 0 0 0
28.4614 0 0 0 0 0
28.5495 0 0 0 0 0
28.6374 0 0 0 0 0
28.725 0 0 0 0 0
28.8123 0 0 0 0 0
28.8993 0 0 0 0 0
28.9861 0 0 0 0 0
29.0725 0 0 0 0 0
29.1587 0 0 0 0 0
29.2446 0 0 0 0 0
29.3301 0 0 0 0 0
29.4155 0 0 0 0 0
29.5005 0 0 0 0 0
29.5852 0 0 0 0 0
29.6696 0 0 0 0 0
29.7537 0 0 0 0 0
29.8376 0 0 0 0 0
29.9211 0 0 0 0 0
30.0044 0 0 0 0 0
30.0873 0 0 0 0 0
30.17 0 0 0 0 0
30.2524 0 0 0 0 0
30.3344 0 0 0 0 0
30.4162 0 0 0 0 0
30.4976 0 0 0 0 0
30.5788 0 0 0 0 0
30.6597 0 0 0 0 0
30.7402 0 0 0 0 0
30.8205 0 0 0 0 0
30.9004 0 0 0 0 0
30.9801 0 0 0 0 0
31.0594 0 0 0 0 0
31.1384 0 0 0 0 0
31.2172 0 0 0 0 0
31.2956 0 0 0 0 0
31.3737 0 0 0 0 0
31.4515 0 0 0 0 0
31.529 0 0 0 0 0
31.6061 0 0 0 0 0
31.683 0 0 0 0 0
31.7596 0 0 0 0 0
31.8358 0 0 0 0 0
31.9117 0 0 0 0 0
31.9873 0 0 0 0 0
32.0626 0 0 0 0 0
32.1376 0 0 0 0 0
32.2123 0 0 0 0 0
32.2866 0 0 0 0 0
32.3606 0 0 0 0 0
32.4343 0 0 0 0 0
32.5077 0 0 0 0 0
32.5808 0 0 0 0 0
32.6535 0 0 0 0 0
32.7259 0 0 0 0 0
32.798 0 0 0 0 0
32.8698 0 0 0 0 0
32.9413 0 0 0 0 0
33.0124 0 0 0 0 0
33.0832 0 0 0 0 0
33.1536 0 0 0 0 0
33.2238 0 0 0 0 0
33.2936 0 0 0 0 0
33.3631 0 0 0 0 0
33.4322 0 0 0 0 0
33.5011 0 0 0 0 0
33.5696 0 0 0 0 0
33.6377 0 0 0 0 0
33.7056 0 0 0 0 0
33.7731 0 0 0 0 0
33.8402 0 0 0 0 0
33.9071 0 0 0 0 0
33.9736 0 0 0 0 0
34.0397 0 0 0 0 0
34.1056 0 0 0 0 0
34.1711 0 0 0 0 0
34.2362 0 0 0 0 0
34.301 0 0 0 0 0
34.3655 0 0 0 0 0
34.4296 0 0 0 0 0
34.4934 0 0 0 0 0
34.5569 0 0 0 0 0
34.62 0 0 0 0 0
34.6828 0 0 0 0 0
34.7452 0 0 0 0 0
34.8073 0 0 0 0 0
34.8691 0 0 0 0 0
34.9305 0 0 0 0 0
34.9915 0 0 0 0 0
35.0522 0 0 0 0 0
35.1126 0 0 0 0 0
35.1726 0 0 0 0 0
35.2323 0 0 0 0 0
35.2916 0 0 0 0 0
35.3506 0 0 0 0 0
35.4092 0 0 0 0 0
35.4675 0 0 0 0 0
35.5254 0 0 0 0 0
35.583 0 0 0 0 0
35.6402 0 0 0 0 0
35.6971 0 0 0 0 0
35.7536 0 0 0 0 0
35.8098 0 0 0 0 0
35.8656 0 0 0 0 0
35.9211 0 0 0 0 0
35.9762 0 0 0 0 0
36.0309 0 0 0 0 0
36.0853 0 0 0 0 0
36.1394 0 0 0 0 0
36.193 0 0 0 0 0
36.2464 0 0 0 0 0
36.2993 0 0 0 0 0
36.352 0 0 0 0 0
36.4042 0 0 0 0 0
36.4561 0 0 0 0 0
36.5076 0 0 0 0 0
36.5588 0 0 0 0 0
36.6096 0 0 0 0 0
36.6601 0 0 0 0 0
36.7102 0 0 0 0 0
36.7599 0 0 0 0 0
36.8092 0 0 0 0 0
36.8582 0 0 0 0 0
36.9069 0 0 0 0 0
36.9552 0 0 0 0 0
37.0031 0 0 0 0 0
37.0506 0 0 0 0 0
37.0978 0 0 0 0 0
37.1446 0 0 0 0 0
37.191 0 0 0 0 0
37.2371 0 0 0 0 0
37.2828 0 0 0 0 0
37.3282 0 0 0 0 0
37.3731 0 0 0 0 0
37.4177 0 0 0 0 0
37.462 0 0 0 0 0
37.5058 0 0 0 0 0
37.5493 0 0 0 0 0
37.5925 0 0 0 0 0
37.6352 0 0 0 0 0
37.6776 0 0 0 0 0
37.7196 0 0 0 0 0
37.7612 0 0 0 0 0
37.8025 0 0 0 0 0
37.8434 0 0 0 0 0
37.8839 0 0 0 0 0
37.9241 0 0 0 0 0
37.9638 0 0 0 0 0
38.0032 0 0 0 0 0
38.0422 0 0 0 0 0
38.0809 0 0 0 0 0
38.1192 0 0 0 0 0
38.157 0 0 0 0 0
38.1946 0 0 0 0 0
38.2317 0 0 0 0 0
38.2685 0 0 0 0 0
38.3049 0 0 0 0 0
38.3409 0 0 0 0 0
38.3765 0 0 0 0 0
38.4117 0 0 0 0 0
38.4466 0 0 0 0 0
38.4811 0 0 0 0 0
38.5152 0 0 0 0 0
38.5489 0 0 0 0 0
38.5823 0 0 0 0 0
38.6153 0 0 0 0 0
38.6478 0 0 0 0 0
38.68 0 0 0 0 0
38.7119 0 0 0 0 0
38.7433 0 0 0 0 0
38.7744 0 0 0 0 0
38.8051 0 0 0 0 0
38.8353 0 0 0 0 0
38.8653 0 0 0 0 0
38.8948 0 0 0 0 0
38.9239 0 0 0 0 0
38.9527 0 0 0 0 0
38.9811 0 0 0 0 0
39.0091 0 0 0 0 0
39.0367 0 0 0 0 0
39.0639 0 0 0 0 0
39.0907 0 0 0 0 0
39.1172 0 0 0 0 0
39.1432 0 0 0 0 0
39.1689 0 0 0 0 0
39.1942 0 0 0 0 0
39.2191 0 0 0 0 0
39.2436 0 0 0 0 0
39.2677 0 0 0 0 0
39.2915 0 0 0 0 0
39.3148 0 0 0 0 0
39.3378 0 0 0 0 0
39.3604 0 0 0 0 0
39.3826 0 0 0 0 0
39.4044 0 0 0 0 0
39.4258 0 0 0 0 0
39.4468 0 0 0 0 0
39.4674 0 0 0 0 0
39.4877 0 0 0 0 0
39.5075 0 0 0 0 0
39.527 0 0 0 0 0
39.5461 0 0 0 0 0
39.5648 0 0 0 0 0
39.583 0 0 0 0 0
39.6009 0 0 0 0 0
39.6185 0 0 0 0 0
39.6356 0 0 0 0 0
39.6523 0 0 0 0 0
39.6686 0 0 0 0 0
39.6846 0 0 0 0 0
39.7001 0 0 0 0 0
39.7153 0 0 0 0 0
39.7301 0 0 0 0 0
39.7445 0 0 0 0 0
39.7584 0 0 0 0 0
39.772 0 0 0 0 0
39.7852 0 0 0 0 0
39.798 0 0 0 0 0
39.8105 0 0 0 0 0
39.8225 0 0 0 0 0
39.8341 0 0 0 0 0
39.8454 0 0 0 0 0
39.8561 0 0 0 0 0
39.8666 0 0 0 0 0
39.8766 0 0 0 0 0
39.8863 0 0 0 0 0
39.8956 0 0 0 0 0
39.9044 0 0 0 0 0
39.9129 0 0 0 0 0
39.921 0 0 0 0 0
39.9287 0 0 0 0 0
39.936 0 0 0 0 0
39.9429 0 0 0 0 0
39.9494 0 0 0 0 0
39.9556 0 0 0 0 0
39.9613 0 0 0 0 0
39.9666 0 0 0 0 0
39.9716 0 0 0 0 0
39.9761 0 0 0 0 0
39.9802 0 0 0 0 0
39.984 0 0 0 0 0
39.9874 0 0 0 0 0
39.9903 0 0 0 0 0
39.9929 0 0 0 0 0
39.9951 0 0 0 0 0
39.9968 0 0 0 0 0
39.9982 0 0 0 0 0
39.9991 0 0 0 0 0
39.9998 0 0 0 0 0
40 0 0 0 0 0
39.9998 0 0 0 0 0
39.9993 0 0 0 0 0
39.9983 0 0 0 0 0
39.9969 0 0 0 0 0
39.9951 0 0 0 0 0
39.9929 0 0 0 0 0
39.9904 0 0 0 0 0
39.9874 0 0 0 0 0
39.9841 0 0 0 0 0
39.9803 0 0 0 0 0
39.9762 0 0 0 0 0
39.9716 0 0 0 0 0
39.9667 0 0 0 0 0
39.9614 0 0 0 0 0
39.9557 0 0 0 0 0
39.9496 0 0 0 0 0
39.943 0 0 0 0 0
39.9361 0 0 0 0 0
39.9288 0 0 0 0 0
39.9212 0 0 0 0 0
39.9131 0 0 0 0 0
39.9046 0 0 0 0 0
39.8957 0 0 0 0 0
39.8865 0 0 0 0 0
39.8768 0 0 0 0 0
39.8667 0 0 0 0 0
39.8563 0 0 0 0 0
39.8455 0 0 0 0 0
39.8341 0 0 0 0 0
39.8225 0 0 0 0 0
39.8105 0 0 0 0 0
39.7981 0 0 0 0 0
39.7853 0 0 0 0 0
39.7721 0 0 0 0 0
39.7585 0 0 0 0 0
39.7445 0 0 0 0 0
39.7301 0 0 0 0 0
39.7153 0 0 0 0 0
39.7002 0 0 0 0 0
39.6846 0 0 0 0 0
39.6687 0 0 0 0 0
39.6523 0 0 0 0 0
39.6356 0 0 0 0 0
39.6185 0 0 0 0 0
39.601 0 0 0 0 0
39.5831 0 0 0 0 0
39.5648 0 0 0 0 0
39.5461 0 0 0 0 0
39.527 0 0 0 0 0
39.5076 0 0 0 0 0
39.4877 0 0 0 0 0
39.4675 0 0 0 0 0
39.4468 0 0 0 0 0
39.4258 0 0 0 0 0
39.4044 0 0 0 0 0
39.3826 0 0 0 0 0
39.3604 0 0 0 0 0
39.3378 0 0 0 0 0
39.3149 0 0 0 0 0
39.2915 0 0 0 0 0
39.2678 0 0 0 0 0
39.2437 0 0 0 0 0
39.2191 0 0 0 0 0
39.1942 0 0 0 0 0
39.169 0 0 0 0 0
39.1433 0 0 0 0 0
39.1172 0 0 0 0 0
39.0908 0 0 0 0 0
39.0639 0 0 0 0 0
39.0367 0 0 0 0 0
39.0091 0 0 0 0 0
38.9811 0 0 0 0 0
38.9527 0 0 0 0 0
38.924 0 0 0 0 0
38.8948 0 0 0 0 0
38.8653 0 0 0 0 0
38.8354 0 0 0 0 0
38.8051 0 0 0 0 0
38.7744 0 0 0 0 0
38.7434 0 0 0 0 0
38.7119 0 0 0 0 0
38.6801 0 0 0 0 0
38.6479 0 0 0 0 0
38.6153 0 0 0 0 0
38.5823 0 0 0 0 0
38.549 0 0 0 0 0
38.5153 0 0 0 0 0
38.4812 0 0 0 0 0
38.4467 0 0 0 0 0
38.4118 0 0 0 0 0
38.3765 0 0 0 0 0
38.3409 0 0 0 0 0
38.3049 0 0 0 0 0
38.2685 0 0 0 0 0
38.2318 0 0 0 0 0
38.1946 0 0 0 0 0
38.1571 0 0 0 0 0
38.1192 0 0 0 0 0
38.081 0 0 0 0 0
38.0423 0 0 0 0 0
38.0033 0 0 0 0 0
37.9639 0 0 0 0 0
37.9241 0 0 0 0 0
37.884 0 0 0 0 0
37.8435 0 0 0 0 0
37.8026 0 0 0 0 0
37.7613 0 0 0 0 0
37.7197 0 0 0 0 0
37.6777 0 0 0 0 0
37.6353 0 0 0 0 0
37.5925 0 0 0 0 0
37.5494 0 0 0 0 0
37.5059 0 0 0 0 0
37.4621 0 0 0 0 0
37.4178 0 0 0 0 0
37.3732 0 0 0 0 0
37.3282 0 0 0 0 0
37.2829 0 0 0 0 0
37.2372 0 0 0 0 0
37.1911 0 0 0 0 0
37.1447 0 0 0 0 0
37.0979 0 0 0 0 0
37.0507 0 0 0 0 0
37.0031 0 0 0 0 0
36.9552 0 0 0 0 0
36.907 0 0 0 0 0
36.8583 0 0 0 0 0
36.8093 0 0 0 0 0
36.76 0 0 0 0 0
36.7102 0 0 0 0 0
36.6602 0 0 0 0 0
36.6097 0 0 0 0 0
36.5589 0 0 0 0 0
36.5077 0 0 0 0 0
36.4562 0 0 0 0 0
36.4043 0 0 0 0 0
36.3521 0 0 0 0 0
36.2994 0 0 0 0 0
36.2465 0 0 0 0 0
36.1931 0 0 0 0 0
36.1395 0 0 0 0 0
36.0854 0 0 0 0 0
36.031 0 0 0 0 0
35.9763 0 0 0 0 0
35.9212 0 0 0 0 0
35.8657 0 0 0 0 0
35.8099 0 0 0 0 0
35.7537 0 0 0 0 0
35.6972 0 0 0 0 0
35.6403 0 0 0 0 0
35.5831 0 0 0 0 0
35.5255 0 0 0 0 0
35.4676 0 0 0 0 0
35.4093 0 0 0 0 0
35.3507 0 0 0 0 0
35.2917 0 0 0 0 0
35.2324 0 0 0 0 0
35.1727 0 0 0 0 0
35.1127 0 0 0 0 0
35.0523 0 0 0 0 0
34.9916 0 0 0 0 0
34.9306 0 0 0 0 0
34.8692 0 0 0 0 0
34.8074 0 0 0 0 0
34.7453 0 0 0 0 0
34.6829 0 0 0 0 0
34.6201 0 0 0 0 0
34.557 0 0 0 0 0
34.4936 0 0 0 0 0
34.4298 0 0 0 0 0
34.3656 0 0 0 0 0
34.3011 0 0 0 0 0
34.2363 0 0 0 0 0
34.1712 0 0 0 0 0
34.1057 0 0 0 0 0
34.0399 0 0 0 0 0
33.9737 0 0 0 0 0
33.9072 0 0 0 0 0
33.8404 0 0 0 0 0
33.7732 0 0 0 0 0
33.7057 0 0 0 0 0
33.6379 0 0 0 0 0
33.5697 0 0 0 0 0
33.5012 0 0 0 0 0
33.4324 0 0 0 0 0
33.3632 0 0 0 0 0
33.2937 0 0 0 0 0
33.2239 0 0 0 0 0
33.1538 0 0 0 0 0
33.0833 0 0 0 0 0
33.0125 0 0 0 0 0
32.9414 0 0 0 0 0
32.8699 0 0 0 0 0
32.7982 0 0 0 0 0
32.7261 0 0 0 0 0
32.6536 0 0 0 0 0
32.5809 0 0 0 0 0
32.5078 0 0 0 0 0
32.4345 0 0 0 0 0
32.3608 0 0 0 0 0
32.2867 0 0 0 0 0
32.2124 0 0 0 0 0
32.1377 0 0 0 0 0
32.0628 0 0 0 0 0
31.9875 0 0 0 0 0
31.9119 0 0 0 0 0
31.8359 0 0 0 0 0
31.7597 0 0 0 0 0
31.6831 0 0 0 0 0
31.6063 0 0 0 0 0
31.5291 0 0 0 0 0
31.4516 0 0 0 0 0
31.3738 0 0 0 0 0
31.2957 0 0 0 0 0
31.2173 0 0 0 0 0
31.1386 0 0 0 0 0
31.0595 0 0 0 0 0
30.9802 0 0 0 0 0
30.9006 0 0 0 0 0
30.8206 0 0 0 0 0
30.7404 0 0 0 0 0
30.6598 0 0 0 0 0
30.5789 0 0 0 0 0
30.4978 0 0 0 0 0
30.4163 0 0 0 0 0
30.3346 0 0 0 0 0
30.2525 0 0 0 0 0
30.1701 0 0 0 0 0
30.0875 0 0 0 0 0
30.0045 0 0 0 0 0
29.9213 0 0 0 0 0
29.8377 0 0 0 0 0
29.7539 0 0 0 0 0
29.6698 0 0 0 0 0
29.5853 0 0 0 0 0
29.5006 0 0 0 0 0
29.4156 0 0 0 0 0
29.3303 0 0 0 0 0
29.2447 0 0 0 0 0
29.1588 0 0 0 0 0
29.0727 0 0 0 0 0
28.9862 0 0 0 0 0
28.8995 0 0 0 0 0
28.8125 0 0 0 0 0
28.7251 0 0 0 0 0
28.6376 0 0 0 0 0
28.5497 0 0 0 0 0
28.4615 0 0 0 0 0
28.3731 0 0 0 0 0
28.2844 0 0 0 0 0
28.1954 0 0 0 0 0
28.1061 0 0 0 0 0
28.0165 0 0 0 0 0
27.9267 0 0 0 0 0
27.8366 0 0 0 0 0
27.7462 0 0 0 0 0
27.6556 0 0 0 0 0
27.5646 0 0 0 0 0
27.4734 0 0 0 0 0
27.382 0 0 0 0 0
27.2902 0 0 0 0 0
27.1982 0 0 0 0 0
27.106 0 0 0 0 0
27.0134 0 0 0 0 0
26.9206 0 0 0 0 0
26.8275 0 0 0 0 0
26.7342 0 0 0 0 0
26.6406 0 0 0 0 0
26.5467 0 0 0 0 0
26.4526 0 0 0 0 0
26.3582 0 0 0 0 0
26.2635 0 0 0 0 0
26.1686 0 0 0 0 0
26.0734 0 0 0 0 0
25.978 0 0 0 0 0
25.8823 0 0 0 0 0
25.7864 0 0 0 0 0
25.6902 0 0 0 0 0
25.5938 0 0 0 0 0
25.4971 0 0 0 0 0
25.4001 0 0 0 0 0
25.3029 0 0 0 0 0
25.2055 0 0 0 0 0
25.1078 0 0 0 0 0
25.0098 0 0 0 0 0
24.9116 0 0 0 0 0
24.8132 0 0 0 0 0
24.7145 0 0 0 0 0
24.6156 0 0 0 0 0
24.5164 0 0 0 0 0
24.417 0 0 0 0 0
24.3173 0 0 0 0 0
24.2174 0 0 0 0 0
24.1173 0 0 0 0 0
24.0169 0 0 0 0 0
23.9163 0 0 0 0 0
23.8155 0 0 0 0 0
23.7144 0 0 0 0 0
23.6131 0 0 0 0 0
23.5115 0 0 0 0 0
23.4097 0 0 0 0 0
23.3077 0 0 0 0 0
23.2055 0 0 0 0 0
23.103 0 0 0 0 0
23.0003 0 0 0 0 0
22.8974 0 0 0 0 0
22.7942 0 0 0 0 0
22.6909 0 0 0 0 0
22.5873 0 0 0 0 0
22.4834 0 0 0 0 0
22.3794 0 0 0 0 0
22.2751 0 0 0 0 0
22.1706 0 0 0 0 0
22.0659 0 0 0 0 0
21.961 0 0 0 0 0
21.8559 0 0 0 0 0
21.7505 0 0 0 0 0
21.645 0 0 0 0 0
21.5392 0 0 0 0 0
21.4332 0 0 0 0 0
21.327 0 0 0 0 0
21.2206 0 0 0 0 0
21.1139 0 0 0 0 0
21.0071 0 0 0 0 0
20.9 0 0 0 0 0
20.7928 0 0 0 0 0
20.6853 0 0 0 0 0
20.5777 0 0 0 0 0
20.4698 0 0 0 0 0
20.3618 0 0 0 0 0
20.2535 0 0 0 0 0
20.145 0 0 0 0 0
20.0364 0 0 0 0 0
19.9275 0 0 0 0 0
19.8185 0 0 0 0 0
19.7092 0 0 0 0 0
19.5998 0 0 0 0 0
19.4901 0 0 0 0 0
19.3803 0 0 0 0 0
19.2703 0 0 0 0 0
19.16 0 0 0 0 0
19.0496 0 0 0 0 0
18.939 0 0 0 0 0
18.8283 0 0 0 0 0
18.7173 0 0 0 0 0
18.6061 0 0 0 0 0
18.4947 0 0 0 0 0
18.3832 0 0 0 0 0
18.2715 0 0 0 0 0
18.1596 0 0 0 0 0
18.0476 0 0 0 0 0
17.9353 0 0 0 0 0
17.8229 0 0 0 0 0
17.7103 0 0 0 0 0
17.5976 0 0 0 0 0
17.4846 0 0 0 0 0
17.3715 0 0 0 0 0
17.2583 0 0 0 0 0
17.1448 0 0 0 0 0
17.0312 0 0 0 0 0
16.9174 0 0 0 0 0
16.8034 0 0 0 0 0
16.6893 0 0 0 0 0
16.575 0 0 0 0 0
16.4606 0 0 0 0 0
16.346 0 0 0 0 0
16.2312 0 0 0 0 0
16.1163 0 0 0 0 0
16.0012 0 0 0 0 0
15.8859 0 0 0 0 0
15.7705 0 0 0 0 0
15.655 0 0 0 0 0
15.5392 0 0 0 0 0
15.4234 0 0 0 0 0
15.3074 0 0 0 0 0
15.1912 0 0 0 0 0
15.0749 0 0 0 0 0
14.9584 0 0 0 0 0
14.8418 0 0 0 0 0
14.725 0 0 0 0 0
14.6081 0 0 0 0 0
14.491 0 0 0 0 0
14.3738 0 0 0 0 0
14.2565 0 0 0 0 0
14.139 0 0 0 0 0
14.0214 0 0 0 0 0
13.9036 0 0 0 0 0
13.7857 0 0 0 0 0
13.6677 0 0 0 0 0
13.5495 0 0 0 0 0
13.4312 0 0 0 0 0
13.3128 0 0 0 0 0
13.1942 0 0 0 0 0
13.0755 0 0 0 0 0
12.9567 0 0 0 0 0
12.8378 0 0 0 0 0
12.7187 0 0 0 0 0
12.5995 0 0 0 0 0
12.4801 0 0 0 0 0
12.3607 0 0 0 0 0
12.2411 0 0 0 0 0
12.1214 0 0 0 0 0
12.0016 0 0 0 0 0
11.8817 0 0 0 0 0
11.7616 0 0 0 0 0
11.6415 0 0 0 0 0
11.5212 0 0 0 0 0
11.4008 0 0 0 0 0
11.2803 0 0 0 0 0
11.1597 0 0 0 0 0
11.0389 0 0 0 0 0
10.9181 0 0 0 0 0
10.7971 0 0 0 0 0
10.6761 0 0 0 0 0
10.5549 0 0 0 0 0
10.4337 0 0 0 0 0
10.3123 0 0 0 0 0
10.1908 0 0 0 0 0
10.0693 0 0 0 0 0
9.94761 0 0 0 0 0
9.82585 0 0 0 0 0
9.70398 0 0 0 0 0
9.58203 0 0 0 0 0
9.45998 0 0 0 0 0
9.33783 0 0 0 0 0
9.21559 0 0 0 0 0
9.09326 0 0 0 0 0
8.97085 0 0 0 0 0
8.84834 0 0 0 0 0
8.72574 0 0 0 0 0
8.60306 0 0 0 0 0
8.4803 0 0 0 0 0
8.35745 0 0 0 0 0
8.23452 0 0 0 0 0
8.11151 0 0 0 0 0
7.98841 0 0 0 0 0
7.86524 0 0 0 0 0
7.74199 0 0 0 0 0
7.61867 0 0 0 0 0
7.49527 0 0 0 0 0
7.37179 0 0 0 0 0
7.24824 0 0 0 0 0
7.12463 0 0 0 0 0
7.00094 0 0 0 0 0
6.87718 0 0 0 0 0
6.75335 0 0 0 0 0
6.62946 0 0 0 0 0
6.5055 0 0 0 0 0
6.38148 0 0 0 0 0
6.25739 0 0 0 0 0
6.13325 0 0 0 0 0
6.00904 0 0 0 0 0
5.88477 0 0 0 0 0
5.76045 0 0 0 0 0
5.63606 0 0 0 0 0
5.51163 0 0 0 0 0
5.38713 0 0 0 0 0
5.26259 0 0 0 0 0
5.13799 0 0 0 0 0
5.01334 0 0 0 0 0
4.88865 0 0 0 0 0
4.7639 0 0 0 0 0
4.63911 0 0 0 0 0
4.51427 0 0 0 0 0
4.38939 0 0 0 0 0
4.26446 0 0 0 0 0
4.13949 0 0 0 0 0
4.01448 0 0 0 0 0
3.88943 0 0 0 0 0
3.76435 0 0 0 0 0
3.63922 0 0 0 0 0
3.51406 0 0 0 0 0
3.38887 0 0 0 0 0
3.26364 0 0 0 0 0
3.13838 0 0 0 0 0
3.01308 0 0 0 0 0
2.88776 0 0 0 0 0
2.76241 0 0 0 0 0
2.63704 0 0 0 0 0
2.51163 0 0 0 0 0
2.38621 0 0 0 0 0
2.26075 0 0 0 0 0
2.13528 0 0 0 0 0
2.00978 0 0 0 0 0
1.88427 0 0 0 0 0
1.75874 0 0 0 0 0
1.63319 0 0 0 0 0
1.50762 0 0 0 0 0
1.38204 0 0 0 0 0
1.25644 0 0 0 0 0
1.13083 0 0 0 0 0
1.00522 0 0 0 0 0
0.879587 0 0 0 0 0
0.753949 0 0 0 0 0
0.628304 0 0 0 0 0
0.502653 0 0 0 0 0
0.376997 0 0 0 0 0
0.251337 0 0 0 0 0
0.125675 0 0 0 0 0
1.13268e-05 0 0 0 0 0
-0.125652 0 0 0 0 0
-0.251315 0 0 0 0 0
-0.376974 0 0 0 0 0
-0.50263 0 0 0 0 0
-0.628282 0 0 0 0 0
-0.753927 0 0 0 0 0
-0.879564 0 0 0 0 0
-1.00519 0 0 0 0 0
-1.13081 0 0 0 0 0
-1.25642 0 0 0 0 0
-1.38201 0 0 0 0 0
-1.5076 0 0 0 0 0
-1.63316 0 0 0 0 0
-1.75871 0 0 0 0 0
-1.88425 0 0 0 0 0
-2.00976 0 0 0 0 0
-2.13526 0 0 0 0 0
-2.26073 0 0 0 0 0
-2.38618 0 0 0 0 0
-2.51161 0 0 0 0 0
-2.63701 0 0 0 0 0
-2.76239 0 0 0 0 0
-2.88774 0 0 0 0 0
-3.01306 0 0 0 0 0
-3.13835 0 0 0 0 0
-3.26361 0 0 0 0 0
-3.38884 0 0 0 0 0
-3.51404 0 0 0 0 0
-3.6392 0 0 0 0 0
-3.76432 0 0 0 0 0
-3.88941 0 0 0 0 0
-4.01446 0 0 0 0 0
-4.13947 0 0 0 0 0
-4.26444 0 0 0 0 0
-4.38936 0 0 0 0 0
-4.51425 0 0 0 0 0
-4.63908 0 0 0 0 0
-4.76388 0 0 0 0 0
-4.88862 0 0 0 0 0
-5.01332 0 0 0 0 0
-5.13797 0 0 0 0 0
-5.26257 0 0 0 0 0
-5.38711 0 0 0 0 0
-5.5116 0 0 0 0 0
-5.63604 0 0 0 0 0
-5.76042 0 0 0 0 0
-5.88475 0 0 0 0 0
-6.00902 0 0 0 0 0
-6.13322 0 0 0 0 0
-6.25737 0 0 0 0 0
-6.38146 0 0 0 0 0
-6.50548 0 0 0 0 0
-6.62944 0 0 0 0 0
-6.75333 0 0 0 0 0
-6.87716 0 0 0 0 0
-7.00091 0 0 0 0 0
-7.1246 0 0 0 0 0
-7.24822 0 0 0 0 0
-7.37177 0 0 0 0 0
-7.49524 0 0 0 0 0
-7.61865 0 0 0 0 0
-7.74197 0 0 0 0 0
-7.86522 0 0 0 0 0
-7.98839 0 0 0 0 0
-8.11148 0 0 0 0 0
-8.2345 0 0 0 0 0
-8.35743 0 0 0 0 0
-8.48028 0 0 0 0 0
-8.60304 0 0 0 0 0
-8.72572 0 0 0 0 0
-8.84832 0 0 0 0 0
-8.97082 0 0 0 0 0
-9.09324 0 0 0 0 0
-9.21557 0 0 0 0 0
-9.33781 0 0 0 0 0
-9.45995 0 0 0 0 0
-9.58201 0 0 0 0 0
-9.70396 0 0 0 0 0
-9.82582 0 0 0 0 0
-9.94759 0 0 0 0 0
-10.0693 0 0 0 0 0
-10.1908 0 0 0 0 0
-10.3123 0 0 0 0 0
-10.4337 0 0 0 0 0
-10.5549 0 0 0 0 0
-10.6761 0 0 0 0 0
-10.7971 0 0 0 0 0
-10.9181 0 0 0 0 0
-11.0389 0 0 0 0 0
-11.1596 0 0 0 0 0
-11.2803 0 0 0 0 0
-11.4008 0 0 0 0 0
-11.5212 0 0 0 0 0
-11.6414 0 0 0 0 0
-11.7616 0 0 0 0 0
-11.8817 0 0 0 0 0
-12.0016 0 0 0 0 0
-12.1214 0 0 0 0 0
-12.2411 0 0 0 0 0
-12.3607 0 0 0 0 0
-12.4801 0 0 0 0 0
-12.5995 0 0 0 0 0
-12.7187 0 0 0 0 0
-12.8377 0 0 0 0 0
-12.9567 0 0 0 0 0
-13.0755 0 0 0 0 0
-13.1942 0 0 0 0 0
-13.3128 0 0 0 0 0
-13.4312 0 0 0 0 0
-13.5495 0 0 0 0 0
-13.6677 0 0 0 0 0
-13.7857 0 0 0 0 0
-13.9036 0 0 0 0 0
-14.0214 0 0 0 0 0
-14.139 0 0 0 0 0
-14.2565 0 0 0 0 0
-14.3738 0 0 0 0 0
-14.491 0 0 0 0 0
-14.6081 0 0 0 0 0
-14.725 0 0 0 0 0
-14.8417 0 0 0 0 0
-14.9584 0 0 0 0 0
-15.0748 0 0 0 0 0
-15.1912 0 0 0 0 0
-15.3073 0 0 0 0 0
-15.4234 0 0 0 0 0
-15.5392 0 0 0 0 0
-15.6549 0 0 0 0 0
-15.7705 0 0 0 0 0
-15.8859 0 0 0 0 0
-16.0012 0 0 0 0 0
-16.1163 0 0 0 0 0
-16.2312 0 0 0 0 0
-16.346 0 0 0 0 0
-16.4606 0 0 0 0 0
-16.575 0 0 0 0 0
-16.6893 0 0 0 0 0
-16.8034 0 0 0 0 0
-16.9174 0 0 0 0 0
-17.0312 0 0 0 0 0
-17.1448 0 0 0 0 0
-17.2582 0 0 0 0 0
-17.3715 0 0 0 0 0
-17.4846 0 0 0 0 0
-17.5976 0 0 0 0 0
-17.7103 0 0 0 0 0
-17.8229 0 0 0 0 0
-17.9353 0 0 0 0 0
-18.0476 0 0 0 0 0
-18.1596 0 0 0 0 0
-18.2715 0 0 0 0 0
-18.3832 0 0 0 0 0
-18.4947 0 0 0 0 0
-18.606 0 0 0 0 0
-18.7172 0 0 0 0 0
-18.8281 0 0 0 0 0
-18.9388 0 0 0 0 0
-19.0494 0 0 0 0 0
-19.1598 0 0 0 0 0
-19.2701 0 0 0 0 0
-19.3801 0 0 0 0 0
-19.4899 0 0 0 0 0
-19.5996 0 0 0 0 0
-19.709 0 0 0 0 0
-19.8183 0 0 0 0 0
-19.9273 0 0 0 0 0
-20.0362 0 0 0 0 0
-20.1448 0 0 0 0 0
-20.2533 0 0 0 0 0
-20.3616 0 0 0 0 0
-20.4696 0 0 0 0 0
-20.5775 0 0 0 0 0
-20.6852 0 0 0 0 0
-20.7926 0 0 0 0 0
-20.8999 0 0 0 0 0
-21.0069 0 0 0 0 0
-21.1137 0 0 0 0 0
-21.2204 0 0 0 0 0
-21.3268 0 0 0 0 0
-21.433 0 0 0 0 0
-21.539 0 0 0 0 0
-21.6448 0 0 0 0 0
-21.7503 0 0 0 0 0
-21.8557 0 0 0 0 0
-21.9608 0 0 0 0 0
-22.0658 0 0 0 0 0
-22.1705 0 0 0 0 0
-22.2749 0 0 0 0 0
-22.3792 0 0 0 0 0
-22.4833 0 0 0 0 0
-22.5871 0 0 0 0 0
-22.6907 0 0 0 0 0
-22.7941 0 0 0 0 0
-22.8972 0 0 0 0 0
-23.0001 0 0 0 0 0
-23.1028 0 0 0 0 0
-23.2053 0 0 0 0 0
-23.3075 0 0 0 0 0
-23.4095 0 0 0 0 0
-23.5113 0 0 0 0 0
-23.6129 0 0 0 0 0
-23.7142 0 0 0 0 0
-23.8153 0 0 0 0 0
-23.9161 0 0 0 0 0
-24.0167 0 0 0 0 0
-24.1171 0 0 0 0 0
-24.2172 0 0 0 0 0
-24.3171 0 0 0 0 0
-24.4168 0 0 0 0 0
-24.5162 0 0 0 0 0
-24.6154 0 0 0 0 0
-24.7143 0 0 0 0 0
-24.813 0 0 0 0 0
-24.9114 0 0 0 0 0
-25.0096 0 0 0 0 0
-25.1076 0 0 0 0 0
-25.2053 0 0 0 0 0
-25.3027 0 0 0 0 0
-25.3999 0 0 0 0 0
-25.4969 0 0 0 0 0
-25.5936 0 0 0 0 0
-25.69 0 0 0 0 0
-25.7862 0 0 0 0 0
-25.8822 0 0 0 0 0
-25.9778 0 0 0 0 0
-26.0733 0 0 0 0 0
-26.1684 0 0 0 0 0
-26.2634 0 0 0 0 0
-26.358 0 0 0 0 0
-26.4524 0 0 0 0 0
-26.5465 0 0 0 0 0
-26.6404 0 0 0 0 0
-26.734 0 0 0 0 0
-26.8274 0 0 0 0 0
-26.9204 0 0 0 0 0
-27.0132 0 0 0 0 0
-27.1058 0 0 0 0 0
-27.1981 0 0 0 0 0
-27.2901 0 0 0 0 0
-27.3818 0 0 0 0 0
-27.4733 0 0 0 0 0
-27.5645 0 0 0 0 0
-27.6554 0 0 0 0 0
-27.7461 0 0 0 0 0
-27.8364 0 0 0 0 0
-27.9265 0 0 0 0 0
-28.0164 0 0 0 0 0
-28.1059 0 0 0 0 0
-28.1952 0 0 0 0 0
-28.2842 0 0 0 0 0
-28.3729 0 0 0 0 0
-28.4614 0 0 0 0 0
-28.5495 0 0 0 0 0
-28.6374 0 0 0 0 0
-28.725 0 0 0 0 0
-28.8123 0 0 0 0 0
-28.8993 0 0 0 0 0
-28.9861 0 0 0 0 0
-29.0725 0 0 0 0 0
-29.1587 0 0 0 0 0
-29.2446 0 0 0 0 0
-29.3301 0 0 0 0 0
-29.4155 0 0 0 0 0
-29.5005 0 0 0 0 0
-29.5852 0 0 0 0 0
-29.6696 0 0 0 0 0
-29.7537 0 0 0 0 0
-29.8376 0 0 0 0 0
-29.9211 0 0 0 0 0
-30.0044 0 0 0 0 0
-30.0873 0 0 0 0 0
-30.17 0 0 0 0 0
-30.2524 0 0 0 0 0
-30.3344 0 0 0 0 0
-30.4162 0 0 0 0 0
-30.4976 0 0 0 0 0
-30.5788 0 0 0 0 0
-30.6597 0 0 0 0 0
-30.7402 0 0 0 0 0
-30.8205 0 0 0 0 0
-30.9004 0 0 0 0 0
-30.9801 0 0 0 0 0
-31.0594 0 0 0 0 0
-31.1384 0 0 0 0 0
-31.2172 0 0 0 0 0
-31.2956 0 0 0 0 0
-31.3737 0 0 0 0 0
-31.4515 0 0 0 0 0
-31.529 0 0 0 0 0
-31.6061 0 0 0 0 0
-31.683 0 0 0 0 0
-31.7596 0 0 0 0 0
-31.8358 0 0 0 0 0
-31.9117 0 0 0 0 0
-31.9873 0 0 0 0 0
-32.0626 0 0 0 0 0
-32.1376 0 0 0 0 0
-32.2123 0 0 0 0 0
-32.2866 0 0 0 0 0
-32.3606 0 0 0 0 0
-32.4343 0 0 0 0 0
-32.5077 0 0 0 0 0
-32.5808 0 0 0 0 0
-32.6535 0 0 0 0 0
-32.7259 0 0 0 0 0
-32.798 0 0 0 0 0
-32.8698 0 0 0 0 0
-32.9413 0 0 0 0 0
-33.0124 0 0 0 0 0
-33.0832 0 0 0 0 0
-33.1536 0 0 0 0 0
-33.2238 0 0 0 0 0
-33.2936 0 0 0 0 0
-33.3631 0 0 0 0 0
-33.4322 0 0 0 0 0
-33.5011 0 0 0 0 0
-33.5696 0 0 0 0 0
-33.6377 0 0 0 0 0
-33.7056 0 0 0 0 0
-33.7731 0 0 0 0 0
-33.8402 0 0 0 0 0
-33.9071 0 0 0 0 0
-33.9736 0 0 0 0 0
-34.0397 0 0 0 0 0
-34.1056 0 0 0 0 0
-34.1711 0 0 0 0 0
-34.2362 0 0 0 0 0
-34.301 0 0 0 0 0
-34.3655 0 0 0 0 0
-34.4296 0 0 0 0 0
-34.4934 0 0 0 0 0
-34.5569 0 0 0 0 0
-34.62 0 0 0 0 0
-34.6828 0 0 0 0 0
-34.7452 0 0 0 0 0
-34.8073 0 0 0 0 0
-34.8691 0 0 0 0 0
-34.9305 0 0 0 0 0
-34.9915 0 0 0 0 0
-35.0522 0 0 0 0 0
-35.1126 0 0 0 0 0
-35.1726 0 0 0 0 0
-35.2323 0 0 0 0 0
-35.2916 0 0 0 0 0
-35.3506 0 0 0 0 0
-35.4092 0 0 0 0 0
-35.4675 0 0 0 0 0
-35.5254 0 0 0 0 0
-35.583 0 0 0 0 0
-35.6402 0 0 0 0 0
-35.6971 0 0 0 0 0
-35.7536 0 0 0 0 0
-35.8098 0 0 0 0 0
-35.8656 0 0 0 0 0
-35.9211 0 0 0 0 0
-35.9762 0 0 0 0 0
-36.0309 0 0 0 0 0
-36.0853 0 0 0 0 0
-36.1394 0 0 0 0 0
-36.193 0 0 0 0 0
-36.2464 0 0 0 0 0
-36.2993 0 0 0 0 0
-36.352 0 0 0 0 0
-36.4042 0 0 0 0 0
-36.4561 0 0 0 0 0
-36.5076 0 0 0 0 0
-36.5588 0 0 0 0 0
-36.6096 0 0 0 0 0
-36.6601 0 0 0 0 0
-36.7102 0 0 0 0 0
-36.7599 0 0 0 0 0
-36.8092 0 0 0 0 0
-36.8582 0 0 0 0 0
-36.9069 0 0 0 0 0
-36.9552 0 0 0 0 0
-37.0031 0 0 0 0 0
-37.0506 0 0 0 0 0
-37.0978 0 0 0 0 0
-37.1446 0 0 0 0 0
-37.191 0 0 0 0 0
-37.2371 0 0 0 0 0
-37.2828 0 0 0 0 0
-37.3282 0 0 0 0 0
-37.3731 0 0 0 0 0
-37.4177 0 0 0 0 0
-37.462 0 0 0 0 0
-37.5058 0 0 0 0 0
-37.5493 0 0 0 0 0
-37.5925 0 0 0 0 0
-37.6352 0 0 0 0 0
-37.6776 0 0 0 0 0
-37.7196 0 0 0 0 0
-37.7612 0 0 0 0 0
-37.8025 0 0 0 0 0
-37.8434 0 0 0 0 0
-37.8839 0 0 0 0 0
-37.9241 0 0 0 0 0
-37.9638 0 0 0 0 0
-38.0032 0 0 0 0 0
-38.0422 0 0 0 0 0
-38.0809 0 0 0 0 0
-38.1192 0 0 0 0 0
-38.157 0 0 0 0 0
-38.1946 0 0 0 0 0
-38.2317 0 0 0 0 0
-38.2685 0 0 0 0 0
-38.3049 0 0 0 0 0
-38.3409 0 0 0 0 0
-38.3765 0 0 0 0 0
-38.4117 0 0 0 0 0
-38.4466 0 0 0 0 0
-38.4811 0 0 0 0 0
-38.5152 0 0 0 0 0
-38.5489 0 0 0 0 0
-38.5823 0 0 0 0 0
-38.6153 0 0 0 0 0
-38.6478 0 0 0 0 0
-38.68 0 0 0 0 0
-38.7119 0 0 0 0 0
-38.7433 0 0 0 0 0
-38.7744 0 0 0 0 0
-38.8051 0 0 0 0 0
-38.8353 0 0 0 0 0
-38.8653 0 0 0 0 0
-38.8948 0 0 0 0 0
-38.9239 0 0 0 0 0
-38.9527 0 0 0 0 0
-38.9811 0 0 0 0 0
-39.0091 0 0 0 0 0
-39.0367 0 0 0 0 0
-39.0639 0 0 0 0 0
-39.0907 0 0 0 0 0
-39.1172 0 0 0 0 0
-39.1432 0 0 0 0 0
-39.1689 0 0 0 0 0
-39.1942 0 0 0 0 0
-39.2191 0 0 0 0 0
-39.2436 0 0 0 0 0
-39.2677 0 0 0 0 0
-39.2915 0 0 0 0 0
-39.3148 0 0 0 0 0
-39.3378 0 0 0 0 0
-39.3604 0 0 0 0 0
-39.3826 0 0 0 0 0
-39.4044 0 0 0 0 0
-39.4258 0 0 0 0 0
-39.4468 0 0 0 0 0
-39.4674 0 0 0 0 0
-39.4877 0 0 0 0 0
-39.5075 0 0 0 0 0
-39.527 0 0 0 0 0
-39.5461 0 0 0 0 0
-39.5648 0 0 0 0 0
-39.583 0 0 0 0 0
-39.6009 0 0 0 0 0
-39.6185 0 0 0 0 0
-39.6356 0 0 0 0 0
-39.6523 0 0 0 0 0
-39.6686 0 0 0 0 0
-39.6846 0 0 0 0 0
-39.7001 0 0 0 0 0
-39.7153 0 0 0 0 0
-39.7301 0 0 0 0 0
-39.7445 0 0 0 0 0
-39.7584 0 0 0 0 0
-39.772 0 0 0 0 0
-39.7852 0 0 0 0 0
-39.798 0 0 0 0 0
-39.8105 0 0 0 0 0
-39.8225 0 0 0 0 0
-39.8341 0 0 0 0 0
-39.8454 0 0 0 0 0
-39.8561 0 0 0 0 0
-39.8666 0 0 0 0 0
-39.8766 0 0 0 0 0
-39.8863 0 0 0 0 0
-39.8956 0 0 0 0 0
-39.9044 0 0 0 0 0
-39.9129 0 0 0 0 0
-39.921 0 0 0 0 0
-39.9287 0 0 0 0 0
-39.936 0 0 0 0 0
-39.9429 0 0 0 0 0
-39.9494 0 0 0 0 0
-39.9556 0 0 0 0 0
-39.9613 0 0 0 0 0
-39.9666 0 0 0 0 0
-39.9716 0 0 0 0 0
-39.9761 0 0 0 0 0
-39.9802 0 0 0 0 0
-39.984 0 0 0 0 0
-39.9874 0 0 0 0 0
-39.9903 0 0 0 0 0
-39.9929 0 0 0 0 0
-39.9951 0 0 0 0 0
-39.9968 0 0 0 0 0
-39.9982 0 0 0 0 0
-39.9991 0 0 0 0 0
-39.9998 0 0 0 0 0
-40 0 0 0 0 0
-39.9998 0 0 0 0 0
-39.9993 0 0 0 0 0
-39.9983 0 0 0 0 0
-39.9969 0 0 0 0 0
-39.9951 0 0 0 0 0
-39.9929 0 0 0 0 0
-39.9904 0 0 0 0 0
-39.9874 0 0 0 0 0
-39.9841 0 0 0 0 0
-39.9803 0 0 0 0 0
-39.9762 0 0 0 0 0
-39.9716 0 0 0 0 0
-39.9667 0 0 0 0 0
-39.9614 0 0 0 0 0
-39.9557 0 0 0 0 0
-39.9496 0 0 0 0 0
-39.943 0 0 0 0 0
-39.9361 0 0 0 0 0
-39.9288 0 0 0 0 0
-39.9212 0 0 0 0 0
-39.9131 0 0 0 0 0
-39.9046 0 0 0 0 0
-39.8957 0 0 0 0 0
-39.8865 0 0 0 0 0
-39.8768 0 0 0 0 0
-39.8667 0 0 0 0 0
-39.8563 0 0 0 0 0
-39.8455 0 0 0 0 0
-39.8341 0 0 0 0 0
-39.8225 0 0 0 0 0
-39.8105 0 0 0 0 0
-39.7981 0 0 0 0 0
-39.7853 0 0 0 0 0
-39.7721 0 0 0 0 0
-39.7585 0 0 0 0 0
-39.7445 0 0 0 0 0
-39.7301 0 0 0 0 0
-39.7153 0 0 0 0 0
-39.7002 0 0 0 0 0
-39.6846 0 0 0 0 0
-39.6687 0 0 0 0 0
-39.6523 0 0 0 0 0
-39.6356 0 0 0 0 0
-39.6185 0 0 0 0 0
-39.601 0 0 0 0 0
-39.5831 0 0 0 0 0
-39.5648 0 0 0 0 0
-39.5461 0 0 0 0 0
-39.527 0 0 0 0 0
-39.5076 0 0 0 0 0
-39.4877 0 0 0 0 0
-39.4675 0 0 0 0 0
-39.4468 0 0 0 0 0
-39.4258 0 0 0 0 0
-39.4044 0 0 0 0 0
-39.3826 0 0 0 0 0
-39.3604 0 0 0 0 0
-39.3378 0 0 0 0 0
-39.3149 0 0 0 0 0
-39.2915 0 0 0 0 0
-39.2678 0 0 0 0 0
-39.2437 0 0 0 0 0
-39.2191 0 0 0 0 0
-39.1942 0 0 0 0 0
-39.169 0 0 0 0 0
-39.1433 0 0 0 0 0
-39.1172 0 0 0 0 0
-39.0908 0 0 0 0 0
-39.0639 0 0 0 0 0
-39.0367 0 0 0 0 0
-39.0091 0 0 0 0 0
-38.9811 0 0 0 0 0
-38.9527 0 0 0 0 0
-38.924 0 0 0 0 0
-38.8948 0 0 0 0 0
-38.8653 0 0 0 0 0
-38.8354 0 0 0 0 0
-38.8051 0 0 0 0 0
-38.7744 0 0 0 0 0
-38.7434 0 0 0 0 0
-38.7119 0 0 0 0 0
-38.6801 0 0 0 0 0
-38.6479 0 0 0 0 0
-38.6153 0 0 0 0 0
-38.5823 0 0 0 0 0
-38.549 0 0 0 0 0
-38.5153 0 0 0 0 0
-38.4812 0 0 0 0 0
-38.4467 0 0 0 0 0
-38.4118 0 0 0 0 0
-38.3765 0 0 0 0 0
-38.3409 0 0 0 0 0
-38.3049 0 0 0 0 0
-38.2685 0 0 0 0 0
-38.2318 0 0 0 0 0
-38.1946 0 0 0 0 0
-38.1571 0 0 0 0 0
-38.1192 0 0 0 0 0
-38.081 0 0 0 0 0
-38.0423 0 0 0 0 0
-38.0033 0 0 0 0 0
-37.9639 0 0 0 0 0
-37.9241 0 0 0 0 0
-37.884 0 0 0 0 0
-37.8435 0 0 0 0 0
-37.8026 0 0 0 0 0
-37.7613 0 0 0 0 0
-37.7197 0 0 0 0 0
-37.6777 0 0 0 0 0
-37.6353 0 0 0 0 0
-37.5925 0 0 0 0 0
-37.5494 0 0 0 0 0
-37.5059 0 0 0 0 0
-37.4621 0 0 0 0 0
-37.4178 0 0 0 0 0
-37.3732 0 0 0 0 0
-37.3282 0 0 0 0 0
-37.2829 0 0 0 0 0
-37.2372 0 0 0 0 0
-37.1911 0 0 0 0 0
-37.1447 0 0 0 0 0
-37.0979 0 0 0 0 0
-37.0507 0 0 0 0 0
-37.0031 0 0 0 0 0
-36.9552 0 0 0 0 0
-36.907 0 0 0 0 0
-36.8583 0 0 0 0 0
-36.8093 0 0 0 0 0
-36.76 0 0 0 0 0
-36.7102 0 0 0 0 0
-36.6602 0 0 0 0 0
-36.6097 0 0 0 0 0
-36.5589 0 0 0 0 0
-36.5077 0 0 0 0 0
-36.4562 0 0 0 0 0
-36.4043 0 0 0 0 0
-36.3521 0 0 0 0 0
-36.2994 0 0 0 0 0
-36.2465 0 0 0 0 0
-36.1931 0 0 0 0 0
-36.1395 0 0 0 0 0
-36.0854 0 0 0 0 0
-36.031 0 0 0 0 0
-35.9763 0 0 0 0 0
-35.9212 0 0 0 0 0
-35.8657 0 0 0 0 0
-35.8099 0 0 0 0 0
-35.7537 0 0 0 0 0
-35.6972 0 0 0 0 0
-35.6403 0 0 0 0 0
-35.5831 0 0 0 0 0
-35.5255 0 0 0 0 0
-35.4676 0 0 0 0 0
-35.4093 0 0 0 0 0
-35.3507 0 0 0 0 0
-35.2917 0 0 0 0 0
-35.2324 0 0 0 0 0
-35.1727 0 0 0 0 0
-35.1127 0 0 0 0 0
-35.0523 0 0 0 0 0
-34.9916 0 0 0 0 0
-34.9306 0 0 0 0 0
-34.8692 0 0 0 0 0
-34.8074 0 0 0 0 0
-34.7453 0 0 0 0 0
-34.6829 0 0 0 0 0
-34.6201 0 0 0 0 0
-34.557 0 0 0 0 0
-34.4936 0 0 0 0 0
-34.4298 0 0 0 0 0
-34.3656 0 0 0 0 0
-34.3011 0 0 0 0 0
-34.2363 0 0 0 0 0
-34.1712 0 0 0 0 0
-34.1057 0 0 0 0 0
-34.0399 0 0 0 0 0
-33.9737 0 0 0 0 0
-33.9072 0 0 0 0 0
-33.8404 0 0 0 0 0
-33.7732 0 0 0 0 0
-33.7057 0 0 0 0 0
-33.6379 0 0 0 0 0
-33.5697 0 0 0 0 0
-33.5012 0 0 0 0 0
-33.4324 0 0 0 0 0
-33.3632 0 0 0 0 0
-33.2937 0 0 0 0 0
-33.2239 0 0 0 0 0
-33.1538 0 0 0 0 0
-33.0833 0 0 0 0 0
-33.0125 0 0 0 0 0
-32.9414 0 0 0 0 0
-32.8699 0 0 0 0 0
-32.7982 0 0 0 0 0
-32.7261 0 0 0 0 0
-32.6536 0 0 0 0 0
-32.5809 0 0 0 0 0
-32.5078 0 0 0 0 0
-32.4345 0 0 0 0 0
-32.3608 0 0 0 0 0
-32.2867 0 0 0 0 0
-32.2124 0 0 0 0 0
-32.1377 0 0 0 0 0
-32.0628 0 0 0 0 0
-31.9875 0 0 0 0 0
-31.9119 0 0 0 0 0
-31.8359 0 0 0 0 0
-31.7597 0 0 0 0 0
-31.6831 0 0 0 0 0
-31.6063 0 0 0 0 0
-31.5291 0 0 0 0 0
-31.4516 0 0 0 0 0
-31.3738 0 0 0 0 0
-31.2957 0 0 0 0 0
-31.2173 0 0 0 0 0
-31.1386 0 0 0 0 0
-31.0595 0 0 0 0 0
-30.9802 0 0 0 0 0
-30.9006 0 0 0 0 0
-30.8206 0 0 0 0 0
-30.7404 0 0 0 0 0
-30.6598 0 0 0 0 0
-30.5789 0 0 0 0 0
-30.4978 0 0 0 0 0
-30.4163 0 0 0 0 0
-30.3346 0 0 0 0 0
-30.2525 0 0 0 0 0
-30.1701 0 0 0 0 0
-30.0875 0 0 0 0 0
-30.0045 0 0 0 0 0
-29.9213 0 0 0 0 0
-29.8377 0 0 0 0 0
-29.7539 0 0 0 0 0
-29.6698 0 0 0 0 0
-29.5853 0 0 0 0 0
-29.5006 0 0 0 0 0
-29.4156 0 0 0 0 0
-29.3303 0 0 0 0 0
-29.2447 0 0 0 0 0
-29.1588 0 0 0 0 0
-29.0727 0 0 0 0 0
-28.9862 0 0 0 0 0
-28.8995 0 0 0 0 0
-28.8125 0 0 0 0 0
-28.7251 0 0 0 0 0
-28.6376 0 0 0 0 0
-28.5497 0 0 0 0 0
-28.4615 0 0 0 0 0
-28.3731 0 0 0 0 0
-28.2844 0 0 0 0 0
-28.1954 0 0 0 0 0
-28.1061 0 0 0 0 0
-28.0165 0 0 0 0 0
-27.9267 0 0 0 0 0
-27.8366 0 0 0 0 0
-27.7462 0 0 0 0 0
-27.6556 0 0 0 0 0
-27.5646 0 0 0 0 0
-27.4734 0 0 0 0 0
-27.382 0 0 0 0 0
-27.2902 0 0 0 0 0
-27.1982 0 0 0 0 0
-27.106 0 0 0 0 0
-27.0134 0 0 0 0 0
-26.9206 0 0 0 0 0
-26.8275 0 0 0 0 0
-26.7342 0 0 0 0 0
-26.6406 0 0 0 0 0
-26.5467 0 0 0 0 0
-26.4526 0 0 0 0 0
-26.3582 0 0 0 0 0
-26.2635 0 0 0 0 0
-26.1686 0 0 0 0 0
-26.0734 0 0 0 0 0
-25.978 0 0 0 0 0
-25.8823 0 0 0 0 0
-25.7864 0 0 0 0 0
-25.6902 0 0 0 0 0
-25.5938 0 0 0 0 0
-25.4971 0 0 0 0 0
-25.4001 0 0 0 0 0
-25.3029 0 0 0 0 0
-25.2055 0 0 0 0 0
-25.1078 0 0 0 0 0
-25.0098 0 0 0 0 0
-24.9116 0 0 0 0 0
-24.8132 0 0 0 0 0
-24.7145 0 0 0 0 0
-24.6156 0 0 0 0 0
-24.5164 0 0 0 0 0
-24.417 0 0 0 0 0
-24.3173 0 0 0 0 0
-24.2174 0 0 0 0 0
-24.1173 0 0 0 0 0
-24.0169 0 0 0 0 0
-23.9163 0 0 0 0 0
-23.8155 0 0 0 0 0
-23.7144 0 0 0 0 0
-23.6131 0 0 0 0 0
-23.5115 0 0 0 0 0
-23.4097 0 0 0 0 0
-23.3077 0 0 0 0 0
-23.2055 0 0 0 0 0
-23.103 0 0 0 0 0
-23.0003 0 0 0 0 0
-22.8974 0 0 0 0 0
-22.7942 0 0 0 0 0
-22.6909 0 0 0 0 0
-22.5873 0 0 0 0 0
-22.4834 0 0 0 0 0
-22.3794 0 0 0 0 0
-22.2751 0 0 0 0 0
-22.1706 0 0 0 0 0
-22.0659 0 0 0 0 0
-21.961 0 0 0 0 0
-21.8559 0 0 0 0 0
-21.7505 0 0 0 0 0
-21.645 0 0 0 0 0
-21.5392 0 0 0 0 0
-21.4332 0 0 0 0 0
-21.327 0 0 0 0 0
-21.2206 0 0 0 0 0
-21.1139 0 0 0 0 0
-21.0071 0 0 0 0 0
-20.9 0 0 0 0 0
-20.7928 0 0 0 0 0
-20.6853 0 0 0 0 0
-20.5777 0 0 0 0 0
-20.4698 0 0 0 0 0
-20.3618 0 0 0 0 0
-20.2535 0 0 0 0 0
-20.145 0 0 0 0 0
-20.0364 0 0 0 0 0
-19.9275 0 0 0 0 0
-19.8185 0 0 0 0 0
-19.7092 0 0 0 0 0
-19.5998 0 0 0 0 0
-19.4901 0 0 0 0 0
-19.3803 0 0 0 0 0
-19.2703 0 0 0 0 0
-19.16 0 0 0 0 0
-19.0496 0 0 0 0 0
-18.939 0 0 0 0 0
-18.8283 0 0 0 0 0
-18.7173 0 0 0 0 0
-18.6061 0 0 0 0 0
-18.4947 0 0 0 0 0
-18.3832 0 0 0 0 0
-18.2715 0 0 0 0 0
-18.1596 0 0 0 0 0
-18.0476 0 0 0 0 0
-17.9353 0 0 0 0 0
-17.8229 0 0 0 0 0
-17.7103 0 0 0 0 0
-17.5976 0 0 0 0 0
-17.4846 0 0 0 0 0
-17.3715 0 0 0 0 0
-17.2583 0 0 0 0 0
-17.1448 0 0 0 0 0
-17.0312 0 0 0 0 0
-16.9174 0 0 0 0 0
-16.8034 0 0 0 0 0
-16.6893 0 0 0 0 0
-16.575 0 0 0 0 0
-16.4606 0 0 0 0 0
-16.346 0 0 0 0 0
-16.2312 0 0 0 0 0
-16.1163 0 0 0 0 0
-16.0012 0 0 0 0 0
-15.8859 0 0 0 0 0
-15.7705 0 0 0 0 0
-15.655 0 0 0 0 0
-15.5392 0 0 0 0 0
-15.4234 0 0 0 0 0
-15.3074 0 0 0 0 0
-15.1912 0 0 0 0 0
-15.0749 0 0 0 0 0
-14.9584 0 0 0 0 0
-14.8418 0 0 0 0 0
-14.725 0 0 0 0 0
-14.6081 0 0 0 0 0
-14.491 0 0 0 0 0
-14.3738 0 0 0 0 0
-14.2565 0 0 0 0 0
-14.139 0 0 0 0 0
-14.0214 0 0 0 0 0
-13.9036 0 0 0 0 0
-13.7857 0 0 0 0 0
-13.6677 0 0 0 0 0
-13.5495 0 0 0 0 0
-13.4312 0 0 0 0 0
-13.3128 0 0 0 0 0
-13.1942 0 0 0 0 0
-13.0755 0 0 0 0 0
-12.9567 0 0 0 0 0
-12.8378 0 0 0 0 0
-12.7187 0 0 0 0 0
-12.5995 0 0 0 0 0
-12.4801 0 0 0 0 0
-12.3607 0 0 0 0 0
-12.2411 0 0 0 0 0
-12.1214 0 0 0 0 0
-12.0016 0 0 0 0 0
-11.8817 0 0 0 0 0
-11.7616 0 0 0 0 0
-11.6415 0 0 0 0 0
-11.5212 0 0 0 0 0
-11.4008 0 0 0 0 0
-11.2803 0 0 0 0 0
-11.1597 0 0 0 0 0
-11.0389 0 0 0 0 0
-10.9181 0 0 0 0 0
-10.7971 0 0 0 0 0
-10.6761 0 0 0 0 0
-10.5549 0 0 0 0 0
-10.4337 0 0 0 0 0
-10.3123 0 0 0 0 0
-10.1908 0 0 0 0 0
-10.0693 0 0 0 0 0
-9.94761 0 0 0 0 0
-9.82585 0 0 0 0 0
-9.70398 0 0 0 0 0
-9.58203 0 0 0 0 0
-9.45998 0 0 0 0 0
-9.33783 0 0 0 0 0
-9.21559 0 0 0 0 0
-9.09326 0 0 0 0 0
-8.97085 0 0 0 0 0
-8.84834 0 0 0 0 0
-8.72574 0 0 0 0 0
-8.60306 0 0 0 0 0
-8.4803 0 0 0 0 0
-8.35745 0 0 0 0 0
-8.23452 0 0 0 0 0
-8.11151 0 0 0 0 0
-7.98841 0 0 0 0 0
-7.86524 0 0 0 0 0
-7.74199 0 0 0 0 0
-7.61867 0 0 0 0 0
-7.49527 0 0 0 0 0
-7.37179 0 0 0 0 0
-7.24824 0 0 0 0 0
-7.12463 0 0 0 0 0
-7.00094 0 0 0 0 0
-6.87718 0 0 0 0 0
-6.75335 0 0 0 0 0
-6.62946 0 0 0 0 0
-6.5055 0 0 0 0 0
-6.38148 0 0 0 0 0
-6.25739 0 0 0 0 0
-6.13325 0 0 0 0 0
-6.00904 0 0 0 0 0
-5.88477 0 0 0 0 0
-5.76045 0 0 0 0 0
-5.63606 0 0 0 0 0
-5.51163 0 0 0 0 0
-5.38713 0 0 0 0 0
-5.26259 0 0 0 0 0
-5.13799 0 0 0 0 0
-5.01334 0 0 0 0 0
-4.88865 0 0 0 0 0
-4.7639 0 0 0 0 0
-4.63911 0 0 0 0 0
-4.51427 0 0 0 0 0
-4.38939 0 0 0 0 0
-4.26446 0 0 0 0 0
-4.13949 0 0 0 0 0
-4.01448 0 0 0 0 0
-3.88943 0 0 0 0 0
-3.76435 0 0 0 0 0
-3.63922 0 0 0 0 0
-3.51406 0 0 0 0 0
-3.38887 0 0 0 0 0
-3.26364 0 0 0 0 0
-3.13838 0 0 0 0 0
-3.01308 0 0 0 0 0
-2.88776 0 0 0 0 0
-2.76241 0 0 0 0 0
-2.63704 0 0 0 0 0
-2.51163 0 0 0 0 0
-2.38621 0 0 0 0 0
-2.26075 0 0 0 0 0
-2.13528 0 0 0 0 0
-2.00978 0 0 0 0 0
-1.88427 0 0 0 0 0
-1.75874 0 0 0 0 0
-1.63319 0 0 0 0 0
-1.50762 0 0 0 0 0
-1.38204 0 0 0 0 0
-1.25644 0 0 0 0 0
-1.13083 0 0 0 0 0
-1.00522 0 0 0 0 0
-0.879587 0 0 0 0 0
-0.753949 0 0 0 0 0
-0.628304 0 0 0 0 0
-0.502653 0 0 0 0 0
-0.376997 0 0 0 0 0
-0.251337 0 0 0 0 0
-0.125675 0 0 0 0 0
-1.13268e-05 0 0 0 0 0
